2020-01-18 10:20:20,564 ERROR [http-nio-8080-exec-9] c.b.w.m.api.impl.WxMaServiceImpl [WxMaServiceImpl.java : 257] 
【请求地址】: https://api.weixin.qq.com/sns/jscode2session?access_token=29_o3eGUldVJuaVVVIICCPjF-Pe4B0UyTlOMtY_Pyn3vwG7bwg2oeAWRhVCdokGLtxMITwTJ9D1Gx9B3OwKLioHM7W_8mEBzbnVm7gD1F2Tfwa4xI6D_o9cRxNmsltd8wh9t5K6lyRL7bT2WukhSTIhADABCR
【请求参数】：js_code=001jYKn22pin7U0kvlk22XONn22jYKn-&secret=******&grant_type=authorization_code&appid=wxa5b486c6b918ecfb
【错误信息】：{"errcode":40029,"errmsg":"invalid code, hints: [ req_id: JEIapz4ce-8boPxa ]"}
2020-01-18 10:20:29,278 ERROR [http-nio-8080-exec-10] c.b.w.m.api.impl.WxMaServiceImpl [WxMaServiceImpl.java : 257] 
【请求地址】: https://api.weixin.qq.com/sns/jscode2session?access_token=29_o3eGUldVJuaVVVIICCPjF-Pe4B0UyTlOMtY_Pyn3vwG7bwg2oeAWRhVCdokGLtxMITwTJ9D1Gx9B3OwKLioHM7W_8mEBzbnVm7gD1F2Tfwa4xI6D_o9cRxNmsltd8wh9t5K6lyRL7bT2WukhSTIhADABCR
【请求参数】：js_code=0718hbYf0RAx3t1vLT1g00ckYf08hbYO&secret=******&grant_type=authorization_code&appid=wxa5b486c6b918ecfb
【错误信息】：{"errcode":40029,"errmsg":"invalid code, hints: [ req_id: JEIam44ce-BjwOsA ]"}
2020-01-18 10:20:33,712 ERROR [http-nio-8080-exec-2] c.b.w.m.api.impl.WxMaServiceImpl [WxMaServiceImpl.java : 257] 
【请求地址】: https://api.weixin.qq.com/sns/jscode2session?access_token=29_o3eGUldVJuaVVVIICCPjF-Pe4B0UyTlOMtY_Pyn3vwG7bwg2oeAWRhVCdokGLtxMITwTJ9D1Gx9B3OwKLioHM7W_8mEBzbnVm7gD1F2Tfwa4xI6D_o9cRxNmsltd8wh9t5K6lyRL7bT2WukhSTIhADABCR
【请求参数】：js_code=001DfdHX1nzpeY0uh5EX1KqbHX1DfdHD&secret=******&grant_type=authorization_code&appid=wxa5b486c6b918ecfb
【错误信息】：{"errcode":40029,"errmsg":"invalid code, hints: [ req_id: JEIaP0yFe-jbmJca ]"}
2020-01-18 10:21:29,071 ERROR [http-nio-8080-exec-4] c.b.w.m.api.impl.WxMaServiceImpl [WxMaServiceImpl.java : 257] 
【请求地址】: https://api.weixin.qq.com/sns/jscode2session?access_token=29_o3eGUldVJuaVVVIICCPjF-Pe4B0UyTlOMtY_Pyn3vwG7bwg2oeAWRhVCdokGLtxMITwTJ9D1Gx9B3OwKLioHM7W_8mEBzbnVm7gD1F2Tfwa4xI6D_o9cRxNmsltd8wh9t5K6lyRL7bT2WukhSTIhADABCR
【请求参数】：js_code=081xcz8l1CGEeq0u4H7l15cl8l1xcz80&secret=******&grant_type=authorization_code&appid=wxa5b486c6b918ecfb
【错误信息】：{"errcode":40029,"errmsg":"invalid code, hints: [ req_id: kEIafz4ce-vZZkSa ]"}
2020-01-18 10:36:19,024 ERROR [http-nio-8080-exec-8] c.b.w.m.api.impl.WxMaServiceImpl [WxMaServiceImpl.java : 257] 
【请求地址】: https://api.weixin.qq.com/sns/jscode2session?access_token=29_o3eGUldVJuaVVVIICCPjF-Pe4B0UyTlOMtY_Pyn3vwG7bwg2oeAWRhVCdokGLtxMITwTJ9D1Gx9B3OwKLioHM7W_8mEBzbnVm7gD1F2Tfwa4xI6D_o9cRxNmsltd8wh9t5K6lyRL7bT2WukhSTIhADABCR
【请求参数】：js_code=061ffpxE1wqC150BVavE1sf7xE1ffpxn&secret=******&grant_type=authorization_code&appid=wxa5b486c6b918ecfb
【错误信息】：{"errcode":40029,"errmsg":"invalid code, hints: [ req_id: REIa0qLnRa-vEAVrA ]"}
