2020-01-18 10:13:44,151 INFO [restartedMain] org.linlinjava.litemall.Application [StartupInfoLogger.java : 50] Starting Application on DESKTOP-0QNT9TJ with PID 5116 (D:\jintu\litemall-all\target\classes started by admin in D:\jintu)
2020-01-18 10:13:44,157 DEBUG [restartedMain] org.linlinjava.litemall.Application [StartupInfoLogger.java : 53] Running with Spring Boot v2.1.5.RELEASE, Spring v5.1.7.RELEASE
2020-01-18 10:13:44,157 INFO [restartedMain] org.linlinjava.litemall.Application [SpringApplication.java : 679] The following profiles are active: db,core,admin,wx
2020-01-18 10:14:00,678 DEBUG [restartedMain] o.l.l.d.d.L.selectByExample [BaseJdbcLogger.java : 159] ==>  Preparing: select id, key_name, key_value, add_time, update_time, deleted from litemall_system WHERE ( deleted = ? ) 
2020-01-18 10:14:00,790 DEBUG [restartedMain] o.l.l.d.d.L.selectByExample [BaseJdbcLogger.java : 159] ==> Parameters: false(Boolean)
2020-01-18 10:14:00,958 DEBUG [restartedMain] o.l.l.d.d.L.selectByExample [BaseJdbcLogger.java : 159] <==      Total: 18
2020-01-18 10:14:00,963 INFO [restartedMain] o.l.l.core.util.SystemInfoPrinter [SystemInfoPrinter.java : 42] ============================================================================================================================================================================================================
2020-01-18 10:14:00,964 INFO [restartedMain] o.l.l.core.util.SystemInfoPrinter [SystemInfoPrinter.java : 43] 
2020-01-18 10:14:00,964 INFO [restartedMain] o.l.l.core.util.SystemInfoPrinter [SystemInfoPrinter.java : 44]               Litemall 初始化信息
2020-01-18 10:14:00,964 INFO [restartedMain] o.l.l.core.util.SystemInfoPrinter [SystemInfoPrinter.java : 45] 
2020-01-18 10:14:00,964 INFO [restartedMain] o.l.l.core.util.SystemInfoPrinter [SystemInfoPrinter.java : 67] 
2020-01-18 10:14:00,964 INFO [restartedMain] o.l.l.core.util.SystemInfoPrinter [SystemInfoPrinter.java : 68]     [[  系统信息  ]]
2020-01-18 10:14:00,964 INFO [restartedMain] o.l.l.core.util.SystemInfoPrinter [SystemInfoPrinter.java : 69] 
2020-01-18 10:14:00,964 INFO [restartedMain] o.l.l.core.util.SystemInfoPrinter [SystemInfoPrinter.java : 71]     服务器端口        ->        8080
2020-01-18 10:14:00,965 INFO [restartedMain] o.l.l.core.util.SystemInfoPrinter [SystemInfoPrinter.java : 71]     数据库USER        ->        root
2020-01-18 10:14:00,965 INFO [restartedMain] o.l.l.core.util.SystemInfoPrinter [SystemInfoPrinter.java : 71]     数据库地址        ->        jdbc:mysql://112.74.58.0:3306/litemall?useUnicode=true&characterEncoding=UTF-8&serverTimezone=UTC&allowPublicKeyRetrieval=true&verifyServerCertificate=false&useSSL=false
2020-01-18 10:14:00,965 INFO [restartedMain] o.l.l.core.util.SystemInfoPrinter [SystemInfoPrinter.java : 67] 
2020-01-18 10:14:00,965 INFO [restartedMain] o.l.l.core.util.SystemInfoPrinter [SystemInfoPrinter.java : 68]     [[  模块状态  ]]
2020-01-18 10:14:00,965 INFO [restartedMain] o.l.l.core.util.SystemInfoPrinter [SystemInfoPrinter.java : 69] 
2020-01-18 10:14:00,966 INFO [restartedMain] o.l.l.core.util.SystemInfoPrinter [SystemInfoPrinter.java : 71]     邮件        ->        false
2020-01-18 10:14:00,966 INFO [restartedMain] o.l.l.core.util.SystemInfoPrinter [SystemInfoPrinter.java : 71]     短信        ->        false
2020-01-18 10:14:00,966 INFO [restartedMain] o.l.l.core.util.SystemInfoPrinter [SystemInfoPrinter.java : 71]     快递信息        ->        false
2020-01-18 10:14:00,966 INFO [restartedMain] o.l.l.core.util.SystemInfoPrinter [SystemInfoPrinter.java : 71]     快递鸟ID        ->        XXXXXXXXX
2020-01-18 10:14:00,966 INFO [restartedMain] o.l.l.core.util.SystemInfoPrinter [SystemInfoPrinter.java : 71]     对象存储        ->        local
2020-01-18 10:14:00,966 INFO [restartedMain] o.l.l.core.util.SystemInfoPrinter [SystemInfoPrinter.java : 71]     本地对象存储路径        ->        storage
2020-01-18 10:14:00,966 INFO [restartedMain] o.l.l.core.util.SystemInfoPrinter [SystemInfoPrinter.java : 71]     本地对象访问地址        ->        http://localhost:8080/wx/storage/fetch/
2020-01-18 10:14:00,967 INFO [restartedMain] o.l.l.core.util.SystemInfoPrinter [SystemInfoPrinter.java : 67] 
2020-01-18 10:14:00,967 INFO [restartedMain] o.l.l.core.util.SystemInfoPrinter [SystemInfoPrinter.java : 68]     [[  微信相关  ]]
2020-01-18 10:14:00,967 INFO [restartedMain] o.l.l.core.util.SystemInfoPrinter [SystemInfoPrinter.java : 69] 
2020-01-18 10:14:00,967 INFO [restartedMain] o.l.l.core.util.SystemInfoPrinter [SystemInfoPrinter.java : 71]     微信APP KEY        ->        wxa5b486c6b918ecfb
2020-01-18 10:14:00,967 INFO [restartedMain] o.l.l.core.util.SystemInfoPrinter [SystemInfoPrinter.java : 71]     微信APP-SECRET        ->        e04004829d4c383b4db7769d88dfbca1
2020-01-18 10:14:00,967 INFO [restartedMain] o.l.l.core.util.SystemInfoPrinter [SystemInfoPrinter.java : 71]     微信支付MCH-ID        ->        111111
2020-01-18 10:14:00,967 INFO [restartedMain] o.l.l.core.util.SystemInfoPrinter [SystemInfoPrinter.java : 71]     微信支付MCH-KEY        ->        xxxxxx
2020-01-18 10:14:00,968 INFO [restartedMain] o.l.l.core.util.SystemInfoPrinter [SystemInfoPrinter.java : 71]     微信支付通知地址        ->        http://www.example.com/wx/order/pay-notify
2020-01-18 10:14:00,968 INFO [restartedMain] o.l.l.core.util.SystemInfoPrinter [SystemInfoPrinter.java : 67] 
2020-01-18 10:14:00,968 INFO [restartedMain] o.l.l.core.util.SystemInfoPrinter [SystemInfoPrinter.java : 68]     [[  系统设置  ]]
2020-01-18 10:14:00,968 INFO [restartedMain] o.l.l.core.util.SystemInfoPrinter [SystemInfoPrinter.java : 69] 
2020-01-18 10:14:00,968 INFO [restartedMain] o.l.l.core.util.SystemInfoPrinter [SystemInfoPrinter.java : 71]     自动创建朋友圈分享图        ->        false
2020-01-18 10:14:00,969 INFO [restartedMain] o.l.l.core.util.SystemInfoPrinter [SystemInfoPrinter.java : 71]     商场名称        ->        litemall
2020-01-18 10:14:00,969 INFO [restartedMain] o.l.l.core.util.SystemInfoPrinter [SystemInfoPrinter.java : 71]     首页显示记录数：NEW,HOT,BRAND,TOPIC,CatlogList,CatlogMore        ->        6,6,4,4,4,4
2020-01-18 10:14:00,969 INFO [restartedMain] o.l.l.core.util.SystemInfoPrinter [SystemInfoPrinter.java : 49]   
2020-01-18 10:14:00,969 INFO [restartedMain] o.l.l.core.util.SystemInfoPrinter [SystemInfoPrinter.java : 50] ============================================================================================================================================================================================================
2020-01-18 10:14:04,514 INFO [scheduling-1] o.l.litemall.admin.job.CouponJob [CouponJob.java : 36] 系统开启任务检查优惠券是否已经过期
2020-01-18 10:14:04,533 DEBUG [scheduling-1] o.l.l.d.d.L.selectByExample [BaseJdbcLogger.java : 159] ==>  Preparing: select id, `name`, `desc`, tag, total, discount, `min`, `limit`, `type`, `status`, goods_type, goods_value, code, time_type, `days`, start_time, end_time, add_time, update_time, deleted from litemall_coupon WHERE ( `status` = ? and time_type = ? and end_time < ? and deleted = ? ) 
2020-01-18 10:14:04,537 DEBUG [scheduling-1] o.l.l.d.d.L.selectByExample [BaseJdbcLogger.java : 159] ==> Parameters: 0(Short), 1(Short), 2020-01-18 10:14:04.5226475(Timestamp), false(Boolean)
2020-01-18 10:14:04,584 DEBUG [scheduling-1] o.l.l.d.d.L.selectByExample [BaseJdbcLogger.java : 159] <==      Total: 0
2020-01-18 10:14:04,594 DEBUG [scheduling-1] o.l.l.d.d.L.selectByExample [BaseJdbcLogger.java : 159] ==>  Preparing: select id, user_id, coupon_id, `status`, used_time, start_time, end_time, order_id, add_time, update_time, deleted from litemall_coupon_user WHERE ( `status` = ? and end_time < ? and deleted = ? ) 
2020-01-18 10:14:04,596 DEBUG [scheduling-1] o.l.l.d.d.L.selectByExample [BaseJdbcLogger.java : 159] ==> Parameters: 0(Short), 2020-01-18 10:14:04.5908311(Timestamp), false(Boolean)
2020-01-18 10:14:04,665 DEBUG [scheduling-1] o.l.l.d.d.L.selectByExample [BaseJdbcLogger.java : 159] <==      Total: 0
2020-01-18 10:14:05,674 INFO [restartedMain] org.linlinjava.litemall.Application [StartupInfoLogger.java : 59] Started Application in 22.561 seconds (JVM running for 24.061)
2020-01-18 10:14:05,694 DEBUG [restartedMain] o.l.l.d.d.L.selectByExample [BaseJdbcLogger.java : 159] ==>  Preparing: select id, user_id, order_sn, order_status, consignee, mobile, address, message, goods_price, freight_price, coupon_price, integral_price, groupon_price, order_price, actual_price, pay_id, pay_time, ship_sn, ship_channel, ship_time, refund_amount, refund_type, refund_content, refund_time, confirm_time, comments, end_time, add_time, update_time, deleted from litemall_order WHERE ( order_status = ? and deleted = ? ) 
2020-01-18 10:14:05,696 DEBUG [restartedMain] o.l.l.d.d.L.selectByExample [BaseJdbcLogger.java : 159] ==> Parameters: 101(Short), false(Boolean)
2020-01-18 10:14:05,747 DEBUG [restartedMain] o.l.l.d.d.L.selectByExample [BaseJdbcLogger.java : 159] <==      Total: 5
2020-01-18 10:14:05,749 INFO [pool-1-thread-1] o.l.litemall.wx.task.OrderUnpaidTask [OrderUnpaidTask.java : 34] 系统开始处理延时任务---订单超时未付款---30
2020-01-18 10:14:05,757 DEBUG [pool-1-thread-1] o.l.l.d.d.L.selectByPrimaryKey [BaseJdbcLogger.java : 159] ==>  Preparing: select id, user_id, order_sn, order_status, consignee, mobile, address, message, goods_price, freight_price, coupon_price, integral_price, groupon_price, order_price, actual_price, pay_id, pay_time, ship_sn, ship_channel, ship_time, refund_amount, refund_type, refund_content, refund_time, confirm_time, comments, end_time, add_time, update_time, deleted from litemall_order where id = ? 
2020-01-18 10:14:05,759 DEBUG [restartedMain] o.l.l.d.d.L.selectByExample [BaseJdbcLogger.java : 159] ==>  Preparing: select id, goods_id, goods_name, pic_url, discount, discount_member, expire_time, `status`, add_time, update_time, deleted from litemall_groupon_rules WHERE ( `status` = ? and deleted = ? ) 
2020-01-18 10:14:05,760 DEBUG [pool-1-thread-1] o.l.l.d.d.L.selectByPrimaryKey [BaseJdbcLogger.java : 159] ==> Parameters: 30(Integer)
2020-01-18 10:14:05,761 DEBUG [restartedMain] o.l.l.d.d.L.selectByExample [BaseJdbcLogger.java : 159] ==> Parameters: 0(Short), false(Boolean)
2020-01-18 10:14:05,826 DEBUG [restartedMain] o.l.l.d.d.L.selectByExample [BaseJdbcLogger.java : 159] <==      Total: 1
2020-01-18 10:14:05,827 DEBUG [pool-1-thread-1] o.l.l.d.d.L.selectByPrimaryKey [BaseJdbcLogger.java : 159] <==      Total: 1
2020-01-18 10:14:05,838 DEBUG [pool-1-thread-1] o.l.l.d.d.O.updateWithOptimisticLocker [BaseJdbcLogger.java : 159] ==>  Preparing: update litemall_order SET id = ?, user_id = ?, order_sn = ?, order_status = ?, consignee = ?, mobile = ?, address = ?, message = ?, goods_price = ?, freight_price = ?, coupon_price = ?, integral_price = ?, groupon_price = ?, order_price = ?, actual_price = ?, comments = ?, end_time = ?, add_time = ?, update_time = ?, deleted = ? where id = ? and update_time = ? 
2020-01-18 10:14:05,846 DEBUG [pool-1-thread-1] o.l.l.d.d.O.updateWithOptimisticLocker [BaseJdbcLogger.java : 159] ==> Parameters: 30(Integer), 1(Integer), 20200117397838(String), 103(Short), hyh(String), 15890373389(String), 河南省郑州市中原区 郑州轻工业大学(String), (String), 4020.00(BigDecimal), 0.00(BigDecimal), 0.00(BigDecimal), 0.00(BigDecimal), 0.00(BigDecimal), 4020.00(BigDecimal), 4020.00(BigDecimal), 0(Short), 2020-01-18 10:14:05.8281233(Timestamp), 2020-01-17 19:33:01.0(Timestamp), 2020-01-18 10:14:05.8281233(Timestamp), false(Boolean), 30(Integer), 2020-01-17 19:33:01.0(Timestamp)
2020-01-18 10:14:06,261 DEBUG [pool-1-thread-1] o.l.l.d.d.O.updateWithOptimisticLocker [BaseJdbcLogger.java : 159] <==    Updates: 1
2020-01-18 10:14:06,269 DEBUG [pool-1-thread-1] o.l.l.d.d.L.selectByExample [BaseJdbcLogger.java : 159] ==>  Preparing: select id, order_id, goods_id, goods_name, goods_sn, product_id, `number`, price, specifications, pic_url, `comment`, add_time, update_time, deleted from litemall_order_goods WHERE ( order_id = ? and deleted = ? ) 
2020-01-18 10:14:06,271 DEBUG [pool-1-thread-1] o.l.l.d.d.L.selectByExample [BaseJdbcLogger.java : 159] ==> Parameters: 30(Integer), false(Boolean)
2020-01-18 10:14:06,336 DEBUG [pool-1-thread-1] o.l.l.d.d.L.selectByExample [BaseJdbcLogger.java : 159] <==      Total: 2
2020-01-18 10:14:06,337 DEBUG [pool-1-thread-1] o.l.l.d.d.G.addStock [BaseJdbcLogger.java : 159] ==>  Preparing: update litemall_goods_product set number = number + ?, update_time = now() where id = ? 
2020-01-18 10:14:06,341 DEBUG [pool-1-thread-1] o.l.l.d.d.G.addStock [BaseJdbcLogger.java : 159] ==> Parameters: 4(Short), 1(Integer)
2020-01-18 10:14:06,540 DEBUG [pool-1-thread-1] o.l.l.d.d.G.addStock [BaseJdbcLogger.java : 159] <==    Updates: 1
2020-01-18 10:14:06,542 DEBUG [pool-1-thread-1] o.l.l.d.d.G.addStock [BaseJdbcLogger.java : 159] ==>  Preparing: update litemall_goods_product set number = number + ?, update_time = now() where id = ? 
2020-01-18 10:14:06,543 DEBUG [pool-1-thread-1] o.l.l.d.d.G.addStock [BaseJdbcLogger.java : 159] ==> Parameters: 1(Short), 16(Integer)
2020-01-18 10:14:06,784 DEBUG [pool-1-thread-1] o.l.l.d.d.G.addStock [BaseJdbcLogger.java : 159] <==    Updates: 1
2020-01-18 10:14:06,785 INFO [pool-1-thread-1] o.l.litemall.wx.task.OrderUnpaidTask [OrderUnpaidTask.java : 65] 系统结束处理延时任务---订单超时未付款---30
2020-01-18 10:14:50,029 DEBUG [http-nio-8080-exec-1] o.l.l.d.d.L.countByExample [BaseJdbcLogger.java : 159] ==>  Preparing: select count(*) from litemall_brand 
2020-01-18 10:14:50,031 DEBUG [http-nio-8080-exec-1] o.l.l.d.d.L.countByExample [BaseJdbcLogger.java : 159] ==> Parameters: 
2020-01-18 10:14:50,033 DEBUG [http-nio-8080-exec-2] o.l.l.d.d.L.countByExample [BaseJdbcLogger.java : 159] ==>  Preparing: select count(*) from litemall_goods WHERE ( is_on_sale = ? and deleted = ? ) 
2020-01-18 10:14:50,035 DEBUG [http-nio-8080-exec-2] o.l.l.d.d.L.countByExample [BaseJdbcLogger.java : 159] ==> Parameters: true(Boolean), false(Boolean)
2020-01-18 10:14:50,179 DEBUG [http-nio-8080-exec-1] o.l.l.d.d.L.countByExample [BaseJdbcLogger.java : 159] <==      Total: 1
2020-01-18 10:14:50,179 DEBUG [http-nio-8080-exec-2] o.l.l.d.d.L.countByExample [BaseJdbcLogger.java : 159] <==      Total: 1
2020-01-18 10:14:50,239 DEBUG [pool-4-thread-2] o.l.l.d.d.L.selectByExampleSelective [BaseJdbcLogger.java : 159] ==>  Preparing: select id , `name` , icon_url from litemall_category WHERE ( `level` = ? and deleted = ? ) 
2020-01-18 10:14:50,240 DEBUG [pool-4-thread-1] o.l.l.d.d.L.selectByExample [BaseJdbcLogger.java : 159] ==>  Preparing: select id, `name`, link, url, `position`, content, start_time, end_time, enabled, add_time, update_time, deleted from litemall_ad WHERE ( `position` = ? and deleted = ? and enabled = ? ) 
2020-01-18 10:14:50,245 DEBUG [pool-4-thread-2] o.l.l.d.d.L.selectByExampleSelective [BaseJdbcLogger.java : 159] ==> Parameters: L1(String), false(Boolean)
2020-01-18 10:14:50,249 DEBUG [pool-4-thread-1] o.l.l.d.d.L.selectByExample [BaseJdbcLogger.java : 159] ==> Parameters: 1(Byte), false(Boolean), true(Boolean)
2020-01-18 10:14:50,285 DEBUG [pool-4-thread-9] o.l.l.d.d.L.selectByExample_COUNT [BaseJdbcLogger.java : 159] ==>  Preparing: SELECT count(0) FROM litemall_category WHERE (`level` = ? AND `name` <> ? AND deleted = ?) 
2020-01-18 10:14:50,286 DEBUG [pool-4-thread-3] o.l.l.d.d.L.selectByExampleSelective_COUNT [BaseJdbcLogger.java : 159] ==>  Preparing: SELECT count(0) FROM litemall_coupon WHERE (`type` = ? AND `status` = ? AND deleted = ?) 
2020-01-18 10:14:50,286 DEBUG [pool-4-thread-5] o.l.l.d.d.L.selectByExampleSelective_COUNT [BaseJdbcLogger.java : 159] ==>  Preparing: SELECT count(0) FROM litemall_goods WHERE (is_hot = ? AND is_on_sale = ? AND deleted = ?) 
2020-01-18 10:14:50,286 DEBUG [pool-4-thread-8] o.l.l.d.d.L.selectByExample_COUNT [BaseJdbcLogger.java : 159] ==>  Preparing: SELECT count(0) FROM litemall_groupon_rules WHERE (`status` = ? AND deleted = ?) 
2020-01-18 10:14:50,286 DEBUG [pool-4-thread-6] o.l.l.d.d.L.selectByExampleSelective_COUNT [BaseJdbcLogger.java : 159] ==>  Preparing: SELECT count(0) FROM litemall_brand WHERE (deleted = ?) 
2020-01-18 10:14:50,285 DEBUG [pool-4-thread-4] o.l.l.d.d.L.selectByExampleSelective_COUNT [BaseJdbcLogger.java : 159] ==>  Preparing: SELECT count(0) FROM litemall_goods WHERE (is_new = ? AND is_on_sale = ? AND deleted = ?) 
2020-01-18 10:14:50,286 DEBUG [pool-4-thread-7] o.l.l.d.d.L.selectByExampleSelective_COUNT [BaseJdbcLogger.java : 159] ==>  Preparing: SELECT count(0) FROM litemall_topic WHERE (deleted = ?) 
2020-01-18 10:14:50,290 DEBUG [pool-4-thread-6] o.l.l.d.d.L.selectByExampleSelective_COUNT [BaseJdbcLogger.java : 159] ==> Parameters: false(Boolean)
2020-01-18 10:14:50,290 DEBUG [pool-4-thread-7] o.l.l.d.d.L.selectByExampleSelective_COUNT [BaseJdbcLogger.java : 159] ==> Parameters: false(Boolean)
2020-01-18 10:14:50,290 DEBUG [pool-4-thread-8] o.l.l.d.d.L.selectByExample_COUNT [BaseJdbcLogger.java : 159] ==> Parameters: 0(Short), false(Boolean)
2020-01-18 10:14:50,290 DEBUG [pool-4-thread-4] o.l.l.d.d.L.selectByExampleSelective_COUNT [BaseJdbcLogger.java : 159] ==> Parameters: true(Boolean), true(Boolean), false(Boolean)
2020-01-18 10:14:50,290 DEBUG [pool-4-thread-3] o.l.l.d.d.L.selectByExampleSelective_COUNT [BaseJdbcLogger.java : 159] ==> Parameters: 0(Short), 0(Short), false(Boolean)
2020-01-18 10:14:50,290 DEBUG [pool-4-thread-9] o.l.l.d.d.L.selectByExample_COUNT [BaseJdbcLogger.java : 159] ==> Parameters: L1(String), 推荐(String), false(Boolean)
2020-01-18 10:14:50,292 DEBUG [pool-4-thread-5] o.l.l.d.d.L.selectByExampleSelective_COUNT [BaseJdbcLogger.java : 159] ==> Parameters: true(Boolean), true(Boolean), false(Boolean)
2020-01-18 10:14:50,380 DEBUG [pool-4-thread-1] o.l.l.d.d.L.selectByExample [BaseJdbcLogger.java : 159] <==      Total: 3
2020-01-18 10:14:50,384 DEBUG [pool-4-thread-2] o.l.l.d.d.L.selectByExampleSelective [BaseJdbcLogger.java : 159] <==      Total: 13
2020-01-18 10:14:50,444 DEBUG [pool-4-thread-6] o.l.l.d.d.L.selectByExampleSelective_COUNT [BaseJdbcLogger.java : 159] <==      Total: 1
2020-01-18 10:14:50,445 DEBUG [pool-4-thread-8] o.l.l.d.d.L.selectByExample_COUNT [BaseJdbcLogger.java : 159] <==      Total: 1
2020-01-18 10:14:50,445 DEBUG [pool-4-thread-9] o.l.l.d.d.L.selectByExample_COUNT [BaseJdbcLogger.java : 159] <==      Total: 1
2020-01-18 10:14:50,445 DEBUG [pool-4-thread-7] o.l.l.d.d.L.selectByExampleSelective_COUNT [BaseJdbcLogger.java : 159] <==      Total: 1
2020-01-18 10:14:50,446 DEBUG [pool-4-thread-4] o.l.l.d.d.L.selectByExampleSelective_COUNT [BaseJdbcLogger.java : 159] <==      Total: 1
2020-01-18 10:14:50,446 DEBUG [pool-4-thread-6] o.l.l.d.d.L.selectByExampleSelective [BaseJdbcLogger.java : 159] ==>  Preparing: select id , `name` , `desc` , pic_url , floor_price from litemall_brand WHERE ( deleted = ? ) LIMIT ? 
2020-01-18 10:14:50,446 DEBUG [pool-4-thread-5] o.l.l.d.d.L.selectByExampleSelective_COUNT [BaseJdbcLogger.java : 159] <==      Total: 1
2020-01-18 10:14:50,447 DEBUG [pool-4-thread-7] o.l.l.d.d.L.selectByExampleSelective [BaseJdbcLogger.java : 159] ==>  Preparing: select id , title , subtitle , price , pic_url , read_count from litemall_topic WHERE ( deleted = ? ) order by add_time desc LIMIT ? 
2020-01-18 10:14:50,447 DEBUG [pool-4-thread-8] o.l.l.d.d.L.selectByExample [BaseJdbcLogger.java : 159] ==>  Preparing: select id, goods_id, goods_name, pic_url, discount, discount_member, expire_time, `status`, add_time, update_time, deleted from litemall_groupon_rules WHERE ( `status` = ? and deleted = ? ) order by add_time desc LIMIT ? 
2020-01-18 10:14:50,447 DEBUG [pool-4-thread-9] o.l.l.d.d.L.selectByExample [BaseJdbcLogger.java : 159] ==>  Preparing: select id, `name`, keywords, `desc`, pid, icon_url, pic_url, `level`, sort_order, add_time, update_time, deleted from litemall_category WHERE ( `level` = ? and `name` <> ? and deleted = ? ) LIMIT ? 
2020-01-18 10:14:50,447 DEBUG [pool-4-thread-5] o.l.l.d.d.L.selectByExampleSelective [BaseJdbcLogger.java : 159] ==>  Preparing: select id , `name` , brief , pic_url , is_hot , is_new , counter_price , retail_price from litemall_goods WHERE ( is_hot = ? and is_on_sale = ? and deleted = ? ) order by add_time desc LIMIT ? 
2020-01-18 10:14:50,446 DEBUG [pool-4-thread-3] o.l.l.d.d.L.selectByExampleSelective_COUNT [BaseJdbcLogger.java : 159] <==      Total: 1
2020-01-18 10:14:50,447 DEBUG [pool-4-thread-4] o.l.l.d.d.L.selectByExampleSelective [BaseJdbcLogger.java : 159] ==>  Preparing: select id , `name` , brief , pic_url , is_hot , is_new , counter_price , retail_price from litemall_goods WHERE ( is_new = ? and is_on_sale = ? and deleted = ? ) order by add_time desc LIMIT ? 
2020-01-18 10:14:50,448 DEBUG [pool-4-thread-3] o.l.l.d.d.L.selectByExampleSelective [BaseJdbcLogger.java : 159] ==>  Preparing: select id , `name` , `desc` , tag , `days` , start_time , end_time , discount , `min` from litemall_coupon WHERE ( `type` = ? and `status` = ? and deleted = ? ) order by add_time desc LIMIT ? 
2020-01-18 10:14:50,448 DEBUG [pool-4-thread-6] o.l.l.d.d.L.selectByExampleSelective [BaseJdbcLogger.java : 159] ==> Parameters: false(Boolean), 6(Integer)
2020-01-18 10:14:50,449 DEBUG [pool-4-thread-9] o.l.l.d.d.L.selectByExample [BaseJdbcLogger.java : 159] ==> Parameters: L1(String), 推荐(String), false(Boolean), 4(Integer)
2020-01-18 10:14:50,450 DEBUG [pool-4-thread-4] o.l.l.d.d.L.selectByExampleSelective [BaseJdbcLogger.java : 159] ==> Parameters: true(Boolean), true(Boolean), false(Boolean), 6(Integer)
2020-01-18 10:14:50,450 DEBUG [pool-4-thread-8] o.l.l.d.d.L.selectByExample [BaseJdbcLogger.java : 159] ==> Parameters: 0(Short), false(Boolean), 5(Integer)
2020-01-18 10:14:50,450 DEBUG [pool-4-thread-7] o.l.l.d.d.L.selectByExampleSelective [BaseJdbcLogger.java : 159] ==> Parameters: false(Boolean), 4(Integer)
2020-01-18 10:14:50,450 DEBUG [pool-4-thread-3] o.l.l.d.d.L.selectByExampleSelective [BaseJdbcLogger.java : 159] ==> Parameters: 0(Short), 0(Short), false(Boolean), 3(Integer)
2020-01-18 10:14:50,451 DEBUG [pool-4-thread-5] o.l.l.d.d.L.selectByExampleSelective [BaseJdbcLogger.java : 159] ==> Parameters: true(Boolean), true(Boolean), false(Boolean), 6(Integer)
2020-01-18 10:14:50,516 DEBUG [pool-4-thread-6] o.l.l.d.d.L.selectByExampleSelective [BaseJdbcLogger.java : 159] <==      Total: 6
2020-01-18 10:14:50,518 DEBUG [pool-4-thread-3] o.l.l.d.d.L.selectByExampleSelective [BaseJdbcLogger.java : 159] <==      Total: 2
2020-01-18 10:14:50,518 DEBUG [pool-4-thread-7] o.l.l.d.d.L.selectByExampleSelective [BaseJdbcLogger.java : 159] <==      Total: 4
2020-01-18 10:14:50,518 DEBUG [pool-4-thread-8] o.l.l.d.d.L.selectByExample [BaseJdbcLogger.java : 159] <==      Total: 1
2020-01-18 10:14:50,519 DEBUG [pool-4-thread-4] o.l.l.d.d.L.selectByExampleSelective [BaseJdbcLogger.java : 159] <==      Total: 6
2020-01-18 10:14:50,519 DEBUG [pool-4-thread-5] o.l.l.d.d.L.selectByExampleSelective [BaseJdbcLogger.java : 159] <==      Total: 6
2020-01-18 10:14:50,523 DEBUG [pool-4-thread-9] o.l.l.d.d.L.selectByExample [BaseJdbcLogger.java : 159] <==      Total: 4
2020-01-18 10:14:50,523 DEBUG [pool-4-thread-8] o.l.l.d.d.L.selectOneByExampleWithBLOBs [BaseJdbcLogger.java : 159] ==>  Preparing: select id, goods_sn, `name`, category_id, brand_id, gallery, keywords, brief, is_on_sale, sort_order, pic_url, share_url, is_new, is_hot, unit, counter_price, retail_price, add_time, update_time, deleted , detail from litemall_goods WHERE ( id = ? and deleted = ? ) limit 1 
2020-01-18 10:14:50,525 DEBUG [pool-4-thread-9] o.l.l.d.d.L.selectByExample [BaseJdbcLogger.java : 159] ==>  Preparing: select id, `name`, keywords, `desc`, pid, icon_url, pic_url, `level`, sort_order, add_time, update_time, deleted from litemall_category WHERE ( pid = ? and deleted = ? ) 
2020-01-18 10:14:50,525 DEBUG [pool-4-thread-8] o.l.l.d.d.L.selectOneByExampleWithBLOBs [BaseJdbcLogger.java : 159] ==> Parameters: 1110016(Integer), false(Boolean)
2020-01-18 10:14:50,526 DEBUG [pool-4-thread-9] o.l.l.d.d.L.selectByExample [BaseJdbcLogger.java : 159] ==> Parameters: 1001(Integer), false(Boolean)
2020-01-18 10:14:50,644 DEBUG [pool-4-thread-8] o.l.l.d.d.L.selectOneByExampleWithBLOBs [BaseJdbcLogger.java : 159] <==      Total: 0
2020-01-18 10:14:50,684 DEBUG [pool-4-thread-9] o.l.l.d.d.L.selectByExample [BaseJdbcLogger.java : 159] <==      Total: 2
2020-01-18 10:14:50,690 DEBUG [pool-4-thread-9] o.l.l.d.d.L.selectByExampleSelective_COUNT [BaseJdbcLogger.java : 159] ==>  Preparing: SELECT count(0) FROM litemall_goods WHERE (category_id IN (?, ?) AND is_on_sale = ? AND deleted = ?) 
2020-01-18 10:14:50,691 DEBUG [pool-4-thread-9] o.l.l.d.d.L.selectByExampleSelective_COUNT [BaseJdbcLogger.java : 159] ==> Parameters: 1005(Integer), 1006(Integer), true(Boolean), false(Boolean)
2020-01-18 10:14:50,735 DEBUG [pool-4-thread-9] o.l.l.d.d.L.selectByExampleSelective_COUNT [BaseJdbcLogger.java : 159] <==      Total: 1
2020-01-18 10:14:50,736 DEBUG [pool-4-thread-9] o.l.l.d.d.L.selectByExampleSelective [BaseJdbcLogger.java : 159] ==>  Preparing: select id , `name` , brief , pic_url , is_hot , is_new , counter_price , retail_price from litemall_goods WHERE ( category_id in ( ? , ? ) and is_on_sale = ? and deleted = ? ) order by add_time desc LIMIT ? 
2020-01-18 10:14:50,737 DEBUG [pool-4-thread-9] o.l.l.d.d.L.selectByExampleSelective [BaseJdbcLogger.java : 159] ==> Parameters: 1005(Integer), 1006(Integer), true(Boolean), false(Boolean), 4(Integer)
2020-01-18 10:14:50,912 DEBUG [pool-4-thread-9] o.l.l.d.d.L.selectByExampleSelective [BaseJdbcLogger.java : 159] <==      Total: 4
2020-01-18 10:14:50,915 DEBUG [pool-4-thread-9] o.l.l.d.d.L.selectByExample [BaseJdbcLogger.java : 159] ==>  Preparing: select id, `name`, keywords, `desc`, pid, icon_url, pic_url, `level`, sort_order, add_time, update_time, deleted from litemall_category WHERE ( pid = ? and deleted = ? ) 
2020-01-18 10:14:50,916 DEBUG [pool-4-thread-9] o.l.l.d.d.L.selectByExample [BaseJdbcLogger.java : 159] ==> Parameters: 1002(Integer), false(Boolean)
2020-01-18 10:14:50,964 DEBUG [pool-4-thread-9] o.l.l.d.d.L.selectByExample [BaseJdbcLogger.java : 159] <==      Total: 3
2020-01-18 10:14:50,975 DEBUG [pool-4-thread-9] o.l.l.d.d.L.selectByExampleSelective_COUNT [BaseJdbcLogger.java : 159] ==>  Preparing: SELECT count(0) FROM litemall_goods WHERE (category_id IN (?, ?, ?) AND is_on_sale = ? AND deleted = ?) 
2020-01-18 10:14:50,978 DEBUG [pool-4-thread-9] o.l.l.d.d.L.selectByExampleSelective_COUNT [BaseJdbcLogger.java : 159] ==> Parameters: 1007(Integer), 1008(Integer), 1009(Integer), true(Boolean), false(Boolean)
2020-01-18 10:14:51,024 DEBUG [pool-4-thread-9] o.l.l.d.d.L.selectByExampleSelective_COUNT [BaseJdbcLogger.java : 159] <==      Total: 1
2020-01-18 10:14:51,028 DEBUG [pool-4-thread-9] o.l.l.d.d.L.selectByExample [BaseJdbcLogger.java : 159] ==>  Preparing: select id, `name`, keywords, `desc`, pid, icon_url, pic_url, `level`, sort_order, add_time, update_time, deleted from litemall_category WHERE ( pid = ? and deleted = ? ) 
2020-01-18 10:14:51,029 DEBUG [pool-4-thread-9] o.l.l.d.d.L.selectByExample [BaseJdbcLogger.java : 159] ==> Parameters: 1003(Integer), false(Boolean)
2020-01-18 10:14:51,174 DEBUG [pool-4-thread-9] o.l.l.d.d.L.selectByExample [BaseJdbcLogger.java : 159] <==      Total: 2
2020-01-18 10:14:51,178 DEBUG [pool-4-thread-9] o.l.l.d.d.L.selectByExampleSelective_COUNT [BaseJdbcLogger.java : 159] ==>  Preparing: SELECT count(0) FROM litemall_goods WHERE (category_id IN (?, ?) AND is_on_sale = ? AND deleted = ?) 
2020-01-18 10:14:51,179 DEBUG [pool-4-thread-9] o.l.l.d.d.L.selectByExampleSelective_COUNT [BaseJdbcLogger.java : 159] ==> Parameters: 1010(Integer), 1011(Integer), true(Boolean), false(Boolean)
2020-01-18 10:14:51,243 DEBUG [pool-4-thread-9] o.l.l.d.d.L.selectByExampleSelective_COUNT [BaseJdbcLogger.java : 159] <==      Total: 1
2020-01-18 10:14:51,247 DEBUG [pool-4-thread-9] o.l.l.d.d.L.selectByExample [BaseJdbcLogger.java : 159] ==>  Preparing: select id, `name`, keywords, `desc`, pid, icon_url, pic_url, `level`, sort_order, add_time, update_time, deleted from litemall_category WHERE ( pid = ? and deleted = ? ) 
2020-01-18 10:14:51,248 DEBUG [pool-4-thread-9] o.l.l.d.d.L.selectByExample [BaseJdbcLogger.java : 159] ==> Parameters: 1004(Integer), false(Boolean)
2020-01-18 10:14:51,296 DEBUG [pool-4-thread-9] o.l.l.d.d.L.selectByExample [BaseJdbcLogger.java : 159] <==      Total: 3
2020-01-18 10:14:51,304 DEBUG [pool-4-thread-9] o.l.l.d.d.L.selectByExampleSelective_COUNT [BaseJdbcLogger.java : 159] ==>  Preparing: SELECT count(0) FROM litemall_goods WHERE (category_id IN (?, ?, ?) AND is_on_sale = ? AND deleted = ?) 
2020-01-18 10:14:51,305 DEBUG [pool-4-thread-9] o.l.l.d.d.L.selectByExampleSelective_COUNT [BaseJdbcLogger.java : 159] ==> Parameters: 1012(Integer), 1013(Integer), 1014(Integer), true(Boolean), false(Boolean)
2020-01-18 10:14:51,438 DEBUG [pool-4-thread-9] o.l.l.d.d.L.selectByExampleSelective_COUNT [BaseJdbcLogger.java : 159] <==      Total: 1
2020-01-18 10:15:18,870 DEBUG [http-nio-8080-exec-4] o.l.l.d.d.L.countByExample [BaseJdbcLogger.java : 159] ==>  Preparing: select count(*) from litemall_goods WHERE ( is_on_sale = ? and deleted = ? ) 
2020-01-18 10:15:18,872 DEBUG [http-nio-8080-exec-4] o.l.l.d.d.L.countByExample [BaseJdbcLogger.java : 159] ==> Parameters: true(Boolean), false(Boolean)
2020-01-18 10:15:18,892 DEBUG [http-nio-8080-exec-3] o.l.l.d.d.L.selectByExample [BaseJdbcLogger.java : 159] ==>  Preparing: select id, `name`, keywords, `desc`, pid, icon_url, pic_url, `level`, sort_order, add_time, update_time, deleted from litemall_category WHERE ( `level` = ? and deleted = ? ) 
2020-01-18 10:15:18,894 DEBUG [http-nio-8080-exec-3] o.l.l.d.d.L.selectByExample [BaseJdbcLogger.java : 159] ==> Parameters: L1(String), false(Boolean)
2020-01-18 10:15:18,991 DEBUG [http-nio-8080-exec-4] o.l.l.d.d.L.countByExample [BaseJdbcLogger.java : 159] <==      Total: 1
2020-01-18 10:15:19,040 DEBUG [http-nio-8080-exec-3] o.l.l.d.d.L.selectByExample [BaseJdbcLogger.java : 159] <==      Total: 13
2020-01-18 10:15:19,042 DEBUG [http-nio-8080-exec-3] o.l.l.d.d.L.selectByExample [BaseJdbcLogger.java : 159] ==>  Preparing: select id, `name`, keywords, `desc`, pid, icon_url, pic_url, `level`, sort_order, add_time, update_time, deleted from litemall_category WHERE ( pid = ? and deleted = ? ) 
2020-01-18 10:15:19,043 DEBUG [http-nio-8080-exec-3] o.l.l.d.d.L.selectByExample [BaseJdbcLogger.java : 159] ==> Parameters: 1001(Integer), false(Boolean)
2020-01-18 10:15:19,115 DEBUG [http-nio-8080-exec-3] o.l.l.d.d.L.selectByExample [BaseJdbcLogger.java : 159] <==      Total: 2
2020-01-18 10:20:00,174 DEBUG [http-nio-8080-exec-7] o.l.l.d.d.L.countByExample [BaseJdbcLogger.java : 159] ==>  Preparing: select count(*) from litemall_brand 
2020-01-18 10:20:00,174 DEBUG [http-nio-8080-exec-8] o.l.l.d.d.L.countByExample [BaseJdbcLogger.java : 159] ==>  Preparing: select count(*) from litemall_goods WHERE ( is_on_sale = ? and deleted = ? ) 
2020-01-18 10:20:00,176 DEBUG [http-nio-8080-exec-8] o.l.l.d.d.L.countByExample [BaseJdbcLogger.java : 159] ==> Parameters: true(Boolean), false(Boolean)
2020-01-18 10:20:00,176 DEBUG [http-nio-8080-exec-7] o.l.l.d.d.L.countByExample [BaseJdbcLogger.java : 159] ==> Parameters: 
2020-01-18 10:20:00,359 DEBUG [http-nio-8080-exec-7] o.l.l.d.d.L.countByExample [BaseJdbcLogger.java : 159] <==      Total: 1
2020-01-18 10:20:00,359 DEBUG [http-nio-8080-exec-8] o.l.l.d.d.L.countByExample [BaseJdbcLogger.java : 159] <==      Total: 1
2020-01-18 10:20:00,363 DEBUG [pool-5-thread-2] o.l.l.d.d.L.selectByExampleSelective [BaseJdbcLogger.java : 159] ==>  Preparing: select id , `name` , icon_url from litemall_category WHERE ( `level` = ? and deleted = ? ) 
2020-01-18 10:20:00,365 DEBUG [pool-5-thread-1] o.l.l.d.d.L.selectByExample [BaseJdbcLogger.java : 159] ==>  Preparing: select id, `name`, link, url, `position`, content, start_time, end_time, enabled, add_time, update_time, deleted from litemall_ad WHERE ( `position` = ? and deleted = ? and enabled = ? ) 
2020-01-18 10:20:00,366 DEBUG [pool-5-thread-2] o.l.l.d.d.L.selectByExampleSelective [BaseJdbcLogger.java : 159] ==> Parameters: L1(String), false(Boolean)
2020-01-18 10:20:00,367 DEBUG [pool-5-thread-1] o.l.l.d.d.L.selectByExample [BaseJdbcLogger.java : 159] ==> Parameters: 1(Byte), false(Boolean), true(Boolean)
2020-01-18 10:20:00,426 DEBUG [pool-5-thread-6] o.l.l.d.d.L.selectByExampleSelective_COUNT [BaseJdbcLogger.java : 159] ==>  Preparing: SELECT count(0) FROM litemall_brand WHERE (deleted = ?) 
2020-01-18 10:20:00,426 DEBUG [pool-5-thread-5] o.l.l.d.d.L.selectByExampleSelective_COUNT [BaseJdbcLogger.java : 159] ==>  Preparing: SELECT count(0) FROM litemall_goods WHERE (is_hot = ? AND is_on_sale = ? AND deleted = ?) 
2020-01-18 10:20:00,426 DEBUG [pool-5-thread-4] o.l.l.d.d.L.selectByExampleSelective_COUNT [BaseJdbcLogger.java : 159] ==>  Preparing: SELECT count(0) FROM litemall_goods WHERE (is_new = ? AND is_on_sale = ? AND deleted = ?) 
2020-01-18 10:20:00,427 DEBUG [pool-5-thread-6] o.l.l.d.d.L.selectByExampleSelective_COUNT [BaseJdbcLogger.java : 159] ==> Parameters: false(Boolean)
2020-01-18 10:20:00,427 DEBUG [pool-5-thread-5] o.l.l.d.d.L.selectByExampleSelective_COUNT [BaseJdbcLogger.java : 159] ==> Parameters: true(Boolean), true(Boolean), false(Boolean)
2020-01-18 10:20:00,427 DEBUG [pool-5-thread-4] o.l.l.d.d.L.selectByExampleSelective_COUNT [BaseJdbcLogger.java : 159] ==> Parameters: true(Boolean), true(Boolean), false(Boolean)
2020-01-18 10:20:00,428 DEBUG [pool-5-thread-1] o.l.l.d.d.L.selectByExample [BaseJdbcLogger.java : 159] <==      Total: 3
2020-01-18 10:20:00,428 DEBUG [pool-5-thread-2] o.l.l.d.d.L.selectByExampleSelective [BaseJdbcLogger.java : 159] <==      Total: 13
2020-01-18 10:20:00,430 DEBUG [pool-5-thread-3] o.l.l.d.d.L.selectByExampleSelective_COUNT [BaseJdbcLogger.java : 159] ==>  Preparing: SELECT count(0) FROM litemall_coupon WHERE (`type` = ? AND `status` = ? AND deleted = ?) 
2020-01-18 10:20:00,430 DEBUG [pool-5-thread-8] o.l.l.d.d.L.selectByExample_COUNT [BaseJdbcLogger.java : 159] ==>  Preparing: SELECT count(0) FROM litemall_groupon_rules WHERE (`status` = ? AND deleted = ?) 
2020-01-18 10:20:00,430 DEBUG [pool-5-thread-9] o.l.l.d.d.L.selectByExample_COUNT [BaseJdbcLogger.java : 159] ==>  Preparing: SELECT count(0) FROM litemall_category WHERE (`level` = ? AND `name` <> ? AND deleted = ?) 
2020-01-18 10:20:00,430 DEBUG [pool-5-thread-7] o.l.l.d.d.L.selectByExampleSelective_COUNT [BaseJdbcLogger.java : 159] ==>  Preparing: SELECT count(0) FROM litemall_topic WHERE (deleted = ?) 
2020-01-18 10:20:00,430 DEBUG [pool-5-thread-7] o.l.l.d.d.L.selectByExampleSelective_COUNT [BaseJdbcLogger.java : 159] ==> Parameters: false(Boolean)
2020-01-18 10:20:00,430 DEBUG [pool-5-thread-9] o.l.l.d.d.L.selectByExample_COUNT [BaseJdbcLogger.java : 159] ==> Parameters: L1(String), 推荐(String), false(Boolean)
2020-01-18 10:20:00,431 DEBUG [pool-5-thread-3] o.l.l.d.d.L.selectByExampleSelective_COUNT [BaseJdbcLogger.java : 159] ==> Parameters: 0(Short), 0(Short), false(Boolean)
2020-01-18 10:20:00,431 DEBUG [pool-5-thread-8] o.l.l.d.d.L.selectByExample_COUNT [BaseJdbcLogger.java : 159] ==> Parameters: 0(Short), false(Boolean)
2020-01-18 10:20:00,475 DEBUG [pool-5-thread-6] o.l.l.d.d.L.selectByExampleSelective_COUNT [BaseJdbcLogger.java : 159] <==      Total: 1
2020-01-18 10:20:00,475 DEBUG [pool-5-thread-3] o.l.l.d.d.L.selectByExampleSelective_COUNT [BaseJdbcLogger.java : 159] <==      Total: 1
2020-01-18 10:20:00,475 DEBUG [pool-5-thread-5] o.l.l.d.d.L.selectByExampleSelective_COUNT [BaseJdbcLogger.java : 159] <==      Total: 1
2020-01-18 10:20:00,475 DEBUG [pool-5-thread-4] o.l.l.d.d.L.selectByExampleSelective_COUNT [BaseJdbcLogger.java : 159] <==      Total: 1
2020-01-18 10:20:00,475 DEBUG [pool-5-thread-7] o.l.l.d.d.L.selectByExampleSelective_COUNT [BaseJdbcLogger.java : 159] <==      Total: 1
2020-01-18 10:20:00,476 DEBUG [pool-5-thread-8] o.l.l.d.d.L.selectByExample_COUNT [BaseJdbcLogger.java : 159] <==      Total: 1
2020-01-18 10:20:00,476 DEBUG [pool-5-thread-9] o.l.l.d.d.L.selectByExample_COUNT [BaseJdbcLogger.java : 159] <==      Total: 1
2020-01-18 10:20:00,476 DEBUG [pool-5-thread-7] o.l.l.d.d.L.selectByExampleSelective [BaseJdbcLogger.java : 159] ==>  Preparing: select id , title , subtitle , price , pic_url , read_count from litemall_topic WHERE ( deleted = ? ) order by add_time desc LIMIT ? 
2020-01-18 10:20:00,476 DEBUG [pool-5-thread-5] o.l.l.d.d.L.selectByExampleSelective [BaseJdbcLogger.java : 159] ==>  Preparing: select id , `name` , brief , pic_url , is_hot , is_new , counter_price , retail_price from litemall_goods WHERE ( is_hot = ? and is_on_sale = ? and deleted = ? ) order by add_time desc LIMIT ? 
2020-01-18 10:20:00,476 DEBUG [pool-5-thread-6] o.l.l.d.d.L.selectByExampleSelective [BaseJdbcLogger.java : 159] ==>  Preparing: select id , `name` , `desc` , pic_url , floor_price from litemall_brand WHERE ( deleted = ? ) LIMIT ? 
2020-01-18 10:20:00,476 DEBUG [pool-5-thread-3] o.l.l.d.d.L.selectByExampleSelective [BaseJdbcLogger.java : 159] ==>  Preparing: select id , `name` , `desc` , tag , `days` , start_time , end_time , discount , `min` from litemall_coupon WHERE ( `type` = ? and `status` = ? and deleted = ? ) order by add_time desc LIMIT ? 
2020-01-18 10:20:00,476 DEBUG [pool-5-thread-8] o.l.l.d.d.L.selectByExample [BaseJdbcLogger.java : 159] ==>  Preparing: select id, goods_id, goods_name, pic_url, discount, discount_member, expire_time, `status`, add_time, update_time, deleted from litemall_groupon_rules WHERE ( `status` = ? and deleted = ? ) order by add_time desc LIMIT ? 
2020-01-18 10:20:00,476 DEBUG [pool-5-thread-7] o.l.l.d.d.L.selectByExampleSelective [BaseJdbcLogger.java : 159] ==> Parameters: false(Boolean), 4(Integer)
2020-01-18 10:20:00,476 DEBUG [pool-5-thread-4] o.l.l.d.d.L.selectByExampleSelective [BaseJdbcLogger.java : 159] ==>  Preparing: select id , `name` , brief , pic_url , is_hot , is_new , counter_price , retail_price from litemall_goods WHERE ( is_new = ? and is_on_sale = ? and deleted = ? ) order by add_time desc LIMIT ? 
2020-01-18 10:20:00,476 DEBUG [pool-5-thread-9] o.l.l.d.d.L.selectByExample [BaseJdbcLogger.java : 159] ==>  Preparing: select id, `name`, keywords, `desc`, pid, icon_url, pic_url, `level`, sort_order, add_time, update_time, deleted from litemall_category WHERE ( `level` = ? and `name` <> ? and deleted = ? ) LIMIT ? 
2020-01-18 10:20:00,477 DEBUG [pool-5-thread-6] o.l.l.d.d.L.selectByExampleSelective [BaseJdbcLogger.java : 159] ==> Parameters: false(Boolean), 6(Integer)
2020-01-18 10:20:00,477 DEBUG [pool-5-thread-5] o.l.l.d.d.L.selectByExampleSelective [BaseJdbcLogger.java : 159] ==> Parameters: true(Boolean), true(Boolean), false(Boolean), 6(Integer)
2020-01-18 10:20:00,477 DEBUG [pool-5-thread-8] o.l.l.d.d.L.selectByExample [BaseJdbcLogger.java : 159] ==> Parameters: 0(Short), false(Boolean), 5(Integer)
2020-01-18 10:20:00,477 DEBUG [pool-5-thread-3] o.l.l.d.d.L.selectByExampleSelective [BaseJdbcLogger.java : 159] ==> Parameters: 0(Short), 0(Short), false(Boolean), 3(Integer)
2020-01-18 10:20:00,477 DEBUG [pool-5-thread-4] o.l.l.d.d.L.selectByExampleSelective [BaseJdbcLogger.java : 159] ==> Parameters: true(Boolean), true(Boolean), false(Boolean), 6(Integer)
2020-01-18 10:20:00,478 DEBUG [pool-5-thread-9] o.l.l.d.d.L.selectByExample [BaseJdbcLogger.java : 159] ==> Parameters: L1(String), 推荐(String), false(Boolean), 4(Integer)
2020-01-18 10:20:00,521 DEBUG [pool-5-thread-3] o.l.l.d.d.L.selectByExampleSelective [BaseJdbcLogger.java : 159] <==      Total: 2
2020-01-18 10:20:00,522 DEBUG [pool-5-thread-6] o.l.l.d.d.L.selectByExampleSelective [BaseJdbcLogger.java : 159] <==      Total: 6
2020-01-18 10:20:00,522 DEBUG [pool-5-thread-7] o.l.l.d.d.L.selectByExampleSelective [BaseJdbcLogger.java : 159] <==      Total: 4
2020-01-18 10:20:00,524 DEBUG [pool-5-thread-8] o.l.l.d.d.L.selectByExample [BaseJdbcLogger.java : 159] <==      Total: 1
2020-01-18 10:20:00,524 DEBUG [pool-5-thread-4] o.l.l.d.d.L.selectByExampleSelective [BaseJdbcLogger.java : 159] <==      Total: 6
2020-01-18 10:20:00,524 DEBUG [pool-5-thread-5] o.l.l.d.d.L.selectByExampleSelective [BaseJdbcLogger.java : 159] <==      Total: 6
2020-01-18 10:20:00,525 DEBUG [pool-5-thread-9] o.l.l.d.d.L.selectByExample [BaseJdbcLogger.java : 159] <==      Total: 4
2020-01-18 10:20:00,525 DEBUG [pool-5-thread-8] o.l.l.d.d.L.selectOneByExampleWithBLOBs [BaseJdbcLogger.java : 159] ==>  Preparing: select id, goods_sn, `name`, category_id, brand_id, gallery, keywords, brief, is_on_sale, sort_order, pic_url, share_url, is_new, is_hot, unit, counter_price, retail_price, add_time, update_time, deleted , detail from litemall_goods WHERE ( id = ? and deleted = ? ) limit 1 
2020-01-18 10:20:00,526 DEBUG [pool-5-thread-9] o.l.l.d.d.L.selectByExample [BaseJdbcLogger.java : 159] ==>  Preparing: select id, `name`, keywords, `desc`, pid, icon_url, pic_url, `level`, sort_order, add_time, update_time, deleted from litemall_category WHERE ( pid = ? and deleted = ? ) 
2020-01-18 10:20:00,526 DEBUG [pool-5-thread-8] o.l.l.d.d.L.selectOneByExampleWithBLOBs [BaseJdbcLogger.java : 159] ==> Parameters: 1110016(Integer), false(Boolean)
2020-01-18 10:20:00,526 DEBUG [pool-5-thread-9] o.l.l.d.d.L.selectByExample [BaseJdbcLogger.java : 159] ==> Parameters: 1001(Integer), false(Boolean)
2020-01-18 10:20:00,579 DEBUG [pool-5-thread-8] o.l.l.d.d.L.selectOneByExampleWithBLOBs [BaseJdbcLogger.java : 159] <==      Total: 0
2020-01-18 10:20:00,580 DEBUG [pool-5-thread-9] o.l.l.d.d.L.selectByExample [BaseJdbcLogger.java : 159] <==      Total: 2
2020-01-18 10:20:00,585 DEBUG [pool-5-thread-9] o.l.l.d.d.L.selectByExampleSelective_COUNT [BaseJdbcLogger.java : 159] ==>  Preparing: SELECT count(0) FROM litemall_goods WHERE (category_id IN (?, ?) AND is_on_sale = ? AND deleted = ?) 
2020-01-18 10:20:00,586 DEBUG [pool-5-thread-9] o.l.l.d.d.L.selectByExampleSelective_COUNT [BaseJdbcLogger.java : 159] ==> Parameters: 1005(Integer), 1006(Integer), true(Boolean), false(Boolean)
2020-01-18 10:20:00,633 DEBUG [pool-5-thread-9] o.l.l.d.d.L.selectByExampleSelective_COUNT [BaseJdbcLogger.java : 159] <==      Total: 1
2020-01-18 10:20:00,634 DEBUG [pool-5-thread-9] o.l.l.d.d.L.selectByExampleSelective [BaseJdbcLogger.java : 159] ==>  Preparing: select id , `name` , brief , pic_url , is_hot , is_new , counter_price , retail_price from litemall_goods WHERE ( category_id in ( ? , ? ) and is_on_sale = ? and deleted = ? ) order by add_time desc LIMIT ? 
2020-01-18 10:20:00,636 DEBUG [pool-5-thread-9] o.l.l.d.d.L.selectByExampleSelective [BaseJdbcLogger.java : 159] ==> Parameters: 1005(Integer), 1006(Integer), true(Boolean), false(Boolean), 4(Integer)
2020-01-18 10:20:00,689 DEBUG [pool-5-thread-9] o.l.l.d.d.L.selectByExampleSelective [BaseJdbcLogger.java : 159] <==      Total: 4
2020-01-18 10:20:00,691 DEBUG [pool-5-thread-9] o.l.l.d.d.L.selectByExample [BaseJdbcLogger.java : 159] ==>  Preparing: select id, `name`, keywords, `desc`, pid, icon_url, pic_url, `level`, sort_order, add_time, update_time, deleted from litemall_category WHERE ( pid = ? and deleted = ? ) 
2020-01-18 10:20:00,691 DEBUG [pool-5-thread-9] o.l.l.d.d.L.selectByExample [BaseJdbcLogger.java : 159] ==> Parameters: 1002(Integer), false(Boolean)
2020-01-18 10:20:00,739 DEBUG [pool-5-thread-9] o.l.l.d.d.L.selectByExample [BaseJdbcLogger.java : 159] <==      Total: 3
2020-01-18 10:20:00,740 DEBUG [pool-5-thread-9] o.l.l.d.d.L.selectByExampleSelective_COUNT [BaseJdbcLogger.java : 159] ==>  Preparing: SELECT count(0) FROM litemall_goods WHERE (category_id IN (?, ?, ?) AND is_on_sale = ? AND deleted = ?) 
2020-01-18 10:20:00,741 DEBUG [pool-5-thread-9] o.l.l.d.d.L.selectByExampleSelective_COUNT [BaseJdbcLogger.java : 159] ==> Parameters: 1007(Integer), 1008(Integer), 1009(Integer), true(Boolean), false(Boolean)
2020-01-18 10:20:00,958 DEBUG [pool-5-thread-9] o.l.l.d.d.L.selectByExampleSelective_COUNT [BaseJdbcLogger.java : 159] <==      Total: 1
2020-01-18 10:20:00,959 DEBUG [pool-5-thread-9] o.l.l.d.d.L.selectByExample [BaseJdbcLogger.java : 159] ==>  Preparing: select id, `name`, keywords, `desc`, pid, icon_url, pic_url, `level`, sort_order, add_time, update_time, deleted from litemall_category WHERE ( pid = ? and deleted = ? ) 
2020-01-18 10:20:00,959 DEBUG [pool-5-thread-9] o.l.l.d.d.L.selectByExample [BaseJdbcLogger.java : 159] ==> Parameters: 1003(Integer), false(Boolean)
2020-01-18 10:20:01,198 DEBUG [pool-5-thread-9] o.l.l.d.d.L.selectByExample [BaseJdbcLogger.java : 159] <==      Total: 2
2020-01-18 10:20:01,200 DEBUG [pool-5-thread-9] o.l.l.d.d.L.selectByExampleSelective_COUNT [BaseJdbcLogger.java : 159] ==>  Preparing: SELECT count(0) FROM litemall_goods WHERE (category_id IN (?, ?) AND is_on_sale = ? AND deleted = ?) 
2020-01-18 10:20:01,201 DEBUG [pool-5-thread-9] o.l.l.d.d.L.selectByExampleSelective_COUNT [BaseJdbcLogger.java : 159] ==> Parameters: 1010(Integer), 1011(Integer), true(Boolean), false(Boolean)
2020-01-18 10:20:01,245 DEBUG [pool-5-thread-9] o.l.l.d.d.L.selectByExampleSelective_COUNT [BaseJdbcLogger.java : 159] <==      Total: 1
2020-01-18 10:20:01,247 DEBUG [pool-5-thread-9] o.l.l.d.d.L.selectByExample [BaseJdbcLogger.java : 159] ==>  Preparing: select id, `name`, keywords, `desc`, pid, icon_url, pic_url, `level`, sort_order, add_time, update_time, deleted from litemall_category WHERE ( pid = ? and deleted = ? ) 
2020-01-18 10:20:01,248 DEBUG [pool-5-thread-9] o.l.l.d.d.L.selectByExample [BaseJdbcLogger.java : 159] ==> Parameters: 1004(Integer), false(Boolean)
2020-01-18 10:20:01,391 DEBUG [pool-5-thread-9] o.l.l.d.d.L.selectByExample [BaseJdbcLogger.java : 159] <==      Total: 3
2020-01-18 10:20:01,393 DEBUG [pool-5-thread-9] o.l.l.d.d.L.selectByExampleSelective_COUNT [BaseJdbcLogger.java : 159] ==>  Preparing: SELECT count(0) FROM litemall_goods WHERE (category_id IN (?, ?, ?) AND is_on_sale = ? AND deleted = ?) 
2020-01-18 10:20:01,394 DEBUG [pool-5-thread-9] o.l.l.d.d.L.selectByExampleSelective_COUNT [BaseJdbcLogger.java : 159] ==> Parameters: 1012(Integer), 1013(Integer), 1014(Integer), true(Boolean), false(Boolean)
2020-01-18 10:20:01,448 DEBUG [pool-5-thread-9] o.l.l.d.d.L.selectByExampleSelective_COUNT [BaseJdbcLogger.java : 159] <==      Total: 1
2020-01-18 10:20:20,564 ERROR [http-nio-8080-exec-9] c.b.w.m.api.impl.WxMaServiceImpl [WxMaServiceImpl.java : 257] 
【请求地址】: https://api.weixin.qq.com/sns/jscode2session?access_token=29_o3eGUldVJuaVVVIICCPjF-Pe4B0UyTlOMtY_Pyn3vwG7bwg2oeAWRhVCdokGLtxMITwTJ9D1Gx9B3OwKLioHM7W_8mEBzbnVm7gD1F2Tfwa4xI6D_o9cRxNmsltd8wh9t5K6lyRL7bT2WukhSTIhADABCR
【请求参数】：js_code=001jYKn22pin7U0kvlk22XONn22jYKn-&secret=******&grant_type=authorization_code&appid=wxa5b486c6b918ecfb
【错误信息】：{"errcode":40029,"errmsg":"invalid code, hints: [ req_id: JEIapz4ce-8boPxa ]"}
2020-01-18 10:20:29,278 ERROR [http-nio-8080-exec-10] c.b.w.m.api.impl.WxMaServiceImpl [WxMaServiceImpl.java : 257] 
【请求地址】: https://api.weixin.qq.com/sns/jscode2session?access_token=29_o3eGUldVJuaVVVIICCPjF-Pe4B0UyTlOMtY_Pyn3vwG7bwg2oeAWRhVCdokGLtxMITwTJ9D1Gx9B3OwKLioHM7W_8mEBzbnVm7gD1F2Tfwa4xI6D_o9cRxNmsltd8wh9t5K6lyRL7bT2WukhSTIhADABCR
【请求参数】：js_code=0718hbYf0RAx3t1vLT1g00ckYf08hbYO&secret=******&grant_type=authorization_code&appid=wxa5b486c6b918ecfb
【错误信息】：{"errcode":40029,"errmsg":"invalid code, hints: [ req_id: JEIam44ce-BjwOsA ]"}
2020-01-18 10:20:33,712 ERROR [http-nio-8080-exec-2] c.b.w.m.api.impl.WxMaServiceImpl [WxMaServiceImpl.java : 257] 
【请求地址】: https://api.weixin.qq.com/sns/jscode2session?access_token=29_o3eGUldVJuaVVVIICCPjF-Pe4B0UyTlOMtY_Pyn3vwG7bwg2oeAWRhVCdokGLtxMITwTJ9D1Gx9B3OwKLioHM7W_8mEBzbnVm7gD1F2Tfwa4xI6D_o9cRxNmsltd8wh9t5K6lyRL7bT2WukhSTIhADABCR
【请求参数】：js_code=001DfdHX1nzpeY0uh5EX1KqbHX1DfdHD&secret=******&grant_type=authorization_code&appid=wxa5b486c6b918ecfb
【错误信息】：{"errcode":40029,"errmsg":"invalid code, hints: [ req_id: JEIaP0yFe-jbmJca ]"}
2020-01-18 10:21:29,071 ERROR [http-nio-8080-exec-4] c.b.w.m.api.impl.WxMaServiceImpl [WxMaServiceImpl.java : 257] 
【请求地址】: https://api.weixin.qq.com/sns/jscode2session?access_token=29_o3eGUldVJuaVVVIICCPjF-Pe4B0UyTlOMtY_Pyn3vwG7bwg2oeAWRhVCdokGLtxMITwTJ9D1Gx9B3OwKLioHM7W_8mEBzbnVm7gD1F2Tfwa4xI6D_o9cRxNmsltd8wh9t5K6lyRL7bT2WukhSTIhADABCR
【请求参数】：js_code=081xcz8l1CGEeq0u4H7l15cl8l1xcz80&secret=******&grant_type=authorization_code&appid=wxa5b486c6b918ecfb
【错误信息】：{"errcode":40029,"errmsg":"invalid code, hints: [ req_id: kEIafz4ce-vZZkSa ]"}
2020-01-18 10:35:39,794 DEBUG [http-nio-8080-exec-5] o.l.l.d.d.L.countByExample [BaseJdbcLogger.java : 159] ==>  Preparing: select count(*) from litemall_goods WHERE ( is_on_sale = ? and deleted = ? ) 
2020-01-18 10:35:39,794 DEBUG [http-nio-8080-exec-6] o.l.l.d.d.L.countByExample [BaseJdbcLogger.java : 159] ==>  Preparing: select count(*) from litemall_brand 
2020-01-18 10:35:39,798 DEBUG [http-nio-8080-exec-6] o.l.l.d.d.L.countByExample [BaseJdbcLogger.java : 159] ==> Parameters: 
2020-01-18 10:35:39,798 DEBUG [http-nio-8080-exec-5] o.l.l.d.d.L.countByExample [BaseJdbcLogger.java : 159] ==> Parameters: true(Boolean), false(Boolean)
2020-01-18 10:35:39,923 DEBUG [http-nio-8080-exec-6] o.l.l.d.d.L.countByExample [BaseJdbcLogger.java : 159] <==      Total: 1
2020-01-18 10:35:39,923 DEBUG [http-nio-8080-exec-5] o.l.l.d.d.L.countByExample [BaseJdbcLogger.java : 159] <==      Total: 1
2020-01-18 10:35:39,943 DEBUG [pool-6-thread-5] o.l.l.d.d.L.selectByExampleSelective_COUNT [BaseJdbcLogger.java : 159] ==>  Preparing: SELECT count(0) FROM litemall_goods WHERE (is_hot = ? AND is_on_sale = ? AND deleted = ?) 
2020-01-18 10:35:39,943 DEBUG [pool-6-thread-8] o.l.l.d.d.L.selectByExample_COUNT [BaseJdbcLogger.java : 159] ==>  Preparing: SELECT count(0) FROM litemall_groupon_rules WHERE (`status` = ? AND deleted = ?) 
2020-01-18 10:35:39,944 DEBUG [pool-6-thread-5] o.l.l.d.d.L.selectByExampleSelective_COUNT [BaseJdbcLogger.java : 159] ==> Parameters: true(Boolean), true(Boolean), false(Boolean)
2020-01-18 10:35:39,945 DEBUG [pool-6-thread-8] o.l.l.d.d.L.selectByExample_COUNT [BaseJdbcLogger.java : 159] ==> Parameters: 0(Short), false(Boolean)
2020-01-18 10:35:40,105 DEBUG [pool-6-thread-9] o.l.l.d.d.L.selectByExample_COUNT [BaseJdbcLogger.java : 159] ==>  Preparing: SELECT count(0) FROM litemall_category WHERE (`level` = ? AND `name` <> ? AND deleted = ?) 
2020-01-18 10:35:40,105 DEBUG [pool-6-thread-7] o.l.l.d.d.L.selectByExampleSelective_COUNT [BaseJdbcLogger.java : 159] ==>  Preparing: SELECT count(0) FROM litemall_topic WHERE (deleted = ?) 
2020-01-18 10:35:40,105 DEBUG [pool-6-thread-2] o.l.l.d.d.L.selectByExampleSelective [BaseJdbcLogger.java : 159] ==>  Preparing: select id , `name` , icon_url from litemall_category WHERE ( `level` = ? and deleted = ? ) 
2020-01-18 10:35:40,105 DEBUG [pool-6-thread-5] o.l.l.d.d.L.selectByExampleSelective_COUNT [BaseJdbcLogger.java : 159] <==      Total: 1
2020-01-18 10:35:40,105 DEBUG [pool-6-thread-4] o.l.l.d.d.L.selectByExampleSelective_COUNT [BaseJdbcLogger.java : 159] ==>  Preparing: SELECT count(0) FROM litemall_goods WHERE (is_new = ? AND is_on_sale = ? AND deleted = ?) 
2020-01-18 10:35:40,105 DEBUG [pool-6-thread-6] o.l.l.d.d.L.selectByExampleSelective_COUNT [BaseJdbcLogger.java : 159] ==>  Preparing: SELECT count(0) FROM litemall_brand WHERE (deleted = ?) 
2020-01-18 10:35:40,105 DEBUG [pool-6-thread-1] o.l.l.d.d.L.selectByExample [BaseJdbcLogger.java : 159] ==>  Preparing: select id, `name`, link, url, `position`, content, start_time, end_time, enabled, add_time, update_time, deleted from litemall_ad WHERE ( `position` = ? and deleted = ? and enabled = ? ) 
2020-01-18 10:35:40,105 DEBUG [pool-6-thread-3] o.l.l.d.d.L.selectByExampleSelective_COUNT [BaseJdbcLogger.java : 159] ==>  Preparing: SELECT count(0) FROM litemall_coupon WHERE (`type` = ? AND `status` = ? AND deleted = ?) 
2020-01-18 10:35:40,106 DEBUG [pool-6-thread-2] o.l.l.d.d.L.selectByExampleSelective [BaseJdbcLogger.java : 159] ==> Parameters: L1(String), false(Boolean)
2020-01-18 10:35:40,106 DEBUG [pool-6-thread-4] o.l.l.d.d.L.selectByExampleSelective_COUNT [BaseJdbcLogger.java : 159] ==> Parameters: true(Boolean), true(Boolean), false(Boolean)
2020-01-18 10:35:40,106 DEBUG [pool-6-thread-9] o.l.l.d.d.L.selectByExample_COUNT [BaseJdbcLogger.java : 159] ==> Parameters: L1(String), 推荐(String), false(Boolean)
2020-01-18 10:35:40,106 DEBUG [pool-6-thread-5] o.l.l.d.d.L.selectByExampleSelective [BaseJdbcLogger.java : 159] ==>  Preparing: select id , `name` , brief , pic_url , is_hot , is_new , counter_price , retail_price from litemall_goods WHERE ( is_hot = ? and is_on_sale = ? and deleted = ? ) order by add_time desc LIMIT ? 
2020-01-18 10:35:40,106 DEBUG [pool-6-thread-7] o.l.l.d.d.L.selectByExampleSelective_COUNT [BaseJdbcLogger.java : 159] ==> Parameters: false(Boolean)
2020-01-18 10:35:40,105 DEBUG [pool-6-thread-8] o.l.l.d.d.L.selectByExample_COUNT [BaseJdbcLogger.java : 159] <==      Total: 1
2020-01-18 10:35:40,106 DEBUG [pool-6-thread-6] o.l.l.d.d.L.selectByExampleSelective_COUNT [BaseJdbcLogger.java : 159] ==> Parameters: false(Boolean)
2020-01-18 10:35:40,106 DEBUG [pool-6-thread-3] o.l.l.d.d.L.selectByExampleSelective_COUNT [BaseJdbcLogger.java : 159] ==> Parameters: 0(Short), 0(Short), false(Boolean)
2020-01-18 10:35:40,106 DEBUG [pool-6-thread-1] o.l.l.d.d.L.selectByExample [BaseJdbcLogger.java : 159] ==> Parameters: 1(Byte), false(Boolean), true(Boolean)
2020-01-18 10:35:40,106 DEBUG [pool-6-thread-5] o.l.l.d.d.L.selectByExampleSelective [BaseJdbcLogger.java : 159] ==> Parameters: true(Boolean), true(Boolean), false(Boolean), 6(Integer)
2020-01-18 10:35:40,107 DEBUG [pool-6-thread-8] o.l.l.d.d.L.selectByExample [BaseJdbcLogger.java : 159] ==>  Preparing: select id, goods_id, goods_name, pic_url, discount, discount_member, expire_time, `status`, add_time, update_time, deleted from litemall_groupon_rules WHERE ( `status` = ? and deleted = ? ) order by add_time desc LIMIT ? 
2020-01-18 10:35:40,108 DEBUG [pool-6-thread-8] o.l.l.d.d.L.selectByExample [BaseJdbcLogger.java : 159] ==> Parameters: 0(Short), false(Boolean), 5(Integer)
2020-01-18 10:35:40,150 DEBUG [pool-6-thread-9] o.l.l.d.d.L.selectByExample_COUNT [BaseJdbcLogger.java : 159] <==      Total: 1
2020-01-18 10:35:40,152 DEBUG [pool-6-thread-3] o.l.l.d.d.L.selectByExampleSelective_COUNT [BaseJdbcLogger.java : 159] <==      Total: 1
2020-01-18 10:35:40,152 DEBUG [pool-6-thread-7] o.l.l.d.d.L.selectByExampleSelective_COUNT [BaseJdbcLogger.java : 159] <==      Total: 1
2020-01-18 10:35:40,152 DEBUG [pool-6-thread-4] o.l.l.d.d.L.selectByExampleSelective_COUNT [BaseJdbcLogger.java : 159] <==      Total: 1
2020-01-18 10:35:40,152 DEBUG [pool-6-thread-6] o.l.l.d.d.L.selectByExampleSelective_COUNT [BaseJdbcLogger.java : 159] <==      Total: 1
2020-01-18 10:35:40,153 DEBUG [pool-6-thread-9] o.l.l.d.d.L.selectByExample [BaseJdbcLogger.java : 159] ==>  Preparing: select id, `name`, keywords, `desc`, pid, icon_url, pic_url, `level`, sort_order, add_time, update_time, deleted from litemall_category WHERE ( `level` = ? and `name` <> ? and deleted = ? ) LIMIT ? 
2020-01-18 10:35:40,153 DEBUG [pool-6-thread-2] o.l.l.d.d.L.selectByExampleSelective [BaseJdbcLogger.java : 159] <==      Total: 13
2020-01-18 10:35:40,154 DEBUG [pool-6-thread-7] o.l.l.d.d.L.selectByExampleSelective [BaseJdbcLogger.java : 159] ==>  Preparing: select id , title , subtitle , price , pic_url , read_count from litemall_topic WHERE ( deleted = ? ) order by add_time desc LIMIT ? 
2020-01-18 10:35:40,154 DEBUG [pool-6-thread-3] o.l.l.d.d.L.selectByExampleSelective [BaseJdbcLogger.java : 159] ==>  Preparing: select id , `name` , `desc` , tag , `days` , start_time , end_time , discount , `min` from litemall_coupon WHERE ( `type` = ? and `status` = ? and deleted = ? ) order by add_time desc LIMIT ? 
2020-01-18 10:35:40,154 DEBUG [pool-6-thread-4] o.l.l.d.d.L.selectByExampleSelective [BaseJdbcLogger.java : 159] ==>  Preparing: select id , `name` , brief , pic_url , is_hot , is_new , counter_price , retail_price from litemall_goods WHERE ( is_new = ? and is_on_sale = ? and deleted = ? ) order by add_time desc LIMIT ? 
2020-01-18 10:35:40,154 DEBUG [pool-6-thread-6] o.l.l.d.d.L.selectByExampleSelective [BaseJdbcLogger.java : 159] ==>  Preparing: select id , `name` , `desc` , pic_url , floor_price from litemall_brand WHERE ( deleted = ? ) LIMIT ? 
2020-01-18 10:35:40,155 DEBUG [pool-6-thread-7] o.l.l.d.d.L.selectByExampleSelective [BaseJdbcLogger.java : 159] ==> Parameters: false(Boolean), 4(Integer)
2020-01-18 10:35:40,155 DEBUG [pool-6-thread-6] o.l.l.d.d.L.selectByExampleSelective [BaseJdbcLogger.java : 159] ==> Parameters: false(Boolean), 6(Integer)
2020-01-18 10:35:40,155 DEBUG [pool-6-thread-9] o.l.l.d.d.L.selectByExample [BaseJdbcLogger.java : 159] ==> Parameters: L1(String), 推荐(String), false(Boolean), 4(Integer)
2020-01-18 10:35:40,156 DEBUG [pool-6-thread-3] o.l.l.d.d.L.selectByExampleSelective [BaseJdbcLogger.java : 159] ==> Parameters: 0(Short), 0(Short), false(Boolean), 3(Integer)
2020-01-18 10:35:40,156 DEBUG [pool-6-thread-4] o.l.l.d.d.L.selectByExampleSelective [BaseJdbcLogger.java : 159] ==> Parameters: true(Boolean), true(Boolean), false(Boolean), 6(Integer)
2020-01-18 10:35:40,165 DEBUG [pool-6-thread-8] o.l.l.d.d.L.selectByExample [BaseJdbcLogger.java : 159] <==      Total: 1
2020-01-18 10:35:40,165 DEBUG [pool-6-thread-1] o.l.l.d.d.L.selectByExample [BaseJdbcLogger.java : 159] <==      Total: 3
2020-01-18 10:35:40,166 DEBUG [pool-6-thread-5] o.l.l.d.d.L.selectByExampleSelective [BaseJdbcLogger.java : 159] <==      Total: 6
2020-01-18 10:35:40,169 DEBUG [pool-6-thread-8] o.l.l.d.d.L.selectOneByExampleWithBLOBs [BaseJdbcLogger.java : 159] ==>  Preparing: select id, goods_sn, `name`, category_id, brand_id, gallery, keywords, brief, is_on_sale, sort_order, pic_url, share_url, is_new, is_hot, unit, counter_price, retail_price, add_time, update_time, deleted , detail from litemall_goods WHERE ( id = ? and deleted = ? ) limit 1 
2020-01-18 10:35:40,170 DEBUG [pool-6-thread-8] o.l.l.d.d.L.selectOneByExampleWithBLOBs [BaseJdbcLogger.java : 159] ==> Parameters: 1110016(Integer), false(Boolean)
2020-01-18 10:35:40,197 DEBUG [pool-6-thread-3] o.l.l.d.d.L.selectByExampleSelective [BaseJdbcLogger.java : 159] <==      Total: 2
2020-01-18 10:35:40,199 DEBUG [pool-6-thread-7] o.l.l.d.d.L.selectByExampleSelective [BaseJdbcLogger.java : 159] <==      Total: 4
2020-01-18 10:35:40,200 DEBUG [pool-6-thread-4] o.l.l.d.d.L.selectByExampleSelective [BaseJdbcLogger.java : 159] <==      Total: 6
2020-01-18 10:35:40,201 DEBUG [pool-6-thread-9] o.l.l.d.d.L.selectByExample [BaseJdbcLogger.java : 159] <==      Total: 4
2020-01-18 10:35:40,203 DEBUG [pool-6-thread-6] o.l.l.d.d.L.selectByExampleSelective [BaseJdbcLogger.java : 159] <==      Total: 6
2020-01-18 10:35:40,204 DEBUG [pool-6-thread-9] o.l.l.d.d.L.selectByExample [BaseJdbcLogger.java : 159] ==>  Preparing: select id, `name`, keywords, `desc`, pid, icon_url, pic_url, `level`, sort_order, add_time, update_time, deleted from litemall_category WHERE ( pid = ? and deleted = ? ) 
2020-01-18 10:35:40,205 DEBUG [pool-6-thread-9] o.l.l.d.d.L.selectByExample [BaseJdbcLogger.java : 159] ==> Parameters: 1001(Integer), false(Boolean)
2020-01-18 10:35:40,423 DEBUG [pool-6-thread-9] o.l.l.d.d.L.selectByExample [BaseJdbcLogger.java : 159] <==      Total: 2
2020-01-18 10:35:40,427 DEBUG [pool-6-thread-9] o.l.l.d.d.L.selectByExampleSelective_COUNT [BaseJdbcLogger.java : 159] ==>  Preparing: SELECT count(0) FROM litemall_goods WHERE (category_id IN (?, ?) AND is_on_sale = ? AND deleted = ?) 
2020-01-18 10:35:40,428 DEBUG [pool-6-thread-9] o.l.l.d.d.L.selectByExampleSelective_COUNT [BaseJdbcLogger.java : 159] ==> Parameters: 1005(Integer), 1006(Integer), true(Boolean), false(Boolean)
2020-01-18 10:35:40,581 DEBUG [pool-6-thread-9] o.l.l.d.d.L.selectByExampleSelective_COUNT [BaseJdbcLogger.java : 159] <==      Total: 1
2020-01-18 10:35:40,582 DEBUG [pool-6-thread-9] o.l.l.d.d.L.selectByExampleSelective [BaseJdbcLogger.java : 159] ==>  Preparing: select id , `name` , brief , pic_url , is_hot , is_new , counter_price , retail_price from litemall_goods WHERE ( category_id in ( ? , ? ) and is_on_sale = ? and deleted = ? ) order by add_time desc LIMIT ? 
2020-01-18 10:35:40,584 DEBUG [pool-6-thread-9] o.l.l.d.d.L.selectByExampleSelective [BaseJdbcLogger.java : 159] ==> Parameters: 1005(Integer), 1006(Integer), true(Boolean), false(Boolean), 4(Integer)
2020-01-18 10:35:40,585 DEBUG [pool-6-thread-8] o.l.l.d.d.L.selectOneByExampleWithBLOBs [BaseJdbcLogger.java : 159] <==      Total: 0
2020-01-18 10:35:40,637 DEBUG [pool-6-thread-9] o.l.l.d.d.L.selectByExampleSelective [BaseJdbcLogger.java : 159] <==      Total: 4
2020-01-18 10:35:40,639 DEBUG [pool-6-thread-9] o.l.l.d.d.L.selectByExample [BaseJdbcLogger.java : 159] ==>  Preparing: select id, `name`, keywords, `desc`, pid, icon_url, pic_url, `level`, sort_order, add_time, update_time, deleted from litemall_category WHERE ( pid = ? and deleted = ? ) 
2020-01-18 10:35:40,640 DEBUG [pool-6-thread-9] o.l.l.d.d.L.selectByExample [BaseJdbcLogger.java : 159] ==> Parameters: 1002(Integer), false(Boolean)
2020-01-18 10:35:40,690 DEBUG [pool-6-thread-9] o.l.l.d.d.L.selectByExample [BaseJdbcLogger.java : 159] <==      Total: 3
2020-01-18 10:35:40,695 DEBUG [pool-6-thread-9] o.l.l.d.d.L.selectByExampleSelective_COUNT [BaseJdbcLogger.java : 159] ==>  Preparing: SELECT count(0) FROM litemall_goods WHERE (category_id IN (?, ?, ?) AND is_on_sale = ? AND deleted = ?) 
2020-01-18 10:35:40,696 DEBUG [pool-6-thread-9] o.l.l.d.d.L.selectByExampleSelective_COUNT [BaseJdbcLogger.java : 159] ==> Parameters: 1007(Integer), 1008(Integer), 1009(Integer), true(Boolean), false(Boolean)
2020-01-18 10:35:40,739 DEBUG [pool-6-thread-9] o.l.l.d.d.L.selectByExampleSelective_COUNT [BaseJdbcLogger.java : 159] <==      Total: 1
2020-01-18 10:35:40,740 DEBUG [pool-6-thread-9] o.l.l.d.d.L.selectByExample [BaseJdbcLogger.java : 159] ==>  Preparing: select id, `name`, keywords, `desc`, pid, icon_url, pic_url, `level`, sort_order, add_time, update_time, deleted from litemall_category WHERE ( pid = ? and deleted = ? ) 
2020-01-18 10:35:40,741 DEBUG [pool-6-thread-9] o.l.l.d.d.L.selectByExample [BaseJdbcLogger.java : 159] ==> Parameters: 1003(Integer), false(Boolean)
2020-01-18 10:35:40,789 DEBUG [pool-6-thread-9] o.l.l.d.d.L.selectByExample [BaseJdbcLogger.java : 159] <==      Total: 2
2020-01-18 10:35:40,795 DEBUG [pool-6-thread-9] o.l.l.d.d.L.selectByExampleSelective_COUNT [BaseJdbcLogger.java : 159] ==>  Preparing: SELECT count(0) FROM litemall_goods WHERE (category_id IN (?, ?) AND is_on_sale = ? AND deleted = ?) 
2020-01-18 10:35:40,796 DEBUG [pool-6-thread-9] o.l.l.d.d.L.selectByExampleSelective_COUNT [BaseJdbcLogger.java : 159] ==> Parameters: 1010(Integer), 1011(Integer), true(Boolean), false(Boolean)
2020-01-18 10:35:40,862 DEBUG [pool-6-thread-9] o.l.l.d.d.L.selectByExampleSelective_COUNT [BaseJdbcLogger.java : 159] <==      Total: 1
2020-01-18 10:35:40,863 DEBUG [pool-6-thread-9] o.l.l.d.d.L.selectByExample [BaseJdbcLogger.java : 159] ==>  Preparing: select id, `name`, keywords, `desc`, pid, icon_url, pic_url, `level`, sort_order, add_time, update_time, deleted from litemall_category WHERE ( pid = ? and deleted = ? ) 
2020-01-18 10:35:40,864 DEBUG [pool-6-thread-9] o.l.l.d.d.L.selectByExample [BaseJdbcLogger.java : 159] ==> Parameters: 1004(Integer), false(Boolean)
2020-01-18 10:35:40,927 DEBUG [pool-6-thread-9] o.l.l.d.d.L.selectByExample [BaseJdbcLogger.java : 159] <==      Total: 3
2020-01-18 10:35:40,930 DEBUG [pool-6-thread-9] o.l.l.d.d.L.selectByExampleSelective_COUNT [BaseJdbcLogger.java : 159] ==>  Preparing: SELECT count(0) FROM litemall_goods WHERE (category_id IN (?, ?, ?) AND is_on_sale = ? AND deleted = ?) 
2020-01-18 10:35:40,930 DEBUG [pool-6-thread-9] o.l.l.d.d.L.selectByExampleSelective_COUNT [BaseJdbcLogger.java : 159] ==> Parameters: 1012(Integer), 1013(Integer), 1014(Integer), true(Boolean), false(Boolean)
2020-01-18 10:35:40,988 DEBUG [pool-6-thread-9] o.l.l.d.d.L.selectByExampleSelective_COUNT [BaseJdbcLogger.java : 159] <==      Total: 1
2020-01-18 10:36:19,024 ERROR [http-nio-8080-exec-8] c.b.w.m.api.impl.WxMaServiceImpl [WxMaServiceImpl.java : 257] 
【请求地址】: https://api.weixin.qq.com/sns/jscode2session?access_token=29_o3eGUldVJuaVVVIICCPjF-Pe4B0UyTlOMtY_Pyn3vwG7bwg2oeAWRhVCdokGLtxMITwTJ9D1Gx9B3OwKLioHM7W_8mEBzbnVm7gD1F2Tfwa4xI6D_o9cRxNmsltd8wh9t5K6lyRL7bT2WukhSTIhADABCR
【请求参数】：js_code=061ffpxE1wqC150BVavE1sf7xE1ffpxn&secret=******&grant_type=authorization_code&appid=wxa5b486c6b918ecfb
【错误信息】：{"errcode":40029,"errmsg":"invalid code, hints: [ req_id: REIa0qLnRa-vEAVrA ]"}
