2020-01-29 11:04:28,049 INFO [main] org.linlinjava.litemall.Application [StartupInfoLogger.java : 50] Starting Application v0.1.0 on DESKTOP-0QNT9TJ with PID 14228 (D:\Deve\jintu\litemall-all\target\litemall-all-0.1.0-exec.jar started by admin in D:\Deve\jintu)
2020-01-29 11:04:28,058 DEBUG [main] org.linlinjava.litemall.Application [StartupInfoLogger.java : 53] Running with Spring Boot v2.1.5.RELEASE, Spring v5.1.7.RELEASE
2020-01-29 11:04:28,059 INFO [main] org.linlinjava.litemall.Application [SpringApplication.java : 679] The following profiles are active: db,core,admin,wx
2020-01-29 11:04:50,186 DEBUG [main] o.l.l.d.d.L.selectByExample [BaseJdbcLogger.java : 159] ==>  Preparing: select id, key_name, key_value, add_time, update_time, deleted from litemall_system WHERE ( deleted = ? ) 
2020-01-29 11:04:50,373 DEBUG [main] o.l.l.d.d.L.selectByExample [BaseJdbcLogger.java : 159] ==> Parameters: false(Boolean)
2020-01-29 11:04:50,452 DEBUG [main] o.l.l.d.d.L.selectByExample [BaseJdbcLogger.java : 159] <==      Total: 18
2020-01-29 11:04:50,456 INFO [main] o.l.l.core.util.SystemInfoPrinter [SystemInfoPrinter.java : 42] ============================================================================================================================================================================================================
2020-01-29 11:04:50,456 INFO [main] o.l.l.core.util.SystemInfoPrinter [SystemInfoPrinter.java : 43] 
2020-01-29 11:04:50,457 INFO [main] o.l.l.core.util.SystemInfoPrinter [SystemInfoPrinter.java : 44]               Litemall 初始化信息
2020-01-29 11:04:50,470 INFO [main] o.l.l.core.util.SystemInfoPrinter [SystemInfoPrinter.java : 45] 
2020-01-29 11:04:50,471 INFO [main] o.l.l.core.util.SystemInfoPrinter [SystemInfoPrinter.java : 67] 
2020-01-29 11:04:50,471 INFO [main] o.l.l.core.util.SystemInfoPrinter [SystemInfoPrinter.java : 68]     [[  系统信息  ]]
2020-01-29 11:04:50,471 INFO [main] o.l.l.core.util.SystemInfoPrinter [SystemInfoPrinter.java : 69] 
2020-01-29 11:04:50,472 INFO [main] o.l.l.core.util.SystemInfoPrinter [SystemInfoPrinter.java : 71]     服务器端口        ->        8080
2020-01-29 11:04:50,472 INFO [main] o.l.l.core.util.SystemInfoPrinter [SystemInfoPrinter.java : 71]     数据库USER        ->        root
2020-01-29 11:04:50,472 INFO [main] o.l.l.core.util.SystemInfoPrinter [SystemInfoPrinter.java : 71]     数据库地址        ->        jdbc:mysql://112.74.58.0:3306/litemall?useUnicode=true&characterEncoding=UTF-8&serverTimezone=UTC&allowPublicKeyRetrieval=true&verifyServerCertificate=false&useSSL=false
2020-01-29 11:04:50,473 INFO [main] o.l.l.core.util.SystemInfoPrinter [SystemInfoPrinter.java : 67] 
2020-01-29 11:04:50,474 INFO [main] o.l.l.core.util.SystemInfoPrinter [SystemInfoPrinter.java : 68]     [[  模块状态  ]]
2020-01-29 11:04:50,475 INFO [main] o.l.l.core.util.SystemInfoPrinter [SystemInfoPrinter.java : 69] 
2020-01-29 11:04:50,475 INFO [main] o.l.l.core.util.SystemInfoPrinter [SystemInfoPrinter.java : 71]     邮件        ->        false
2020-01-29 11:04:50,476 INFO [main] o.l.l.core.util.SystemInfoPrinter [SystemInfoPrinter.java : 71]     短信        ->        false
2020-01-29 11:04:50,476 INFO [main] o.l.l.core.util.SystemInfoPrinter [SystemInfoPrinter.java : 71]     快递信息        ->        false
2020-01-29 11:04:50,478 INFO [main] o.l.l.core.util.SystemInfoPrinter [SystemInfoPrinter.java : 71]     快递鸟ID        ->        XXXXXXXXX
2020-01-29 11:04:50,478 INFO [main] o.l.l.core.util.SystemInfoPrinter [SystemInfoPrinter.java : 71]     对象存储        ->        local
2020-01-29 11:04:50,478 INFO [main] o.l.l.core.util.SystemInfoPrinter [SystemInfoPrinter.java : 71]     本地对象存储路径        ->        storage
2020-01-29 11:04:50,479 INFO [main] o.l.l.core.util.SystemInfoPrinter [SystemInfoPrinter.java : 71]     本地对象访问地址        ->        http://localhost:8080/wx/storage/fetch/
2020-01-29 11:04:50,489 INFO [main] o.l.l.core.util.SystemInfoPrinter [SystemInfoPrinter.java : 67] 
2020-01-29 11:04:50,490 INFO [main] o.l.l.core.util.SystemInfoPrinter [SystemInfoPrinter.java : 68]     [[  微信相关  ]]
2020-01-29 11:04:50,490 INFO [main] o.l.l.core.util.SystemInfoPrinter [SystemInfoPrinter.java : 69] 
2020-01-29 11:04:50,490 INFO [main] o.l.l.core.util.SystemInfoPrinter [SystemInfoPrinter.java : 71]     微信APP KEY        ->        wx49d41f2a3ca7c96b
2020-01-29 11:04:50,490 INFO [main] o.l.l.core.util.SystemInfoPrinter [SystemInfoPrinter.java : 71]     微信APP-SECRET        ->        6661097bf3cc6369dd3d000da0ffed26
2020-01-29 11:04:50,491 INFO [main] o.l.l.core.util.SystemInfoPrinter [SystemInfoPrinter.java : 71]     微信支付MCH-ID        ->        1573872631
2020-01-29 11:04:50,491 INFO [main] o.l.l.core.util.SystemInfoPrinter [SystemInfoPrinter.java : 71]     微信支付MCH-KEY        ->        Cy19790903cyd20121119Cjy19790903
2020-01-29 11:04:50,491 INFO [main] o.l.l.core.util.SystemInfoPrinter [SystemInfoPrinter.java : 71]     微信支付通知地址        ->        http://www.example.com/wx/order/pay-notify
2020-01-29 11:04:50,492 INFO [main] o.l.l.core.util.SystemInfoPrinter [SystemInfoPrinter.java : 67] 
2020-01-29 11:04:50,492 INFO [main] o.l.l.core.util.SystemInfoPrinter [SystemInfoPrinter.java : 68]     [[  系统设置  ]]
2020-01-29 11:04:50,492 INFO [main] o.l.l.core.util.SystemInfoPrinter [SystemInfoPrinter.java : 69] 
2020-01-29 11:04:50,492 INFO [main] o.l.l.core.util.SystemInfoPrinter [SystemInfoPrinter.java : 71]     自动创建朋友圈分享图        ->        false
2020-01-29 11:04:50,493 INFO [main] o.l.l.core.util.SystemInfoPrinter [SystemInfoPrinter.java : 71]     商场名称        ->        litemall
2020-01-29 11:04:50,493 INFO [main] o.l.l.core.util.SystemInfoPrinter [SystemInfoPrinter.java : 71]     首页显示记录数：NEW,HOT,BRAND,TOPIC,CatlogList,CatlogMore        ->        6,6,4,4,4,4
2020-01-29 11:04:50,493 INFO [main] o.l.l.core.util.SystemInfoPrinter [SystemInfoPrinter.java : 49]   
2020-01-29 11:04:50,493 INFO [main] o.l.l.core.util.SystemInfoPrinter [SystemInfoPrinter.java : 50] ============================================================================================================================================================================================================
2020-01-29 11:04:54,805 INFO [scheduling-1] o.l.litemall.admin.job.CouponJob [CouponJob.java : 36] 系统开启任务检查优惠券是否已经过期
2020-01-29 11:04:54,836 DEBUG [scheduling-1] o.l.l.d.d.L.selectByExample [BaseJdbcLogger.java : 159] ==>  Preparing: select id, `name`, `desc`, tag, total, discount, `min`, `limit`, `type`, `status`, goods_type, goods_value, code, time_type, `days`, start_time, end_time, add_time, update_time, deleted from litemall_coupon WHERE ( `status` = ? and time_type = ? and end_time < ? and deleted = ? ) 
2020-01-29 11:04:54,846 DEBUG [scheduling-1] o.l.l.d.d.L.selectByExample [BaseJdbcLogger.java : 159] ==> Parameters: 0(Short), 1(Short), 2020-01-29 11:04:54.815(Timestamp), false(Boolean)
2020-01-29 11:04:54,901 DEBUG [scheduling-1] o.l.l.d.d.L.selectByExample [BaseJdbcLogger.java : 159] <==      Total: 0
2020-01-29 11:04:54,917 DEBUG [scheduling-1] o.l.l.d.d.L.selectByExample [BaseJdbcLogger.java : 159] ==>  Preparing: select id, user_id, coupon_id, `status`, used_time, start_time, end_time, order_id, add_time, update_time, deleted from litemall_coupon_user WHERE ( `status` = ? and end_time < ? and deleted = ? ) 
2020-01-29 11:04:54,920 DEBUG [scheduling-1] o.l.l.d.d.L.selectByExample [BaseJdbcLogger.java : 159] ==> Parameters: 0(Short), 2020-01-29 11:04:54.91(Timestamp), false(Boolean)
2020-01-29 11:04:54,967 DEBUG [scheduling-1] o.l.l.d.d.L.selectByExample [BaseJdbcLogger.java : 159] <==      Total: 0
2020-01-29 11:04:56,310 INFO [main] org.linlinjava.litemall.Application [StartupInfoLogger.java : 59] Started Application in 29.268 seconds (JVM running for 29.862)
2020-01-29 11:04:56,337 DEBUG [main] o.l.l.d.d.L.selectByExample [BaseJdbcLogger.java : 159] ==>  Preparing: select id, user_id, order_sn, order_status, consignee, mobile, address, message, goods_price, freight_price, coupon_price, integral_price, groupon_price, order_price, actual_price, pay_id, pay_time, ship_sn, ship_channel, ship_time, refund_amount, refund_type, refund_content, refund_time, confirm_time, comments, end_time, add_time, update_time, deleted from litemall_order WHERE ( order_status = ? and deleted = ? ) 
2020-01-29 11:04:56,340 DEBUG [main] o.l.l.d.d.L.selectByExample [BaseJdbcLogger.java : 159] ==> Parameters: 101(Short), false(Boolean)
2020-01-29 11:04:56,388 DEBUG [main] o.l.l.d.d.L.selectByExample [BaseJdbcLogger.java : 159] <==      Total: 0
2020-01-29 11:04:56,403 DEBUG [main] o.l.l.d.d.L.selectByExample [BaseJdbcLogger.java : 159] ==>  Preparing: select id, goods_id, goods_name, pic_url, discount, discount_member, expire_time, `status`, add_time, update_time, deleted from litemall_groupon_rules WHERE ( `status` = ? and deleted = ? ) 
2020-01-29 11:04:56,405 DEBUG [main] o.l.l.d.d.L.selectByExample [BaseJdbcLogger.java : 159] ==> Parameters: 0(Short), false(Boolean)
2020-01-29 11:04:56,453 DEBUG [main] o.l.l.d.d.L.selectByExample [BaseJdbcLogger.java : 159] <==      Total: 1
2020-01-29 11:06:29,912 DEBUG [http-nio-8080-exec-8] o.l.l.d.d.L.selectByExampleSelective_COUNT [BaseJdbcLogger.java : 159] ==>  Preparing: SELECT count(0) FROM litemall_goods WHERE (category_id = ? AND is_on_sale = ? AND deleted = ?) OR (category_id = ? AND is_on_sale = ? AND deleted = ?) 
2020-01-29 11:06:29,915 DEBUG [http-nio-8080-exec-10] o.l.l.d.d.L.selectByExampleSelective_COUNT [BaseJdbcLogger.java : 159] ==>  Preparing: SELECT count(0) FROM litemall_goods WHERE (is_new = ? AND is_on_sale = ? AND deleted = ?) OR (is_new = ? AND is_on_sale = ? AND deleted = ?) 
2020-01-29 11:06:29,915 DEBUG [http-nio-8080-exec-9] o.l.l.d.d.L.selectByExampleSelective_COUNT [BaseJdbcLogger.java : 159] ==>  Preparing: SELECT count(0) FROM litemall_goods WHERE (is_hot = ? AND is_on_sale = ? AND deleted = ?) OR (is_hot = ? AND is_on_sale = ? AND deleted = ?) 
2020-01-29 11:06:29,918 DEBUG [http-nio-8080-exec-10] o.l.l.d.d.L.selectByExampleSelective_COUNT [BaseJdbcLogger.java : 159] ==> Parameters: true(Boolean), true(Boolean), false(Boolean), true(Boolean), true(Boolean), false(Boolean)
2020-01-29 11:06:29,919 DEBUG [http-nio-8080-exec-9] o.l.l.d.d.L.selectByExampleSelective_COUNT [BaseJdbcLogger.java : 159] ==> Parameters: true(Boolean), true(Boolean), false(Boolean), true(Boolean), true(Boolean), false(Boolean)
2020-01-29 11:06:29,920 DEBUG [http-nio-8080-exec-8] o.l.l.d.d.L.selectByExampleSelective_COUNT [BaseJdbcLogger.java : 159] ==> Parameters: 1005(Integer), true(Boolean), false(Boolean), 1005(Integer), true(Boolean), false(Boolean)
2020-01-29 11:06:30,080 DEBUG [http-nio-8080-exec-8] o.l.l.d.d.L.selectByExampleSelective_COUNT [BaseJdbcLogger.java : 159] <==      Total: 1
2020-01-29 11:06:30,080 DEBUG [http-nio-8080-exec-9] o.l.l.d.d.L.selectByExampleSelective_COUNT [BaseJdbcLogger.java : 159] <==      Total: 1
2020-01-29 11:06:30,080 DEBUG [http-nio-8080-exec-10] o.l.l.d.d.L.selectByExampleSelective_COUNT [BaseJdbcLogger.java : 159] <==      Total: 1
2020-01-29 11:06:30,083 DEBUG [http-nio-8080-exec-10] o.l.l.d.d.L.selectByExampleSelective [BaseJdbcLogger.java : 159] ==>  Preparing: select id , `name` , brief , pic_url , is_hot , is_new , counter_price , retail_price from litemall_goods WHERE ( is_new = ? and is_on_sale = ? and deleted = ? ) or( is_new = ? and is_on_sale = ? and deleted = ? ) order by add_time desc LIMIT ? 
2020-01-29 11:06:30,083 DEBUG [http-nio-8080-exec-8] o.l.l.d.d.L.selectByExampleSelective [BaseJdbcLogger.java : 159] ==>  Preparing: select id , `name` , brief , pic_url , is_hot , is_new , counter_price , retail_price from litemall_goods WHERE ( category_id = ? and is_on_sale = ? and deleted = ? ) or( category_id = ? and is_on_sale = ? and deleted = ? ) order by add_time desc LIMIT ? 
2020-01-29 11:06:30,083 DEBUG [http-nio-8080-exec-9] o.l.l.d.d.L.selectByExampleSelective [BaseJdbcLogger.java : 159] ==>  Preparing: select id , `name` , brief , pic_url , is_hot , is_new , counter_price , retail_price from litemall_goods WHERE ( is_hot = ? and is_on_sale = ? and deleted = ? ) or( is_hot = ? and is_on_sale = ? and deleted = ? ) order by add_time desc LIMIT ? 
2020-01-29 11:06:30,089 DEBUG [http-nio-8080-exec-10] o.l.l.d.d.L.selectByExampleSelective [BaseJdbcLogger.java : 159] ==> Parameters: true(Boolean), true(Boolean), false(Boolean), true(Boolean), true(Boolean), false(Boolean), 10(Integer)
2020-01-29 11:06:30,089 DEBUG [http-nio-8080-exec-9] o.l.l.d.d.L.selectByExampleSelective [BaseJdbcLogger.java : 159] ==> Parameters: true(Boolean), true(Boolean), false(Boolean), true(Boolean), true(Boolean), false(Boolean), 10(Integer)
2020-01-29 11:06:30,089 DEBUG [http-nio-8080-exec-8] o.l.l.d.d.L.selectByExampleSelective [BaseJdbcLogger.java : 159] ==> Parameters: 1005(Integer), true(Boolean), false(Boolean), 1005(Integer), true(Boolean), false(Boolean), 10(Integer)
2020-01-29 11:06:30,165 DEBUG [http-nio-8080-exec-10] o.l.l.d.d.L.selectByExampleSelective [BaseJdbcLogger.java : 159] <==      Total: 10
2020-01-29 11:06:30,166 DEBUG [http-nio-8080-exec-9] o.l.l.d.d.L.selectByExampleSelective [BaseJdbcLogger.java : 159] <==      Total: 10
2020-01-29 11:06:30,166 DEBUG [http-nio-8080-exec-8] o.l.l.d.d.L.selectByExampleSelective [BaseJdbcLogger.java : 159] <==      Total: 10
2020-01-29 11:06:30,170 DEBUG [http-nio-8080-exec-10] o.l.l.d.d.L.selectByExampleSelective [BaseJdbcLogger.java : 159] ==>  Preparing: select category_id from litemall_goods WHERE ( is_new = ? and is_on_sale = ? and deleted = ? ) or( is_new = ? and is_on_sale = ? and deleted = ? ) 
2020-01-29 11:06:30,170 DEBUG [http-nio-8080-exec-8] o.l.l.d.d.L.selectByExampleSelective [BaseJdbcLogger.java : 159] ==>  Preparing: select category_id from litemall_goods WHERE ( is_on_sale = ? and deleted = ? ) or( is_on_sale = ? and deleted = ? ) 
2020-01-29 11:06:30,170 DEBUG [http-nio-8080-exec-9] o.l.l.d.d.L.selectByExampleSelective [BaseJdbcLogger.java : 159] ==>  Preparing: select category_id from litemall_goods WHERE ( is_hot = ? and is_on_sale = ? and deleted = ? ) or( is_hot = ? and is_on_sale = ? and deleted = ? ) 
2020-01-29 11:06:30,172 DEBUG [http-nio-8080-exec-8] o.l.l.d.d.L.selectByExampleSelective [BaseJdbcLogger.java : 159] ==> Parameters: true(Boolean), false(Boolean), true(Boolean), false(Boolean)
2020-01-29 11:06:30,172 DEBUG [http-nio-8080-exec-9] o.l.l.d.d.L.selectByExampleSelective [BaseJdbcLogger.java : 159] ==> Parameters: true(Boolean), true(Boolean), false(Boolean), true(Boolean), true(Boolean), false(Boolean)
2020-01-29 11:06:30,172 DEBUG [http-nio-8080-exec-10] o.l.l.d.d.L.selectByExampleSelective [BaseJdbcLogger.java : 159] ==> Parameters: true(Boolean), true(Boolean), false(Boolean), true(Boolean), true(Boolean), false(Boolean)
2020-01-29 11:06:30,232 DEBUG [http-nio-8080-exec-9] o.l.l.d.d.L.selectByExampleSelective [BaseJdbcLogger.java : 159] <==      Total: 12
2020-01-29 11:06:30,232 DEBUG [http-nio-8080-exec-10] o.l.l.d.d.L.selectByExampleSelective [BaseJdbcLogger.java : 159] <==      Total: 11
2020-01-29 11:06:30,235 DEBUG [http-nio-8080-exec-8] o.l.l.d.d.L.selectByExampleSelective [BaseJdbcLogger.java : 159] <==      Total: 61
2020-01-29 11:06:30,250 DEBUG [http-nio-8080-exec-10] o.l.l.d.d.L.selectByExample [BaseJdbcLogger.java : 159] ==>  Preparing: select id, `name`, keywords, `desc`, pid, icon_url, pic_url, `level`, sort_order, add_time, update_time, deleted from litemall_category WHERE ( id in ( ? , ? , ? , ? , ? , ? , ? , ? , ? , ? , ? ) and `level` = ? and deleted = ? ) 
2020-01-29 11:06:30,250 DEBUG [http-nio-8080-exec-9] o.l.l.d.d.L.selectByExample [BaseJdbcLogger.java : 159] ==>  Preparing: select id, `name`, keywords, `desc`, pid, icon_url, pic_url, `level`, sort_order, add_time, update_time, deleted from litemall_category WHERE ( id in ( ? , ? , ? , ? , ? , ? , ? , ? , ? , ? , ? , ? ) and `level` = ? and deleted = ? ) 
2020-01-29 11:06:30,252 DEBUG [http-nio-8080-exec-8] o.l.l.d.d.L.selectByExample [BaseJdbcLogger.java : 159] ==>  Preparing: select id, `name`, keywords, `desc`, pid, icon_url, pic_url, `level`, sort_order, add_time, update_time, deleted from litemall_category WHERE ( id in ( ? , ? , ? , ? , ? , ? , ? , ? , ? , ? , ? , ? , ? , ? , ? , ? , ? , ? , ? , ? , ? , ? , ? , ? , ? , ? , ? , ? , ? , ? , ? , ? , ? , ? , ? , ? , ? , ? , ? , ? , ? , ? , ? , ? , ? , ? , ? , ? , ? , ? , ? , ? , ? , ? , ? , ? , ? , ? , ? , ? , ? ) and `level` = ? and deleted = ? ) 
2020-01-29 11:06:30,256 DEBUG [http-nio-8080-exec-10] o.l.l.d.d.L.selectByExample [BaseJdbcLogger.java : 159] ==> Parameters: 1005(Integer), 1005(Integer), 1005(Integer), 1005(Integer), 1005(Integer), 1005(Integer), 1005(Integer), 1005(Integer), 1005(Integer), 1005(Integer), 1005(Integer), L2(String), false(Boolean)
2020-01-29 11:06:30,256 DEBUG [http-nio-8080-exec-9] o.l.l.d.d.L.selectByExample [BaseJdbcLogger.java : 159] ==> Parameters: 1005(Integer), 1005(Integer), 1005(Integer), 1005(Integer), 1005(Integer), 1005(Integer), 1005(Integer), 1005(Integer), 1005(Integer), 1005(Integer), 1005(Integer), 1005(Integer), L2(String), false(Boolean)
2020-01-29 11:06:30,258 DEBUG [http-nio-8080-exec-8] o.l.l.d.d.L.selectByExample [BaseJdbcLogger.java : 159] ==> Parameters: 1005(Integer), 1005(Integer), 1005(Integer), 1005(Integer), 1005(Integer), 1005(Integer), 1005(Integer), 1005(Integer), 1005(Integer), 1005(Integer), 1005(Integer), 1005(Integer), 1005(Integer), 1005(Integer), 1005(Integer), 1005(Integer), 1005(Integer), 1005(Integer), 1005(Integer), 1005(Integer), 1005(Integer), 1005(Integer), 1005(Integer), 1005(Integer), 1005(Integer), 1005(Integer), 1005(Integer), 1005(Integer), 1005(Integer), 1005(Integer), 1005(Integer), 1005(Integer), 1005(Integer), 1005(Integer), 1005(Integer), 1005(Integer), 1005(Integer), 1005(Integer), 1005(Integer), 1005(Integer), 1005(Integer), 1005(Integer), 1005(Integer), 1005(Integer), 1005(Integer), 1005(Integer), 1005(Integer), 1005(Integer), 1005(Integer), 1005(Integer), 1005(Integer), 1005(Integer), 1005(Integer), 1005(Integer), 1005(Integer), 1005(Integer), 1005(Integer), 1005(Integer), 1005(Integer), 1005(Integer), 1005(Integer), L2(String), false(Boolean)
2020-01-29 11:06:30,330 DEBUG [http-nio-8080-exec-10] o.l.l.d.d.L.selectByExample [BaseJdbcLogger.java : 159] <==      Total: 1
2020-01-29 11:06:30,343 DEBUG [http-nio-8080-exec-8] o.l.l.d.d.L.selectByExample [BaseJdbcLogger.java : 159] <==      Total: 1
2020-01-29 11:06:30,344 DEBUG [http-nio-8080-exec-9] o.l.l.d.d.L.selectByExample [BaseJdbcLogger.java : 159] <==      Total: 1
2020-01-29 11:06:49,803 DEBUG [http-nio-8080-exec-3] o.l.l.d.d.L.selectByExample [BaseJdbcLogger.java : 159] ==>  Preparing: select id, username, `password`, last_login_ip, last_login_time, avatar, add_time, update_time, deleted, role_ids from litemall_admin WHERE ( username = ? and deleted = ? ) 
2020-01-29 11:06:49,808 DEBUG [http-nio-8080-exec-3] o.l.l.d.d.L.selectByExample [BaseJdbcLogger.java : 159] ==> Parameters: admin123(String), false(Boolean)
2020-01-29 11:06:49,896 DEBUG [http-nio-8080-exec-3] o.l.l.d.d.L.selectByExample [BaseJdbcLogger.java : 159] <==      Total: 1
2020-01-29 11:06:50,000 DEBUG [http-nio-8080-exec-3] o.l.l.d.d.L.updateByPrimaryKeySelective [BaseJdbcLogger.java : 159] ==>  Preparing: update litemall_admin SET username = ?, `password` = ?, last_login_ip = ?, last_login_time = ?, avatar = ?, add_time = ?, update_time = ?, deleted = ?, role_ids = ? where id = ? 
2020-01-29 11:06:50,013 DEBUG [http-nio-8080-exec-3] o.l.l.d.d.L.updateByPrimaryKeySelective [BaseJdbcLogger.java : 159] ==> Parameters: admin123(String), $2a$10$.rEfyBb/GURD9P2p0fRg/OAJGloGNDkJS4lY0cQHeqDgsbdTylBpu(String), 0:0:0:0:0:0:0:1(String), 2020-01-29 11:06:49.999(Timestamp), https://wpimg.wallstcn.com/f778738c-e4f8-4870-b634-56703b4acafe.gif(String), 2018-02-01 00:00:00.0(Timestamp), 2020-01-29 11:06:49.999(Timestamp), false(Boolean), [1](String), 1(Integer)
2020-01-29 11:06:50,189 DEBUG [http-nio-8080-exec-3] o.l.l.d.d.L.updateByPrimaryKeySelective [BaseJdbcLogger.java : 159] <==    Updates: 1
2020-01-29 11:06:50,195 DEBUG [http-nio-8080-exec-3] o.l.l.d.d.L.insertSelective [BaseJdbcLogger.java : 159] ==>  Preparing: insert into litemall_log ( `admin`, ip, `type`, `action`, `status`, `result`, `comment`, add_time, update_time ) values ( ?, ?, ?, ?, ?, ?, ?, ?, ? ) 
2020-01-29 11:06:50,265 DEBUG [http-nio-8080-exec-3] o.l.l.d.d.L.insertSelective [BaseJdbcLogger.java : 159] ==> Parameters: admin123(String), 0:0:0:0:0:0:0:1(String), 1(Integer), 登录(String), true(Boolean), (String), (String), 2020-01-29 11:06:50.193(Timestamp), 2020-01-29 11:06:50.193(Timestamp)
2020-01-29 11:06:50,459 DEBUG [http-nio-8080-exec-3] o.l.l.d.d.L.insertSelective [BaseJdbcLogger.java : 159] <==    Updates: 1
2020-01-29 11:06:50,461 DEBUG [http-nio-8080-exec-3] o.l.l.d.d.L.insertSelective!selectKey [BaseJdbcLogger.java : 159] ==>  Preparing: SELECT LAST_INSERT_ID() 
2020-01-29 11:06:50,468 DEBUG [http-nio-8080-exec-3] o.l.l.d.d.L.insertSelective!selectKey [BaseJdbcLogger.java : 159] ==> Parameters: 
2020-01-29 11:06:50,523 DEBUG [http-nio-8080-exec-3] o.l.l.d.d.L.insertSelective!selectKey [BaseJdbcLogger.java : 159] <==      Total: 1
2020-01-29 11:06:50,572 DEBUG [http-nio-8080-exec-5] o.l.l.d.d.L.selectByExample [BaseJdbcLogger.java : 159] ==>  Preparing: select id, `name`, `desc`, enabled, add_time, update_time, deleted from litemall_role WHERE ( id in ( ? ) and enabled = ? and deleted = ? ) 
2020-01-29 11:06:50,575 DEBUG [http-nio-8080-exec-5] o.l.l.d.d.L.selectByExample [BaseJdbcLogger.java : 159] ==> Parameters: 1(Integer), true(Boolean), false(Boolean)
2020-01-29 11:06:50,626 DEBUG [http-nio-8080-exec-5] o.l.l.d.d.L.selectByExample [BaseJdbcLogger.java : 159] <==      Total: 1
2020-01-29 11:06:50,633 DEBUG [http-nio-8080-exec-5] o.l.l.d.d.L.selectByExample [BaseJdbcLogger.java : 159] ==>  Preparing: select id, role_id, permission, add_time, update_time, deleted from litemall_permission WHERE ( role_id in ( ? ) and deleted = ? ) 
2020-01-29 11:06:50,635 DEBUG [http-nio-8080-exec-5] o.l.l.d.d.L.selectByExample [BaseJdbcLogger.java : 159] ==> Parameters: 1(Integer), false(Boolean)
2020-01-29 11:06:50,682 DEBUG [http-nio-8080-exec-5] o.l.l.d.d.L.selectByExample [BaseJdbcLogger.java : 159] <==      Total: 1
2020-01-29 11:06:50,984 DEBUG [http-nio-8080-exec-7] o.l.l.d.d.L.countByExample [BaseJdbcLogger.java : 159] ==>  Preparing: select count(*) from litemall_user WHERE ( deleted = ? ) 
2020-01-29 11:06:50,986 DEBUG [http-nio-8080-exec-7] o.l.l.d.d.L.countByExample [BaseJdbcLogger.java : 159] ==> Parameters: false(Boolean)
2020-01-29 11:06:51,036 DEBUG [http-nio-8080-exec-7] o.l.l.d.d.L.countByExample [BaseJdbcLogger.java : 159] <==      Total: 1
2020-01-29 11:06:51,040 DEBUG [http-nio-8080-exec-7] o.l.l.d.d.L.countByExample [BaseJdbcLogger.java : 159] ==>  Preparing: select count(*) from litemall_goods WHERE ( deleted = ? ) 
2020-01-29 11:06:51,042 DEBUG [http-nio-8080-exec-7] o.l.l.d.d.L.countByExample [BaseJdbcLogger.java : 159] ==> Parameters: false(Boolean)
2020-01-29 11:06:51,087 DEBUG [http-nio-8080-exec-7] o.l.l.d.d.L.countByExample [BaseJdbcLogger.java : 159] <==      Total: 1
2020-01-29 11:06:51,095 DEBUG [http-nio-8080-exec-7] o.l.l.d.d.L.countByExample [BaseJdbcLogger.java : 159] ==>  Preparing: select count(*) from litemall_goods_product WHERE ( deleted = ? ) 
2020-01-29 11:06:51,096 DEBUG [http-nio-8080-exec-7] o.l.l.d.d.L.countByExample [BaseJdbcLogger.java : 159] ==> Parameters: false(Boolean)
2020-01-29 11:06:51,145 DEBUG [http-nio-8080-exec-7] o.l.l.d.d.L.countByExample [BaseJdbcLogger.java : 159] <==      Total: 1
2020-01-29 11:06:51,146 DEBUG [http-nio-8080-exec-7] o.l.l.d.d.L.countByExample [BaseJdbcLogger.java : 159] ==>  Preparing: select count(*) from litemall_order WHERE ( deleted = ? ) 
2020-01-29 11:06:51,147 DEBUG [http-nio-8080-exec-7] o.l.l.d.d.L.countByExample [BaseJdbcLogger.java : 159] ==> Parameters: false(Boolean)
2020-01-29 11:06:51,202 DEBUG [http-nio-8080-exec-7] o.l.l.d.d.L.countByExample [BaseJdbcLogger.java : 159] <==      Total: 1
2020-01-29 11:08:06,564 DEBUG [http-nio-8080-exec-3] o.l.l.d.d.L.countByExample [BaseJdbcLogger.java : 159] ==>  Preparing: select count(*) from litemall_brand 
2020-01-29 11:08:06,566 DEBUG [http-nio-8080-exec-3] o.l.l.d.d.L.countByExample [BaseJdbcLogger.java : 159] ==> Parameters: 
2020-01-29 11:08:06,566 DEBUG [http-nio-8080-exec-4] o.l.l.d.d.L.countByExample [BaseJdbcLogger.java : 159] ==>  Preparing: select count(*) from litemall_goods WHERE ( is_on_sale = ? and deleted = ? ) 
2020-01-29 11:08:06,570 DEBUG [http-nio-8080-exec-4] o.l.l.d.d.L.countByExample [BaseJdbcLogger.java : 159] ==> Parameters: true(Boolean), false(Boolean)
2020-01-29 11:08:06,616 DEBUG [http-nio-8080-exec-3] o.l.l.d.d.L.countByExample [BaseJdbcLogger.java : 159] <==      Total: 1
2020-01-29 11:08:06,622 DEBUG [http-nio-8080-exec-4] o.l.l.d.d.L.countByExample [BaseJdbcLogger.java : 159] <==      Total: 1
2020-01-29 11:08:06,624 DEBUG [pool-4-thread-2] o.l.l.d.d.L.selectByExampleSelective [BaseJdbcLogger.java : 159] ==>  Preparing: select id , `name` , icon_url from litemall_category WHERE ( `level` = ? and deleted = ? ) 
2020-01-29 11:08:06,630 DEBUG [pool-4-thread-2] o.l.l.d.d.L.selectByExampleSelective [BaseJdbcLogger.java : 159] ==> Parameters: L1(String), false(Boolean)
2020-01-29 11:08:06,631 DEBUG [pool-4-thread-5] o.l.l.d.d.L.selectByExampleSelective_COUNT [BaseJdbcLogger.java : 159] ==>  Preparing: SELECT count(0) FROM litemall_goods WHERE (is_hot = ? AND is_on_sale = ? AND deleted = ?) 
2020-01-29 11:08:06,642 DEBUG [pool-4-thread-5] o.l.l.d.d.L.selectByExampleSelective_COUNT [BaseJdbcLogger.java : 159] ==> Parameters: true(Boolean), true(Boolean), false(Boolean)
2020-01-29 11:08:06,669 DEBUG [pool-4-thread-3] o.l.l.d.d.L.selectByExampleSelective_COUNT [BaseJdbcLogger.java : 159] ==>  Preparing: SELECT count(0) FROM litemall_coupon WHERE (`type` = ? AND `status` = ? AND deleted = ?) 
2020-01-29 11:08:06,672 DEBUG [pool-4-thread-3] o.l.l.d.d.L.selectByExampleSelective_COUNT [BaseJdbcLogger.java : 159] ==> Parameters: 0(Short), 0(Short), false(Boolean)
2020-01-29 11:08:06,691 DEBUG [pool-4-thread-4] o.l.l.d.d.L.selectByExampleSelective_COUNT [BaseJdbcLogger.java : 159] ==>  Preparing: SELECT count(0) FROM litemall_goods WHERE (is_new = ? AND is_on_sale = ? AND deleted = ?) 
2020-01-29 11:08:06,694 DEBUG [pool-4-thread-4] o.l.l.d.d.L.selectByExampleSelective_COUNT [BaseJdbcLogger.java : 159] ==> Parameters: true(Boolean), true(Boolean), false(Boolean)
2020-01-29 11:08:06,697 DEBUG [pool-4-thread-5] o.l.l.d.d.L.selectByExampleSelective_COUNT [BaseJdbcLogger.java : 159] <==      Total: 1
2020-01-29 11:08:06,699 DEBUG [pool-4-thread-5] o.l.l.d.d.L.selectByExampleSelective [BaseJdbcLogger.java : 159] ==>  Preparing: select id , `name` , brief , pic_url , is_hot , is_new , counter_price , retail_price from litemall_goods WHERE ( is_hot = ? and is_on_sale = ? and deleted = ? ) order by add_time desc LIMIT ? 
2020-01-29 11:08:06,703 DEBUG [pool-4-thread-5] o.l.l.d.d.L.selectByExampleSelective [BaseJdbcLogger.java : 159] ==> Parameters: true(Boolean), true(Boolean), false(Boolean), 6(Integer)
2020-01-29 11:08:06,703 DEBUG [pool-4-thread-2] o.l.l.d.d.L.selectByExampleSelective [BaseJdbcLogger.java : 159] <==      Total: 13
2020-01-29 11:08:06,708 DEBUG [pool-4-thread-6] o.l.l.d.d.L.selectByExampleSelective_COUNT [BaseJdbcLogger.java : 159] ==>  Preparing: SELECT count(0) FROM litemall_brand WHERE (deleted = ?) 
2020-01-29 11:08:06,708 DEBUG [pool-4-thread-8] o.l.l.d.d.L.selectByExample_COUNT [BaseJdbcLogger.java : 159] ==>  Preparing: SELECT count(0) FROM litemall_groupon_rules WHERE (`status` = ? AND deleted = ?) 
2020-01-29 11:08:06,714 DEBUG [pool-4-thread-9] o.l.l.d.d.L.selectByExample_COUNT [BaseJdbcLogger.java : 159] ==>  Preparing: SELECT count(0) FROM litemall_category WHERE (`level` = ? AND `name` <> ? AND deleted = ?) 
2020-01-29 11:08:06,714 DEBUG [pool-4-thread-6] o.l.l.d.d.L.selectByExampleSelective_COUNT [BaseJdbcLogger.java : 159] ==> Parameters: false(Boolean)
2020-01-29 11:08:06,716 DEBUG [pool-4-thread-8] o.l.l.d.d.L.selectByExample_COUNT [BaseJdbcLogger.java : 159] ==> Parameters: 0(Short), false(Boolean)
2020-01-29 11:08:06,719 DEBUG [pool-4-thread-9] o.l.l.d.d.L.selectByExample_COUNT [BaseJdbcLogger.java : 159] ==> Parameters: L1(String), 推荐(String), false(Boolean)
2020-01-29 11:08:06,724 DEBUG [pool-4-thread-3] o.l.l.d.d.L.selectByExampleSelective_COUNT [BaseJdbcLogger.java : 159] <==      Total: 1
2020-01-29 11:08:06,726 DEBUG [pool-4-thread-1] o.l.l.d.d.L.selectByExample [BaseJdbcLogger.java : 159] ==>  Preparing: select id, `name`, link, url, `position`, content, start_time, end_time, enabled, add_time, update_time, deleted from litemall_ad WHERE ( `position` = ? and deleted = ? and enabled = ? ) 
2020-01-29 11:08:06,736 DEBUG [pool-4-thread-3] o.l.l.d.d.L.selectByExampleSelective [BaseJdbcLogger.java : 159] ==>  Preparing: select id , `name` , `desc` , tag , `days` , start_time , end_time , discount , `min` from litemall_coupon WHERE ( `type` = ? and `status` = ? and deleted = ? ) order by add_time desc LIMIT ? 
2020-01-29 11:08:06,739 DEBUG [pool-4-thread-3] o.l.l.d.d.L.selectByExampleSelective [BaseJdbcLogger.java : 159] ==> Parameters: 0(Short), 0(Short), false(Boolean), 3(Integer)
2020-01-29 11:08:06,739 DEBUG [pool-4-thread-1] o.l.l.d.d.L.selectByExample [BaseJdbcLogger.java : 159] ==> Parameters: 1(Byte), false(Boolean), true(Boolean)
2020-01-29 11:08:06,743 DEBUG [pool-4-thread-4] o.l.l.d.d.L.selectByExampleSelective_COUNT [BaseJdbcLogger.java : 159] <==      Total: 1
2020-01-29 11:08:06,745 DEBUG [pool-4-thread-4] o.l.l.d.d.L.selectByExampleSelective [BaseJdbcLogger.java : 159] ==>  Preparing: select id , `name` , brief , pic_url , is_hot , is_new , counter_price , retail_price from litemall_goods WHERE ( is_new = ? and is_on_sale = ? and deleted = ? ) order by add_time desc LIMIT ? 
2020-01-29 11:08:06,748 DEBUG [pool-4-thread-4] o.l.l.d.d.L.selectByExampleSelective [BaseJdbcLogger.java : 159] ==> Parameters: true(Boolean), true(Boolean), false(Boolean), 6(Integer)
2020-01-29 11:08:06,839 DEBUG [pool-4-thread-7] o.l.l.d.d.L.selectByExampleSelective_COUNT [BaseJdbcLogger.java : 159] ==>  Preparing: SELECT count(0) FROM litemall_topic WHERE (deleted = ?) 
2020-01-29 11:08:06,840 DEBUG [pool-4-thread-8] o.l.l.d.d.L.selectByExample_COUNT [BaseJdbcLogger.java : 159] <==      Total: 1
2020-01-29 11:08:06,841 DEBUG [pool-4-thread-5] o.l.l.d.d.L.selectByExampleSelective [BaseJdbcLogger.java : 159] <==      Total: 6
2020-01-29 11:08:06,840 DEBUG [pool-4-thread-6] o.l.l.d.d.L.selectByExampleSelective_COUNT [BaseJdbcLogger.java : 159] <==      Total: 1
2020-01-29 11:08:06,843 DEBUG [pool-4-thread-9] o.l.l.d.d.L.selectByExample_COUNT [BaseJdbcLogger.java : 159] <==      Total: 1
2020-01-29 11:08:06,843 DEBUG [pool-4-thread-3] o.l.l.d.d.L.selectByExampleSelective [BaseJdbcLogger.java : 159] <==      Total: 2
2020-01-29 11:08:06,843 DEBUG [pool-4-thread-7] o.l.l.d.d.L.selectByExampleSelective_COUNT [BaseJdbcLogger.java : 159] ==> Parameters: false(Boolean)
2020-01-29 11:08:06,843 DEBUG [pool-4-thread-6] o.l.l.d.d.L.selectByExampleSelective [BaseJdbcLogger.java : 159] ==>  Preparing: select id , `name` , `desc` , pic_url , floor_price from litemall_brand WHERE ( deleted = ? ) LIMIT ? 
2020-01-29 11:08:06,843 DEBUG [pool-4-thread-8] o.l.l.d.d.L.selectByExample [BaseJdbcLogger.java : 159] ==>  Preparing: select id, goods_id, goods_name, pic_url, discount, discount_member, expire_time, `status`, add_time, update_time, deleted from litemall_groupon_rules WHERE ( `status` = ? and deleted = ? ) order by add_time desc LIMIT ? 
2020-01-29 11:08:06,844 DEBUG [pool-4-thread-1] o.l.l.d.d.L.selectByExample [BaseJdbcLogger.java : 159] <==      Total: 3
2020-01-29 11:08:06,844 DEBUG [pool-4-thread-4] o.l.l.d.d.L.selectByExampleSelective [BaseJdbcLogger.java : 159] <==      Total: 6
2020-01-29 11:08:06,845 DEBUG [pool-4-thread-9] o.l.l.d.d.L.selectByExample [BaseJdbcLogger.java : 159] ==>  Preparing: select id, `name`, keywords, `desc`, pid, icon_url, pic_url, `level`, sort_order, add_time, update_time, deleted from litemall_category WHERE ( `level` = ? and `name` <> ? and deleted = ? ) LIMIT ? 
2020-01-29 11:08:06,846 DEBUG [pool-4-thread-6] o.l.l.d.d.L.selectByExampleSelective [BaseJdbcLogger.java : 159] ==> Parameters: false(Boolean), 6(Integer)
2020-01-29 11:08:06,847 DEBUG [pool-4-thread-8] o.l.l.d.d.L.selectByExample [BaseJdbcLogger.java : 159] ==> Parameters: 0(Short), false(Boolean), 5(Integer)
2020-01-29 11:08:06,848 DEBUG [pool-4-thread-9] o.l.l.d.d.L.selectByExample [BaseJdbcLogger.java : 159] ==> Parameters: L1(String), 推荐(String), false(Boolean), 4(Integer)
2020-01-29 11:08:06,940 DEBUG [pool-4-thread-7] o.l.l.d.d.L.selectByExampleSelective_COUNT [BaseJdbcLogger.java : 159] <==      Total: 1
2020-01-29 11:08:06,940 DEBUG [pool-4-thread-9] o.l.l.d.d.L.selectByExample [BaseJdbcLogger.java : 159] <==      Total: 4
2020-01-29 11:08:06,942 DEBUG [pool-4-thread-7] o.l.l.d.d.L.selectByExampleSelective [BaseJdbcLogger.java : 159] ==>  Preparing: select id , title , subtitle , price , pic_url , read_count from litemall_topic WHERE ( deleted = ? ) order by add_time desc LIMIT ? 
2020-01-29 11:08:06,942 DEBUG [pool-4-thread-8] o.l.l.d.d.L.selectByExample [BaseJdbcLogger.java : 159] <==      Total: 1
2020-01-29 11:08:06,943 DEBUG [pool-4-thread-6] o.l.l.d.d.L.selectByExampleSelective [BaseJdbcLogger.java : 159] <==      Total: 6
2020-01-29 11:08:06,946 DEBUG [pool-4-thread-9] o.l.l.d.d.L.selectByExample [BaseJdbcLogger.java : 159] ==>  Preparing: select id, `name`, keywords, `desc`, pid, icon_url, pic_url, `level`, sort_order, add_time, update_time, deleted from litemall_category WHERE ( pid = ? and deleted = ? ) 
2020-01-29 11:08:06,946 DEBUG [pool-4-thread-7] o.l.l.d.d.L.selectByExampleSelective [BaseJdbcLogger.java : 159] ==> Parameters: false(Boolean), 4(Integer)
2020-01-29 11:08:06,949 DEBUG [pool-4-thread-8] o.l.l.d.d.L.selectOneByExampleWithBLOBs [BaseJdbcLogger.java : 159] ==>  Preparing: select id, goods_sn, `name`, category_id, brand_id, gallery, keywords, brief, is_on_sale, sort_order, pic_url, share_url, is_new, is_hot, unit, counter_price, retail_price, add_time, update_time, deleted , detail from litemall_goods WHERE ( id = ? and deleted = ? ) limit 1 
2020-01-29 11:08:06,953 DEBUG [pool-4-thread-9] o.l.l.d.d.L.selectByExample [BaseJdbcLogger.java : 159] ==> Parameters: 1001(Integer), false(Boolean)
2020-01-29 11:08:06,956 DEBUG [pool-4-thread-8] o.l.l.d.d.L.selectOneByExampleWithBLOBs [BaseJdbcLogger.java : 159] ==> Parameters: 1110016(Integer), false(Boolean)
2020-01-29 11:08:06,998 DEBUG [pool-4-thread-9] o.l.l.d.d.L.selectByExample [BaseJdbcLogger.java : 159] <==      Total: 2
2020-01-29 11:08:07,000 DEBUG [pool-4-thread-8] o.l.l.d.d.L.selectOneByExampleWithBLOBs [BaseJdbcLogger.java : 159] <==      Total: 0
2020-01-29 11:08:07,001 DEBUG [pool-4-thread-7] o.l.l.d.d.L.selectByExampleSelective [BaseJdbcLogger.java : 159] <==      Total: 4
2020-01-29 11:08:07,006 DEBUG [pool-4-thread-9] o.l.l.d.d.L.selectByExampleSelective_COUNT [BaseJdbcLogger.java : 159] ==>  Preparing: SELECT count(0) FROM litemall_goods WHERE (category_id IN (?, ?) AND is_on_sale = ? AND deleted = ?) 
2020-01-29 11:08:07,008 DEBUG [pool-4-thread-9] o.l.l.d.d.L.selectByExampleSelective_COUNT [BaseJdbcLogger.java : 159] ==> Parameters: 1005(Integer), 1006(Integer), true(Boolean), false(Boolean)
2020-01-29 11:08:07,252 DEBUG [pool-4-thread-9] o.l.l.d.d.L.selectByExampleSelective_COUNT [BaseJdbcLogger.java : 159] <==      Total: 1
2020-01-29 11:08:07,253 DEBUG [pool-4-thread-9] o.l.l.d.d.L.selectByExampleSelective [BaseJdbcLogger.java : 159] ==>  Preparing: select id , `name` , brief , pic_url , is_hot , is_new , counter_price , retail_price from litemall_goods WHERE ( category_id in ( ? , ? ) and is_on_sale = ? and deleted = ? ) order by add_time desc LIMIT ? 
2020-01-29 11:08:07,254 DEBUG [pool-4-thread-9] o.l.l.d.d.L.selectByExampleSelective [BaseJdbcLogger.java : 159] ==> Parameters: 1005(Integer), 1006(Integer), true(Boolean), false(Boolean), 4(Integer)
2020-01-29 11:08:07,461 DEBUG [pool-4-thread-9] o.l.l.d.d.L.selectByExampleSelective [BaseJdbcLogger.java : 159] <==      Total: 4
2020-01-29 11:08:07,464 DEBUG [pool-4-thread-9] o.l.l.d.d.L.selectByExample [BaseJdbcLogger.java : 159] ==>  Preparing: select id, `name`, keywords, `desc`, pid, icon_url, pic_url, `level`, sort_order, add_time, update_time, deleted from litemall_category WHERE ( pid = ? and deleted = ? ) 
2020-01-29 11:08:07,465 DEBUG [pool-4-thread-9] o.l.l.d.d.L.selectByExample [BaseJdbcLogger.java : 159] ==> Parameters: 1002(Integer), false(Boolean)
2020-01-29 11:08:07,513 DEBUG [pool-4-thread-9] o.l.l.d.d.L.selectByExample [BaseJdbcLogger.java : 159] <==      Total: 3
2020-01-29 11:08:07,516 DEBUG [pool-4-thread-9] o.l.l.d.d.L.selectByExampleSelective_COUNT [BaseJdbcLogger.java : 159] ==>  Preparing: SELECT count(0) FROM litemall_goods WHERE (category_id IN (?, ?, ?) AND is_on_sale = ? AND deleted = ?) 
2020-01-29 11:08:07,518 DEBUG [pool-4-thread-9] o.l.l.d.d.L.selectByExampleSelective_COUNT [BaseJdbcLogger.java : 159] ==> Parameters: 1007(Integer), 1008(Integer), 1009(Integer), true(Boolean), false(Boolean)
2020-01-29 11:08:07,572 DEBUG [pool-4-thread-9] o.l.l.d.d.L.selectByExampleSelective_COUNT [BaseJdbcLogger.java : 159] <==      Total: 1
2020-01-29 11:08:07,574 DEBUG [pool-4-thread-9] o.l.l.d.d.L.selectByExample [BaseJdbcLogger.java : 159] ==>  Preparing: select id, `name`, keywords, `desc`, pid, icon_url, pic_url, `level`, sort_order, add_time, update_time, deleted from litemall_category WHERE ( pid = ? and deleted = ? ) 
2020-01-29 11:08:07,575 DEBUG [pool-4-thread-9] o.l.l.d.d.L.selectByExample [BaseJdbcLogger.java : 159] ==> Parameters: 1003(Integer), false(Boolean)
2020-01-29 11:08:07,757 DEBUG [pool-4-thread-9] o.l.l.d.d.L.selectByExample [BaseJdbcLogger.java : 159] <==      Total: 2
2020-01-29 11:08:07,760 DEBUG [pool-4-thread-9] o.l.l.d.d.L.selectByExampleSelective_COUNT [BaseJdbcLogger.java : 159] ==>  Preparing: SELECT count(0) FROM litemall_goods WHERE (category_id IN (?, ?) AND is_on_sale = ? AND deleted = ?) 
2020-01-29 11:08:07,761 DEBUG [pool-4-thread-9] o.l.l.d.d.L.selectByExampleSelective_COUNT [BaseJdbcLogger.java : 159] ==> Parameters: 1010(Integer), 1011(Integer), true(Boolean), false(Boolean)
2020-01-29 11:08:07,810 DEBUG [pool-4-thread-9] o.l.l.d.d.L.selectByExampleSelective_COUNT [BaseJdbcLogger.java : 159] <==      Total: 1
2020-01-29 11:08:07,812 DEBUG [pool-4-thread-9] o.l.l.d.d.L.selectByExample [BaseJdbcLogger.java : 159] ==>  Preparing: select id, `name`, keywords, `desc`, pid, icon_url, pic_url, `level`, sort_order, add_time, update_time, deleted from litemall_category WHERE ( pid = ? and deleted = ? ) 
2020-01-29 11:08:07,813 DEBUG [pool-4-thread-9] o.l.l.d.d.L.selectByExample [BaseJdbcLogger.java : 159] ==> Parameters: 1004(Integer), false(Boolean)
2020-01-29 11:08:07,874 DEBUG [pool-4-thread-9] o.l.l.d.d.L.selectByExample [BaseJdbcLogger.java : 159] <==      Total: 3
2020-01-29 11:08:07,877 DEBUG [pool-4-thread-9] o.l.l.d.d.L.selectByExampleSelective_COUNT [BaseJdbcLogger.java : 159] ==>  Preparing: SELECT count(0) FROM litemall_goods WHERE (category_id IN (?, ?, ?) AND is_on_sale = ? AND deleted = ?) 
2020-01-29 11:08:07,878 DEBUG [pool-4-thread-9] o.l.l.d.d.L.selectByExampleSelective_COUNT [BaseJdbcLogger.java : 159] ==> Parameters: 1012(Integer), 1013(Integer), 1014(Integer), true(Boolean), false(Boolean)
2020-01-29 11:08:08,036 DEBUG [pool-4-thread-9] o.l.l.d.d.L.selectByExampleSelective_COUNT [BaseJdbcLogger.java : 159] <==      Total: 1
2020-01-29 11:08:15,380 DEBUG [http-nio-8080-exec-5] o.l.l.d.d.L.selectOneByExample [BaseJdbcLogger.java : 159] ==>  Preparing: select id, keyword, url, is_hot, is_default, sort_order, add_time, update_time, deleted from litemall_keyword WHERE ( is_default = ? and deleted = ? ) limit 1 
2020-01-29 11:08:15,384 DEBUG [http-nio-8080-exec-5] o.l.l.d.d.L.selectOneByExample [BaseJdbcLogger.java : 159] ==> Parameters: true(Boolean), false(Boolean)
2020-01-29 11:08:15,440 DEBUG [http-nio-8080-exec-5] o.l.l.d.d.L.selectOneByExample [BaseJdbcLogger.java : 159] <==      Total: 1
2020-01-29 11:08:15,443 DEBUG [http-nio-8080-exec-5] o.l.l.d.d.L.selectByExample [BaseJdbcLogger.java : 159] ==>  Preparing: select id, keyword, url, is_hot, is_default, sort_order, add_time, update_time, deleted from litemall_keyword WHERE ( is_hot = ? and deleted = ? ) 
2020-01-29 11:08:15,445 DEBUG [http-nio-8080-exec-5] o.l.l.d.d.L.selectByExample [BaseJdbcLogger.java : 159] ==> Parameters: true(Boolean), false(Boolean)
2020-01-29 11:08:15,501 DEBUG [http-nio-8080-exec-5] o.l.l.d.d.L.selectByExample [BaseJdbcLogger.java : 159] <==      Total: 1
2020-01-29 11:08:35,373 DEBUG [http-nio-8080-exec-6] o.l.l.d.d.L.selectByExample [BaseJdbcLogger.java : 159] ==>  Preparing: select id, username, `password`, gender, birthday, last_login_time, last_login_ip, user_level, nickname, mobile, avatar, weixin_openid, session_key, `status`, add_time, update_time, deleted from litemall_user WHERE ( username = ? and deleted = ? ) 
2020-01-29 11:08:35,374 DEBUG [http-nio-8080-exec-6] o.l.l.d.d.L.selectByExample [BaseJdbcLogger.java : 159] ==> Parameters: user123(String), false(Boolean)
2020-01-29 11:08:35,424 DEBUG [http-nio-8080-exec-6] o.l.l.d.d.L.selectByExample [BaseJdbcLogger.java : 159] <==      Total: 1
2020-01-29 11:08:35,502 DEBUG [http-nio-8080-exec-6] o.l.l.d.d.L.updateByPrimaryKeySelective [BaseJdbcLogger.java : 159] ==>  Preparing: update litemall_user SET username = ?, `password` = ?, gender = ?, last_login_time = ?, last_login_ip = ?, user_level = ?, nickname = ?, mobile = ?, avatar = ?, weixin_openid = ?, session_key = ?, `status` = ?, add_time = ?, update_time = ?, deleted = ? where id = ? 
2020-01-29 11:08:35,503 DEBUG [http-nio-8080-exec-6] o.l.l.d.d.L.updateByPrimaryKeySelective [BaseJdbcLogger.java : 159] ==> Parameters: user123(String), $2a$10$lTu9qi0hr19OC800Db.eludFr0AXuJUSrMHi/iPYhKRlPFeqJxlye(String), 1(Byte), 2020-01-29 11:08:35.5(Timestamp), 0:0:0:0:0:0:0:1(String), 0(Byte), user123(String), (String), (String), (String), (String), 0(Byte), 2019-04-20 22:17:43.0(Timestamp), 2020-01-29 11:08:35.5(Timestamp), false(Boolean), 1(Integer)
2020-01-29 11:08:35,626 DEBUG [http-nio-8080-exec-6] o.l.l.d.d.L.updateByPrimaryKeySelective [BaseJdbcLogger.java : 159] <==    Updates: 1
2020-01-29 11:08:36,121 DEBUG [http-nio-8080-exec-7] o.l.l.d.d.L.selectByExampleSelective [BaseJdbcLogger.java : 159] ==>  Preparing: select order_status , comments from litemall_order WHERE ( user_id = ? and deleted = ? ) 
2020-01-29 11:08:36,124 DEBUG [http-nio-8080-exec-7] o.l.l.d.d.L.selectByExampleSelective [BaseJdbcLogger.java : 159] ==> Parameters: 1(Integer), false(Boolean)
2020-01-29 11:08:36,196 DEBUG [http-nio-8080-exec-7] o.l.l.d.d.L.selectByExampleSelective [BaseJdbcLogger.java : 159] <==      Total: 33
2020-01-29 12:57:20,164 INFO [scheduling-1] o.l.litemall.admin.job.CouponJob [CouponJob.java : 36] 系统开启任务检查优惠券是否已经过期
2020-01-29 12:57:23,515 DEBUG [scheduling-1] o.l.l.d.d.L.selectByExample [BaseJdbcLogger.java : 159] ==>  Preparing: select id, `name`, `desc`, tag, total, discount, `min`, `limit`, `type`, `status`, goods_type, goods_value, code, time_type, `days`, start_time, end_time, add_time, update_time, deleted from litemall_coupon WHERE ( `status` = ? and time_type = ? and end_time < ? and deleted = ? ) 
2020-01-29 12:57:23,542 DEBUG [scheduling-1] o.l.l.d.d.L.selectByExample [BaseJdbcLogger.java : 159] ==> Parameters: 0(Short), 1(Short), 2020-01-29 12:57:20.201(Timestamp), false(Boolean)
2020-01-29 12:57:23,662 DEBUG [scheduling-1] o.l.l.d.d.L.selectByExample [BaseJdbcLogger.java : 159] <==      Total: 0
2020-01-29 12:57:23,670 DEBUG [scheduling-1] o.l.l.d.d.L.selectByExample [BaseJdbcLogger.java : 159] ==>  Preparing: select id, user_id, coupon_id, `status`, used_time, start_time, end_time, order_id, add_time, update_time, deleted from litemall_coupon_user WHERE ( `status` = ? and end_time < ? and deleted = ? ) 
2020-01-29 12:57:23,679 DEBUG [scheduling-1] o.l.l.d.d.L.selectByExample [BaseJdbcLogger.java : 159] ==> Parameters: 0(Short), 2020-01-29 12:57:23.665(Timestamp), false(Boolean)
2020-01-29 12:57:23,847 DEBUG [scheduling-1] o.l.l.d.d.L.selectByExample [BaseJdbcLogger.java : 159] <==      Total: 0
2020-01-29 13:57:23,855 INFO [scheduling-1] o.l.litemall.admin.job.CouponJob [CouponJob.java : 36] 系统开启任务检查优惠券是否已经过期
2020-01-29 13:57:26,058 DEBUG [scheduling-1] o.l.l.d.d.L.selectByExample [BaseJdbcLogger.java : 159] ==>  Preparing: select id, `name`, `desc`, tag, total, discount, `min`, `limit`, `type`, `status`, goods_type, goods_value, code, time_type, `days`, start_time, end_time, add_time, update_time, deleted from litemall_coupon WHERE ( `status` = ? and time_type = ? and end_time < ? and deleted = ? ) 
2020-01-29 13:57:26,122 DEBUG [scheduling-1] o.l.l.d.d.L.selectByExample [BaseJdbcLogger.java : 159] ==> Parameters: 0(Short), 1(Short), 2020-01-29 13:57:23.908(Timestamp), false(Boolean)
2020-01-29 13:57:26,272 DEBUG [scheduling-1] o.l.l.d.d.L.selectByExample [BaseJdbcLogger.java : 159] <==      Total: 0
2020-01-29 13:57:26,285 DEBUG [scheduling-1] o.l.l.d.d.L.selectByExample [BaseJdbcLogger.java : 159] ==>  Preparing: select id, user_id, coupon_id, `status`, used_time, start_time, end_time, order_id, add_time, update_time, deleted from litemall_coupon_user WHERE ( `status` = ? and end_time < ? and deleted = ? ) 
2020-01-29 13:57:26,288 DEBUG [scheduling-1] o.l.l.d.d.L.selectByExample [BaseJdbcLogger.java : 159] ==> Parameters: 0(Short), 2020-01-29 13:57:26.277(Timestamp), false(Boolean)
2020-01-29 13:57:26,347 DEBUG [scheduling-1] o.l.l.d.d.L.selectByExample [BaseJdbcLogger.java : 159] <==      Total: 0
2020-01-29 14:57:26,357 INFO [scheduling-1] o.l.litemall.admin.job.CouponJob [CouponJob.java : 36] 系统开启任务检查优惠券是否已经过期
2020-01-29 14:57:28,800 DEBUG [scheduling-1] o.l.l.d.d.L.selectByExample [BaseJdbcLogger.java : 159] ==>  Preparing: select id, `name`, `desc`, tag, total, discount, `min`, `limit`, `type`, `status`, goods_type, goods_value, code, time_type, `days`, start_time, end_time, add_time, update_time, deleted from litemall_coupon WHERE ( `status` = ? and time_type = ? and end_time < ? and deleted = ? ) 
2020-01-29 14:57:28,852 DEBUG [scheduling-1] o.l.l.d.d.L.selectByExample [BaseJdbcLogger.java : 159] ==> Parameters: 0(Short), 1(Short), 2020-01-29 14:57:26.464(Timestamp), false(Boolean)
2020-01-29 14:57:28,917 DEBUG [scheduling-1] o.l.l.d.d.L.selectByExample [BaseJdbcLogger.java : 159] <==      Total: 0
2020-01-29 14:57:28,940 DEBUG [scheduling-1] o.l.l.d.d.L.selectByExample [BaseJdbcLogger.java : 159] ==>  Preparing: select id, user_id, coupon_id, `status`, used_time, start_time, end_time, order_id, add_time, update_time, deleted from litemall_coupon_user WHERE ( `status` = ? and end_time < ? and deleted = ? ) 
2020-01-29 14:57:28,948 DEBUG [scheduling-1] o.l.l.d.d.L.selectByExample [BaseJdbcLogger.java : 159] ==> Parameters: 0(Short), 2020-01-29 14:57:28.93(Timestamp), false(Boolean)
2020-01-29 14:57:29,006 DEBUG [scheduling-1] o.l.l.d.d.L.selectByExample [BaseJdbcLogger.java : 159] <==      Total: 0
2020-01-29 16:48:57,195 INFO [scheduling-1] o.l.litemall.admin.job.CouponJob [CouponJob.java : 36] 系统开启任务检查优惠券是否已经过期
2020-01-29 16:48:59,227 DEBUG [scheduling-1] o.l.l.d.d.L.selectByExample [BaseJdbcLogger.java : 159] ==>  Preparing: select id, `name`, `desc`, tag, total, discount, `min`, `limit`, `type`, `status`, goods_type, goods_value, code, time_type, `days`, start_time, end_time, add_time, update_time, deleted from litemall_coupon WHERE ( `status` = ? and time_type = ? and end_time < ? and deleted = ? ) 
2020-01-29 16:48:59,238 DEBUG [scheduling-1] o.l.l.d.d.L.selectByExample [BaseJdbcLogger.java : 159] ==> Parameters: 0(Short), 1(Short), 2020-01-29 16:48:57.203(Timestamp), false(Boolean)
2020-01-29 16:48:59,399 DEBUG [scheduling-1] o.l.l.d.d.L.selectByExample [BaseJdbcLogger.java : 159] <==      Total: 0
2020-01-29 16:48:59,406 DEBUG [scheduling-1] o.l.l.d.d.L.selectByExample [BaseJdbcLogger.java : 159] ==>  Preparing: select id, user_id, coupon_id, `status`, used_time, start_time, end_time, order_id, add_time, update_time, deleted from litemall_coupon_user WHERE ( `status` = ? and end_time < ? and deleted = ? ) 
2020-01-29 16:48:59,413 DEBUG [scheduling-1] o.l.l.d.d.L.selectByExample [BaseJdbcLogger.java : 159] ==> Parameters: 0(Short), 2020-01-29 16:48:59.402(Timestamp), false(Boolean)
2020-01-29 16:48:59,464 DEBUG [scheduling-1] o.l.l.d.d.L.selectByExample [BaseJdbcLogger.java : 159] <==      Total: 0
