2020-02-04 17:35:13,243 INFO [restartedMain] org.linlinjava.litemall.Application [StartupInfoLogger.java : 50] Starting Application on DESKTOP-0QNT9TJ with PID 15244 (D:\Deve\jintu\litemall-all\target\classes started by admin in D:\Deve\jintu)
2020-02-04 17:35:13,257 DEBUG [restartedMain] org.linlinjava.litemall.Application [StartupInfoLogger.java : 53] Running with Spring Boot v2.1.5.RELEASE, Spring v5.1.7.RELEASE
2020-02-04 17:35:13,258 INFO [restartedMain] org.linlinjava.litemall.Application [SpringApplication.java : 679] The following profiles are active: db,core,admin,wx
2020-02-04 17:35:29,632 DEBUG [restartedMain] o.l.l.d.d.L.selectByExample [BaseJdbcLogger.java : 159] ==>  Preparing: select id, key_name, key_value, add_time, update_time, deleted from litemall_system WHERE ( deleted = ? ) 
2020-02-04 17:35:29,812 DEBUG [restartedMain] o.l.l.d.d.L.selectByExample [BaseJdbcLogger.java : 159] ==> Parameters: false(Boolean)
2020-02-04 17:35:30,021 DEBUG [restartedMain] o.l.l.d.d.L.selectByExample [BaseJdbcLogger.java : 159] <==      Total: 18
2020-02-04 17:35:30,029 INFO [restartedMain] o.l.l.core.util.SystemInfoPrinter [SystemInfoPrinter.java : 42] ============================================================================================================================================================================================================
2020-02-04 17:35:30,030 INFO [restartedMain] o.l.l.core.util.SystemInfoPrinter [SystemInfoPrinter.java : 43] 
2020-02-04 17:35:30,030 INFO [restartedMain] o.l.l.core.util.SystemInfoPrinter [SystemInfoPrinter.java : 44]               Litemall 初始化信息
2020-02-04 17:35:30,030 INFO [restartedMain] o.l.l.core.util.SystemInfoPrinter [SystemInfoPrinter.java : 45] 
2020-02-04 17:35:30,030 INFO [restartedMain] o.l.l.core.util.SystemInfoPrinter [SystemInfoPrinter.java : 67] 
2020-02-04 17:35:30,031 INFO [restartedMain] o.l.l.core.util.SystemInfoPrinter [SystemInfoPrinter.java : 68]     [[  系统信息  ]]
2020-02-04 17:35:30,031 INFO [restartedMain] o.l.l.core.util.SystemInfoPrinter [SystemInfoPrinter.java : 69] 
2020-02-04 17:35:30,031 INFO [restartedMain] o.l.l.core.util.SystemInfoPrinter [SystemInfoPrinter.java : 71]     服务器端口        ->        8080
2020-02-04 17:35:30,032 INFO [restartedMain] o.l.l.core.util.SystemInfoPrinter [SystemInfoPrinter.java : 71]     数据库USER        ->        root
2020-02-04 17:35:30,032 INFO [restartedMain] o.l.l.core.util.SystemInfoPrinter [SystemInfoPrinter.java : 71]     数据库地址        ->        jdbc:mysql://112.74.58.0:3306/litemall?useUnicode=true&characterEncoding=UTF-8&serverTimezone=UTC&allowPublicKeyRetrieval=true&verifyServerCertificate=false&useSSL=false
2020-02-04 17:35:30,033 INFO [restartedMain] o.l.l.core.util.SystemInfoPrinter [SystemInfoPrinter.java : 67] 
2020-02-04 17:35:30,033 INFO [restartedMain] o.l.l.core.util.SystemInfoPrinter [SystemInfoPrinter.java : 68]     [[  模块状态  ]]
2020-02-04 17:35:30,033 INFO [restartedMain] o.l.l.core.util.SystemInfoPrinter [SystemInfoPrinter.java : 69] 
2020-02-04 17:35:30,033 INFO [restartedMain] o.l.l.core.util.SystemInfoPrinter [SystemInfoPrinter.java : 71]     邮件        ->        false
2020-02-04 17:35:30,034 INFO [restartedMain] o.l.l.core.util.SystemInfoPrinter [SystemInfoPrinter.java : 71]     短信        ->        false
2020-02-04 17:35:30,035 INFO [restartedMain] o.l.l.core.util.SystemInfoPrinter [SystemInfoPrinter.java : 71]     快递信息        ->        false
2020-02-04 17:35:30,035 INFO [restartedMain] o.l.l.core.util.SystemInfoPrinter [SystemInfoPrinter.java : 71]     快递鸟ID        ->        XXXXXXXXX
2020-02-04 17:35:30,036 INFO [restartedMain] o.l.l.core.util.SystemInfoPrinter [SystemInfoPrinter.java : 71]     对象存储        ->        local
2020-02-04 17:35:30,036 INFO [restartedMain] o.l.l.core.util.SystemInfoPrinter [SystemInfoPrinter.java : 71]     本地对象存储路径        ->        storage
2020-02-04 17:35:30,036 INFO [restartedMain] o.l.l.core.util.SystemInfoPrinter [SystemInfoPrinter.java : 71]     本地对象访问地址        ->        http://localhost:8080/wx/storage/fetch/
2020-02-04 17:35:30,037 INFO [restartedMain] o.l.l.core.util.SystemInfoPrinter [SystemInfoPrinter.java : 67] 
2020-02-04 17:35:30,037 INFO [restartedMain] o.l.l.core.util.SystemInfoPrinter [SystemInfoPrinter.java : 68]     [[  微信相关  ]]
2020-02-04 17:35:30,037 INFO [restartedMain] o.l.l.core.util.SystemInfoPrinter [SystemInfoPrinter.java : 69] 
2020-02-04 17:35:30,037 INFO [restartedMain] o.l.l.core.util.SystemInfoPrinter [SystemInfoPrinter.java : 71]     微信APP KEY        ->        wx49d41f2a3ca7c96b
2020-02-04 17:35:30,037 INFO [restartedMain] o.l.l.core.util.SystemInfoPrinter [SystemInfoPrinter.java : 71]     微信APP-SECRET        ->        6661097bf3cc6369dd3d000da0ffed26
2020-02-04 17:35:30,037 INFO [restartedMain] o.l.l.core.util.SystemInfoPrinter [SystemInfoPrinter.java : 71]     微信支付MCH-ID        ->        1573872631
2020-02-04 17:35:30,038 INFO [restartedMain] o.l.l.core.util.SystemInfoPrinter [SystemInfoPrinter.java : 71]     微信支付MCH-KEY        ->        Cy19790903cyd20121119Cjy19790903
2020-02-04 17:35:30,038 INFO [restartedMain] o.l.l.core.util.SystemInfoPrinter [SystemInfoPrinter.java : 71]     微信支付通知地址        ->        http://www.example.com/wx/order/pay-notify
2020-02-04 17:35:30,038 INFO [restartedMain] o.l.l.core.util.SystemInfoPrinter [SystemInfoPrinter.java : 67] 
2020-02-04 17:35:30,039 INFO [restartedMain] o.l.l.core.util.SystemInfoPrinter [SystemInfoPrinter.java : 68]     [[  系统设置  ]]
2020-02-04 17:35:30,039 INFO [restartedMain] o.l.l.core.util.SystemInfoPrinter [SystemInfoPrinter.java : 69] 
2020-02-04 17:35:30,040 INFO [restartedMain] o.l.l.core.util.SystemInfoPrinter [SystemInfoPrinter.java : 71]     自动创建朋友圈分享图        ->        false
2020-02-04 17:35:30,040 INFO [restartedMain] o.l.l.core.util.SystemInfoPrinter [SystemInfoPrinter.java : 71]     商场名称        ->        litemall
2020-02-04 17:35:30,040 INFO [restartedMain] o.l.l.core.util.SystemInfoPrinter [SystemInfoPrinter.java : 71]     首页显示记录数：NEW,HOT,BRAND,TOPIC,CatlogList,CatlogMore        ->        6,6,4,4,4,4
2020-02-04 17:35:30,041 INFO [restartedMain] o.l.l.core.util.SystemInfoPrinter [SystemInfoPrinter.java : 49]   
2020-02-04 17:35:30,041 INFO [restartedMain] o.l.l.core.util.SystemInfoPrinter [SystemInfoPrinter.java : 50] ============================================================================================================================================================================================================
2020-02-04 17:35:35,608 INFO [scheduling-1] o.l.litemall.admin.job.CouponJob [CouponJob.java : 36] 系统开启任务检查优惠券是否已经过期
2020-02-04 17:35:35,639 DEBUG [scheduling-1] o.l.l.d.d.L.selectByExample [BaseJdbcLogger.java : 159] ==>  Preparing: select id, `name`, `desc`, tag, total, discount, `min`, `limit`, `type`, `status`, goods_type, goods_value, code, time_type, `days`, start_time, end_time, add_time, update_time, deleted from litemall_coupon WHERE ( `status` = ? and time_type = ? and end_time < ? and deleted = ? ) 
2020-02-04 17:35:35,643 DEBUG [scheduling-1] o.l.l.d.d.L.selectByExample [BaseJdbcLogger.java : 159] ==> Parameters: 0(Short), 1(Short), 2020-02-04 17:35:35.6204001(Timestamp), false(Boolean)
2020-02-04 17:35:35,702 DEBUG [scheduling-1] o.l.l.d.d.L.selectByExample [BaseJdbcLogger.java : 159] <==      Total: 0
2020-02-04 17:35:35,713 DEBUG [scheduling-1] o.l.l.d.d.L.selectByExample [BaseJdbcLogger.java : 159] ==>  Preparing: select id, user_id, coupon_id, `status`, used_time, start_time, end_time, order_id, add_time, update_time, deleted from litemall_coupon_user WHERE ( `status` = ? and end_time < ? and deleted = ? ) 
2020-02-04 17:35:35,715 DEBUG [scheduling-1] o.l.l.d.d.L.selectByExample [BaseJdbcLogger.java : 159] ==> Parameters: 0(Short), 2020-02-04 17:35:35.708232(Timestamp), false(Boolean)
2020-02-04 17:35:35,761 DEBUG [scheduling-1] o.l.l.d.d.L.selectByExample [BaseJdbcLogger.java : 159] <==      Total: 0
2020-02-04 17:35:37,371 INFO [restartedMain] org.linlinjava.litemall.Application [StartupInfoLogger.java : 59] Started Application in 26.278 seconds (JVM running for 30.025)
2020-02-04 17:35:37,407 DEBUG [restartedMain] o.l.l.d.d.L.selectByExample [BaseJdbcLogger.java : 159] ==>  Preparing: select id, user_id, order_sn, order_status, consignee, mobile, address, message, goods_price, freight_price, coupon_price, integral_price, groupon_price, order_price, actual_price, pay_id, pay_time, ship_sn, ship_channel, ship_time, refund_amount, refund_type, refund_content, refund_time, confirm_time, comments, end_time, add_time, update_time, deleted from litemall_order WHERE ( order_status = ? and deleted = ? ) 
2020-02-04 17:35:37,409 DEBUG [restartedMain] o.l.l.d.d.L.selectByExample [BaseJdbcLogger.java : 159] ==> Parameters: 101(Short), false(Boolean)
2020-02-04 17:35:37,586 DEBUG [restartedMain] o.l.l.d.d.L.selectByExample [BaseJdbcLogger.java : 159] <==      Total: 0
2020-02-04 17:35:37,627 DEBUG [restartedMain] o.l.l.d.d.L.selectByExample [BaseJdbcLogger.java : 159] ==>  Preparing: select id, goods_id, goods_name, pic_url, discount, discount_member, expire_time, `status`, add_time, update_time, deleted from litemall_groupon_rules WHERE ( `status` = ? and deleted = ? ) 
2020-02-04 17:35:37,636 DEBUG [restartedMain] o.l.l.d.d.L.selectByExample [BaseJdbcLogger.java : 159] ==> Parameters: 0(Short), false(Boolean)
2020-02-04 17:35:37,693 DEBUG [restartedMain] o.l.l.d.d.L.selectByExample [BaseJdbcLogger.java : 159] <==      Total: 1
2020-02-04 17:36:31,633 DEBUG [http-nio-8080-exec-2] o.l.l.d.d.L.countByExample [BaseJdbcLogger.java : 159] ==>  Preparing: select count(*) from litemall_goods WHERE ( is_on_sale = ? and deleted = ? ) 
2020-02-04 17:36:31,635 DEBUG [http-nio-8080-exec-2] o.l.l.d.d.L.countByExample [BaseJdbcLogger.java : 159] ==> Parameters: true(Boolean), false(Boolean)
2020-02-04 17:36:31,692 DEBUG [http-nio-8080-exec-1] o.l.l.d.d.L.countByExample [BaseJdbcLogger.java : 159] ==>  Preparing: select count(*) from litemall_brand 
2020-02-04 17:36:31,693 DEBUG [http-nio-8080-exec-1] o.l.l.d.d.L.countByExample [BaseJdbcLogger.java : 159] ==> Parameters: 
2020-02-04 17:36:31,693 DEBUG [http-nio-8080-exec-2] o.l.l.d.d.L.countByExample [BaseJdbcLogger.java : 159] <==      Total: 1
2020-02-04 17:36:31,762 DEBUG [http-nio-8080-exec-1] o.l.l.d.d.L.countByExample [BaseJdbcLogger.java : 159] <==      Total: 1
2020-02-04 17:36:31,831 DEBUG [pool-4-thread-1] o.l.l.d.d.L.selectByExample [BaseJdbcLogger.java : 159] ==>  Preparing: select id, `name`, link, url, `position`, content, start_time, end_time, enabled, add_time, update_time, deleted from litemall_ad WHERE ( `position` = ? and deleted = ? and enabled = ? ) 
2020-02-04 17:36:31,833 DEBUG [pool-4-thread-1] o.l.l.d.d.L.selectByExample [BaseJdbcLogger.java : 159] ==> Parameters: 1(Byte), false(Boolean), true(Boolean)
2020-02-04 17:36:31,837 DEBUG [pool-4-thread-2] o.l.l.d.d.L.selectByExampleSelective [BaseJdbcLogger.java : 159] ==>  Preparing: select id , `name` , icon_url from litemall_category WHERE ( `level` = ? and deleted = ? ) 
2020-02-04 17:36:31,856 DEBUG [pool-4-thread-2] o.l.l.d.d.L.selectByExampleSelective [BaseJdbcLogger.java : 159] ==> Parameters: L1(String), false(Boolean)
2020-02-04 17:36:31,957 DEBUG [pool-4-thread-8] o.l.l.d.d.L.selectByExample_COUNT [BaseJdbcLogger.java : 159] ==>  Preparing: SELECT count(0) FROM litemall_groupon_rules WHERE (`status` = ? AND deleted = ?) 
2020-02-04 17:36:31,957 DEBUG [pool-4-thread-3] o.l.l.d.d.L.selectByExampleSelective_COUNT [BaseJdbcLogger.java : 159] ==>  Preparing: SELECT count(0) FROM litemall_coupon WHERE (`type` = ? AND `status` = ? AND deleted = ?) 
2020-02-04 17:36:31,957 DEBUG [pool-4-thread-4] o.l.l.d.d.L.selectByExampleSelective_COUNT [BaseJdbcLogger.java : 159] ==>  Preparing: SELECT count(0) FROM litemall_goods WHERE (is_new = ? AND is_on_sale = ? AND deleted = ?) 
2020-02-04 17:36:31,963 DEBUG [pool-4-thread-7] o.l.l.d.d.L.selectByExampleSelective_COUNT [BaseJdbcLogger.java : 159] ==>  Preparing: SELECT count(0) FROM litemall_topic WHERE (deleted = ?) 
2020-02-04 17:36:31,963 DEBUG [pool-4-thread-6] o.l.l.d.d.L.selectByExampleSelective_COUNT [BaseJdbcLogger.java : 159] ==>  Preparing: SELECT count(0) FROM litemall_brand WHERE (deleted = ?) 
2020-02-04 17:36:31,963 DEBUG [pool-4-thread-8] o.l.l.d.d.L.selectByExample_COUNT [BaseJdbcLogger.java : 159] ==> Parameters: 0(Short), false(Boolean)
2020-02-04 17:36:31,963 DEBUG [pool-4-thread-4] o.l.l.d.d.L.selectByExampleSelective_COUNT [BaseJdbcLogger.java : 159] ==> Parameters: true(Boolean), true(Boolean), false(Boolean)
2020-02-04 17:36:31,963 DEBUG [pool-4-thread-9] o.l.l.d.d.L.selectByExample_COUNT [BaseJdbcLogger.java : 159] ==>  Preparing: SELECT count(0) FROM litemall_category WHERE (`level` = ? AND `name` <> ? AND deleted = ?) 
2020-02-04 17:36:31,980 DEBUG [pool-4-thread-5] o.l.l.d.d.L.selectByExampleSelective_COUNT [BaseJdbcLogger.java : 159] ==>  Preparing: SELECT count(0) FROM litemall_goods WHERE (is_hot = ? AND is_on_sale = ? AND deleted = ?) 
2020-02-04 17:36:31,980 DEBUG [pool-4-thread-3] o.l.l.d.d.L.selectByExampleSelective_COUNT [BaseJdbcLogger.java : 159] ==> Parameters: 0(Short), 0(Short), false(Boolean)
2020-02-04 17:36:31,985 DEBUG [pool-4-thread-6] o.l.l.d.d.L.selectByExampleSelective_COUNT [BaseJdbcLogger.java : 159] ==> Parameters: false(Boolean)
2020-02-04 17:36:31,986 DEBUG [pool-4-thread-7] o.l.l.d.d.L.selectByExampleSelective_COUNT [BaseJdbcLogger.java : 159] ==> Parameters: false(Boolean)
2020-02-04 17:36:31,986 DEBUG [pool-4-thread-2] o.l.l.d.d.L.selectByExampleSelective [BaseJdbcLogger.java : 159] <==      Total: 13
2020-02-04 17:36:31,986 DEBUG [pool-4-thread-9] o.l.l.d.d.L.selectByExample_COUNT [BaseJdbcLogger.java : 159] ==> Parameters: L1(String), 推荐(String), false(Boolean)
2020-02-04 17:36:31,986 DEBUG [pool-4-thread-5] o.l.l.d.d.L.selectByExampleSelective_COUNT [BaseJdbcLogger.java : 159] ==> Parameters: true(Boolean), true(Boolean), false(Boolean)
2020-02-04 17:36:31,988 DEBUG [pool-4-thread-1] o.l.l.d.d.L.selectByExample [BaseJdbcLogger.java : 159] <==      Total: 3
2020-02-04 17:36:32,030 DEBUG [pool-4-thread-4] o.l.l.d.d.L.selectByExampleSelective_COUNT [BaseJdbcLogger.java : 159] <==      Total: 1
2020-02-04 17:36:32,031 DEBUG [pool-4-thread-8] o.l.l.d.d.L.selectByExample_COUNT [BaseJdbcLogger.java : 159] <==      Total: 1
2020-02-04 17:36:32,031 DEBUG [pool-4-thread-3] o.l.l.d.d.L.selectByExampleSelective_COUNT [BaseJdbcLogger.java : 159] <==      Total: 1
2020-02-04 17:36:32,033 DEBUG [pool-4-thread-8] o.l.l.d.d.L.selectByExample [BaseJdbcLogger.java : 159] ==>  Preparing: select id, goods_id, goods_name, pic_url, discount, discount_member, expire_time, `status`, add_time, update_time, deleted from litemall_groupon_rules WHERE ( `status` = ? and deleted = ? ) order by add_time desc LIMIT ? 
2020-02-04 17:36:32,033 DEBUG [pool-4-thread-3] o.l.l.d.d.L.selectByExampleSelective [BaseJdbcLogger.java : 159] ==>  Preparing: select id , `name` , `desc` , tag , `days` , start_time , end_time , discount , `min` from litemall_coupon WHERE ( `type` = ? and `status` = ? and deleted = ? ) order by add_time desc LIMIT ? 
2020-02-04 17:36:32,033 DEBUG [pool-4-thread-4] o.l.l.d.d.L.selectByExampleSelective [BaseJdbcLogger.java : 159] ==>  Preparing: select id , `name` , brief , pic_url , is_hot , is_new , counter_price , retail_price from litemall_goods WHERE ( is_new = ? and is_on_sale = ? and deleted = ? ) order by add_time desc LIMIT ? 
2020-02-04 17:36:32,034 DEBUG [pool-4-thread-9] o.l.l.d.d.L.selectByExample_COUNT [BaseJdbcLogger.java : 159] <==      Total: 1
2020-02-04 17:36:32,034 DEBUG [pool-4-thread-6] o.l.l.d.d.L.selectByExampleSelective_COUNT [BaseJdbcLogger.java : 159] <==      Total: 1
2020-02-04 17:36:32,034 DEBUG [pool-4-thread-5] o.l.l.d.d.L.selectByExampleSelective_COUNT [BaseJdbcLogger.java : 159] <==      Total: 1
2020-02-04 17:36:32,036 DEBUG [pool-4-thread-9] o.l.l.d.d.L.selectByExample [BaseJdbcLogger.java : 159] ==>  Preparing: select id, `name`, keywords, `desc`, pid, icon_url, pic_url, `level`, sort_order, add_time, update_time, deleted from litemall_category WHERE ( `level` = ? and `name` <> ? and deleted = ? ) LIMIT ? 
2020-02-04 17:36:32,036 DEBUG [pool-4-thread-5] o.l.l.d.d.L.selectByExampleSelective [BaseJdbcLogger.java : 159] ==>  Preparing: select id , `name` , brief , pic_url , is_hot , is_new , counter_price , retail_price from litemall_goods WHERE ( is_hot = ? and is_on_sale = ? and deleted = ? ) order by add_time desc LIMIT ? 
2020-02-04 17:36:32,035 DEBUG [pool-4-thread-6] o.l.l.d.d.L.selectByExampleSelective [BaseJdbcLogger.java : 159] ==>  Preparing: select id , `name` , `desc` , pic_url , floor_price from litemall_brand WHERE ( deleted = ? ) LIMIT ? 
2020-02-04 17:36:32,039 DEBUG [pool-4-thread-7] o.l.l.d.d.L.selectByExampleSelective_COUNT [BaseJdbcLogger.java : 159] <==      Total: 1
2020-02-04 17:36:32,041 DEBUG [pool-4-thread-6] o.l.l.d.d.L.selectByExampleSelective [BaseJdbcLogger.java : 159] ==> Parameters: false(Boolean), 6(Integer)
2020-02-04 17:36:32,042 DEBUG [pool-4-thread-5] o.l.l.d.d.L.selectByExampleSelective [BaseJdbcLogger.java : 159] ==> Parameters: true(Boolean), true(Boolean), false(Boolean), 6(Integer)
2020-02-04 17:36:32,042 DEBUG [pool-4-thread-8] o.l.l.d.d.L.selectByExample [BaseJdbcLogger.java : 159] ==> Parameters: 0(Short), false(Boolean), 5(Integer)
2020-02-04 17:36:32,042 DEBUG [pool-4-thread-3] o.l.l.d.d.L.selectByExampleSelective [BaseJdbcLogger.java : 159] ==> Parameters: 0(Short), 0(Short), false(Boolean), 3(Integer)
2020-02-04 17:36:32,042 DEBUG [pool-4-thread-4] o.l.l.d.d.L.selectByExampleSelective [BaseJdbcLogger.java : 159] ==> Parameters: true(Boolean), true(Boolean), false(Boolean), 6(Integer)
2020-02-04 17:36:32,042 DEBUG [pool-4-thread-7] o.l.l.d.d.L.selectByExampleSelective [BaseJdbcLogger.java : 159] ==>  Preparing: select id , title , subtitle , price , pic_url , read_count from litemall_topic WHERE ( deleted = ? ) order by add_time desc LIMIT ? 
2020-02-04 17:36:32,042 DEBUG [pool-4-thread-9] o.l.l.d.d.L.selectByExample [BaseJdbcLogger.java : 159] ==> Parameters: L1(String), 推荐(String), false(Boolean), 4(Integer)
2020-02-04 17:36:32,044 DEBUG [pool-4-thread-7] o.l.l.d.d.L.selectByExampleSelective [BaseJdbcLogger.java : 159] ==> Parameters: false(Boolean), 4(Integer)
2020-02-04 17:36:32,178 DEBUG [pool-4-thread-8] o.l.l.d.d.L.selectByExample [BaseJdbcLogger.java : 159] <==      Total: 1
2020-02-04 17:36:32,179 DEBUG [pool-4-thread-6] o.l.l.d.d.L.selectByExampleSelective [BaseJdbcLogger.java : 159] <==      Total: 6
2020-02-04 17:36:32,180 DEBUG [pool-4-thread-7] o.l.l.d.d.L.selectByExampleSelective [BaseJdbcLogger.java : 159] <==      Total: 4
2020-02-04 17:36:32,180 DEBUG [pool-4-thread-3] o.l.l.d.d.L.selectByExampleSelective [BaseJdbcLogger.java : 159] <==      Total: 2
2020-02-04 17:36:32,180 DEBUG [pool-4-thread-4] o.l.l.d.d.L.selectByExampleSelective [BaseJdbcLogger.java : 159] <==      Total: 6
2020-02-04 17:36:32,180 DEBUG [pool-4-thread-5] o.l.l.d.d.L.selectByExampleSelective [BaseJdbcLogger.java : 159] <==      Total: 6
2020-02-04 17:36:32,183 DEBUG [pool-4-thread-8] o.l.l.d.d.L.selectOneByExampleWithBLOBs [BaseJdbcLogger.java : 159] ==>  Preparing: select id, goods_sn, `name`, category_id, brand_id, gallery, keywords, brief, is_on_sale, sort_order, pic_url, share_url, is_new, is_hot, unit, counter_price, retail_price, add_time, update_time, deleted , detail from litemall_goods WHERE ( id = ? and deleted = ? ) limit 1 
2020-02-04 17:36:32,183 DEBUG [pool-4-thread-9] o.l.l.d.d.L.selectByExample [BaseJdbcLogger.java : 159] <==      Total: 4
2020-02-04 17:36:32,186 DEBUG [pool-4-thread-9] o.l.l.d.d.L.selectByExample [BaseJdbcLogger.java : 159] ==>  Preparing: select id, `name`, keywords, `desc`, pid, icon_url, pic_url, `level`, sort_order, add_time, update_time, deleted from litemall_category WHERE ( pid = ? and deleted = ? ) 
2020-02-04 17:36:32,186 DEBUG [pool-4-thread-8] o.l.l.d.d.L.selectOneByExampleWithBLOBs [BaseJdbcLogger.java : 159] ==> Parameters: 1110016(Integer), false(Boolean)
2020-02-04 17:36:32,186 DEBUG [pool-4-thread-9] o.l.l.d.d.L.selectByExample [BaseJdbcLogger.java : 159] ==> Parameters: 1001(Integer), false(Boolean)
2020-02-04 17:36:32,237 DEBUG [pool-4-thread-8] o.l.l.d.d.L.selectOneByExampleWithBLOBs [BaseJdbcLogger.java : 159] <==      Total: 0
2020-02-04 17:36:32,239 DEBUG [pool-4-thread-9] o.l.l.d.d.L.selectByExample [BaseJdbcLogger.java : 159] <==      Total: 2
2020-02-04 17:36:32,261 DEBUG [pool-4-thread-9] o.l.l.d.d.L.selectByExampleSelective_COUNT [BaseJdbcLogger.java : 159] ==>  Preparing: SELECT count(0) FROM litemall_goods WHERE (category_id IN (?, ?) AND is_on_sale = ? AND deleted = ?) 
2020-02-04 17:36:32,266 DEBUG [pool-4-thread-9] o.l.l.d.d.L.selectByExampleSelective_COUNT [BaseJdbcLogger.java : 159] ==> Parameters: 1005(Integer), 1006(Integer), true(Boolean), false(Boolean)
2020-02-04 17:36:32,439 DEBUG [pool-4-thread-9] o.l.l.d.d.L.selectByExampleSelective_COUNT [BaseJdbcLogger.java : 159] <==      Total: 1
2020-02-04 17:36:32,442 DEBUG [pool-4-thread-9] o.l.l.d.d.L.selectByExampleSelective [BaseJdbcLogger.java : 159] ==>  Preparing: select id , `name` , brief , pic_url , is_hot , is_new , counter_price , retail_price from litemall_goods WHERE ( category_id in ( ? , ? ) and is_on_sale = ? and deleted = ? ) order by add_time desc LIMIT ? 
2020-02-04 17:36:32,447 DEBUG [pool-4-thread-9] o.l.l.d.d.L.selectByExampleSelective [BaseJdbcLogger.java : 159] ==> Parameters: 1005(Integer), 1006(Integer), true(Boolean), false(Boolean), 4(Integer)
2020-02-04 17:36:32,505 DEBUG [pool-4-thread-9] o.l.l.d.d.L.selectByExampleSelective [BaseJdbcLogger.java : 159] <==      Total: 4
2020-02-04 17:36:32,509 DEBUG [pool-4-thread-9] o.l.l.d.d.L.selectByExample [BaseJdbcLogger.java : 159] ==>  Preparing: select id, `name`, keywords, `desc`, pid, icon_url, pic_url, `level`, sort_order, add_time, update_time, deleted from litemall_category WHERE ( pid = ? and deleted = ? ) 
2020-02-04 17:36:32,511 DEBUG [pool-4-thread-9] o.l.l.d.d.L.selectByExample [BaseJdbcLogger.java : 159] ==> Parameters: 1002(Integer), false(Boolean)
2020-02-04 17:36:32,572 DEBUG [pool-4-thread-9] o.l.l.d.d.L.selectByExample [BaseJdbcLogger.java : 159] <==      Total: 3
2020-02-04 17:36:32,580 DEBUG [pool-4-thread-9] o.l.l.d.d.L.selectByExampleSelective_COUNT [BaseJdbcLogger.java : 159] ==>  Preparing: SELECT count(0) FROM litemall_goods WHERE (category_id IN (?, ?, ?) AND is_on_sale = ? AND deleted = ?) 
2020-02-04 17:36:32,582 DEBUG [pool-4-thread-9] o.l.l.d.d.L.selectByExampleSelective_COUNT [BaseJdbcLogger.java : 159] ==> Parameters: 1007(Integer), 1008(Integer), 1009(Integer), true(Boolean), false(Boolean)
2020-02-04 17:36:32,637 DEBUG [pool-4-thread-9] o.l.l.d.d.L.selectByExampleSelective_COUNT [BaseJdbcLogger.java : 159] <==      Total: 1
2020-02-04 17:36:32,640 DEBUG [pool-4-thread-9] o.l.l.d.d.L.selectByExample [BaseJdbcLogger.java : 159] ==>  Preparing: select id, `name`, keywords, `desc`, pid, icon_url, pic_url, `level`, sort_order, add_time, update_time, deleted from litemall_category WHERE ( pid = ? and deleted = ? ) 
2020-02-04 17:36:32,640 DEBUG [pool-4-thread-9] o.l.l.d.d.L.selectByExample [BaseJdbcLogger.java : 159] ==> Parameters: 1003(Integer), false(Boolean)
2020-02-04 17:36:32,690 DEBUG [pool-4-thread-9] o.l.l.d.d.L.selectByExample [BaseJdbcLogger.java : 159] <==      Total: 2
2020-02-04 17:36:32,696 DEBUG [pool-4-thread-9] o.l.l.d.d.L.selectByExampleSelective_COUNT [BaseJdbcLogger.java : 159] ==>  Preparing: SELECT count(0) FROM litemall_goods WHERE (category_id IN (?, ?) AND is_on_sale = ? AND deleted = ?) 
2020-02-04 17:36:32,698 DEBUG [pool-4-thread-9] o.l.l.d.d.L.selectByExampleSelective_COUNT [BaseJdbcLogger.java : 159] ==> Parameters: 1010(Integer), 1011(Integer), true(Boolean), false(Boolean)
2020-02-04 17:36:32,749 DEBUG [pool-4-thread-9] o.l.l.d.d.L.selectByExampleSelective_COUNT [BaseJdbcLogger.java : 159] <==      Total: 1
2020-02-04 17:36:32,751 DEBUG [pool-4-thread-9] o.l.l.d.d.L.selectByExample [BaseJdbcLogger.java : 159] ==>  Preparing: select id, `name`, keywords, `desc`, pid, icon_url, pic_url, `level`, sort_order, add_time, update_time, deleted from litemall_category WHERE ( pid = ? and deleted = ? ) 
2020-02-04 17:36:32,752 DEBUG [pool-4-thread-9] o.l.l.d.d.L.selectByExample [BaseJdbcLogger.java : 159] ==> Parameters: 1004(Integer), false(Boolean)
2020-02-04 17:36:32,809 DEBUG [pool-4-thread-9] o.l.l.d.d.L.selectByExample [BaseJdbcLogger.java : 159] <==      Total: 3
2020-02-04 17:36:32,813 DEBUG [pool-4-thread-9] o.l.l.d.d.L.selectByExampleSelective_COUNT [BaseJdbcLogger.java : 159] ==>  Preparing: SELECT count(0) FROM litemall_goods WHERE (category_id IN (?, ?, ?) AND is_on_sale = ? AND deleted = ?) 
2020-02-04 17:36:32,814 DEBUG [pool-4-thread-9] o.l.l.d.d.L.selectByExampleSelective_COUNT [BaseJdbcLogger.java : 159] ==> Parameters: 1012(Integer), 1013(Integer), 1014(Integer), true(Boolean), false(Boolean)
2020-02-04 17:36:32,865 DEBUG [pool-4-thread-9] o.l.l.d.d.L.selectByExampleSelective_COUNT [BaseJdbcLogger.java : 159] <==      Total: 1
2020-02-04 17:39:02,465 ERROR [http-nio-8080-exec-5] c.b.w.m.api.impl.WxMaServiceImpl [WxMaServiceImpl.java : 257] 
【请求地址】: https://api.weixin.qq.com/sns/jscode2session?access_token=30_p9Ck7BVouKUNsTduvVKGMzCHZdPNhnuYlo-QFJ6-GrBo0w5K3UvxyFt3nlCOgZsYQ1VMhomuQv66tXRHrQyyECCR1_T_0J3zj7kx0WuzHeR96_AhQPbtmYTuODuFRRsyBhhFS_rBm3QTHxE4TTGeAIAOOB
【请求参数】：js_code=021VTqOA1csIua0AAsMA1mVyOA1VTqOd&secret=******&grant_type=authorization_code&appid=wx49d41f2a3ca7c96b
【错误信息】：{"errcode":40029,"errmsg":"invalid code, hints: [ req_id: tiBAE6yFe-d_hDqa ]"}
2020-02-04 17:45:17,907 INFO [restartedMain] org.linlinjava.litemall.Application [StartupInfoLogger.java : 50] Starting Application on DESKTOP-0QNT9TJ with PID 8052 (D:\Deve\jintu\litemall-all\target\classes started by admin in D:\Deve\jintu)
2020-02-04 17:45:17,919 DEBUG [restartedMain] org.linlinjava.litemall.Application [StartupInfoLogger.java : 53] Running with Spring Boot v2.1.5.RELEASE, Spring v5.1.7.RELEASE
2020-02-04 17:45:17,920 INFO [restartedMain] org.linlinjava.litemall.Application [SpringApplication.java : 679] The following profiles are active: db,core,admin,wx
2020-02-04 17:45:31,700 ERROR [restartedMain] o.s.boot.SpringApplication [SpringApplication.java : 858] Application run failed
org.springframework.beans.factory.UnsatisfiedDependencyException: Error creating bean with name 'QCodeService': Unsatisfied dependency expressed through field 'storageService'; nested exception is org.springframework.beans.factory.BeanCreationException: Error creating bean with name 'storageService' defined in class path resource [org/linlinjava/litemall/core/storage/config/StorageAutoConfiguration.class]: Bean instantiation via factory method failed; nested exception is org.springframework.beans.BeanInstantiationException: Failed to instantiate [org.linlinjava.litemall.core.storage.StorageService]: Factory method 'storageService' threw exception; nested exception is java.lang.NullPointerException
	at org.springframework.beans.factory.annotation.AutowiredAnnotationBeanPostProcessor$AutowiredFieldElement.inject(AutowiredAnnotationBeanPostProcessor.java:596)
	at org.springframework.beans.factory.annotation.InjectionMetadata.inject(InjectionMetadata.java:90)
	at org.springframework.beans.factory.annotation.AutowiredAnnotationBeanPostProcessor.postProcessProperties(AutowiredAnnotationBeanPostProcessor.java:374)
	at org.springframework.beans.factory.support.AbstractAutowireCapableBeanFactory.populateBean(AbstractAutowireCapableBeanFactory.java:1411)
	at org.springframework.beans.factory.support.AbstractAutowireCapableBeanFactory.doCreateBean(AbstractAutowireCapableBeanFactory.java:592)
	at org.springframework.beans.factory.support.AbstractAutowireCapableBeanFactory.createBean(AbstractAutowireCapableBeanFactory.java:515)
	at org.springframework.beans.factory.support.AbstractBeanFactory.lambda$doGetBean$0(AbstractBeanFactory.java:320)
	at org.springframework.beans.factory.support.DefaultSingletonBeanRegistry.getSingleton(DefaultSingletonBeanRegistry.java:222)
	at org.springframework.beans.factory.support.AbstractBeanFactory.doGetBean(AbstractBeanFactory.java:318)
	at org.springframework.beans.factory.support.AbstractBeanFactory.getBean(AbstractBeanFactory.java:199)
	at org.springframework.beans.factory.support.DefaultListableBeanFactory.preInstantiateSingletons(DefaultListableBeanFactory.java:843)
	at org.springframework.context.support.AbstractApplicationContext.finishBeanFactoryInitialization(AbstractApplicationContext.java:877)
	at org.springframework.context.support.AbstractApplicationContext.refresh(AbstractApplicationContext.java:549)
	at org.springframework.boot.web.servlet.context.ServletWebServerApplicationContext.refresh(ServletWebServerApplicationContext.java:142)
	at org.springframework.boot.SpringApplication.refresh(SpringApplication.java:775)
	at org.springframework.boot.SpringApplication.refreshContext(SpringApplication.java:397)
	at org.springframework.boot.SpringApplication.run(SpringApplication.java:316)
	at org.springframework.boot.SpringApplication.run(SpringApplication.java:1260)
	at org.springframework.boot.SpringApplication.run(SpringApplication.java:1248)
	at org.linlinjava.litemall.Application.main(Application.java:16)
	at java.base/jdk.internal.reflect.NativeMethodAccessorImpl.invoke0(Native Method)
	at java.base/jdk.internal.reflect.NativeMethodAccessorImpl.invoke(NativeMethodAccessorImpl.java:62)
	at java.base/jdk.internal.reflect.DelegatingMethodAccessorImpl.invoke(DelegatingMethodAccessorImpl.java:43)
	at java.base/java.lang.reflect.Method.invoke(Method.java:566)
	at org.springframework.boot.devtools.restart.RestartLauncher.run(RestartLauncher.java:49)
Caused by: org.springframework.beans.factory.BeanCreationException: Error creating bean with name 'storageService' defined in class path resource [org/linlinjava/litemall/core/storage/config/StorageAutoConfiguration.class]: Bean instantiation via factory method failed; nested exception is org.springframework.beans.BeanInstantiationException: Failed to instantiate [org.linlinjava.litemall.core.storage.StorageService]: Factory method 'storageService' threw exception; nested exception is java.lang.NullPointerException
	at org.springframework.beans.factory.support.ConstructorResolver.instantiate(ConstructorResolver.java:627)
	at org.springframework.beans.factory.support.ConstructorResolver.instantiateUsingFactoryMethod(ConstructorResolver.java:456)
	at org.springframework.beans.factory.support.AbstractAutowireCapableBeanFactory.instantiateUsingFactoryMethod(AbstractAutowireCapableBeanFactory.java:1321)
	at org.springframework.beans.factory.support.AbstractAutowireCapableBeanFactory.createBeanInstance(AbstractAutowireCapableBeanFactory.java:1160)
	at org.springframework.beans.factory.support.AbstractAutowireCapableBeanFactory.doCreateBean(AbstractAutowireCapableBeanFactory.java:555)
	at org.springframework.beans.factory.support.AbstractAutowireCapableBeanFactory.createBean(AbstractAutowireCapableBeanFactory.java:515)
	at org.springframework.beans.factory.support.AbstractBeanFactory.lambda$doGetBean$0(AbstractBeanFactory.java:320)
	at org.springframework.beans.factory.support.DefaultSingletonBeanRegistry.getSingleton(DefaultSingletonBeanRegistry.java:222)
	at org.springframework.beans.factory.support.AbstractBeanFactory.doGetBean(AbstractBeanFactory.java:318)
	at org.springframework.beans.factory.support.AbstractBeanFactory.getBean(AbstractBeanFactory.java:199)
	at org.springframework.beans.factory.config.DependencyDescriptor.resolveCandidate(DependencyDescriptor.java:277)
	at org.springframework.beans.factory.support.DefaultListableBeanFactory.doResolveDependency(DefaultListableBeanFactory.java:1248)
	at org.springframework.beans.factory.support.DefaultListableBeanFactory.resolveDependency(DefaultListableBeanFactory.java:1168)
	at org.springframework.beans.factory.annotation.AutowiredAnnotationBeanPostProcessor$AutowiredFieldElement.inject(AutowiredAnnotationBeanPostProcessor.java:593)
	... 24 common frames omitted
Caused by: org.springframework.beans.BeanInstantiationException: Failed to instantiate [org.linlinjava.litemall.core.storage.StorageService]: Factory method 'storageService' threw exception; nested exception is java.lang.NullPointerException
	at org.springframework.beans.factory.support.SimpleInstantiationStrategy.instantiate(SimpleInstantiationStrategy.java:185)
	at org.springframework.beans.factory.support.ConstructorResolver.instantiate(ConstructorResolver.java:622)
	... 37 common frames omitted
Caused by: java.lang.NullPointerException: null
	at org.linlinjava.litemall.core.storage.config.StorageAutoConfiguration.storageService(StorageAutoConfiguration.java:23)
	at org.linlinjava.litemall.core.storage.config.StorageAutoConfiguration$$EnhancerBySpringCGLIB$$c7f12c87.CGLIB$storageService$0(<generated>)
	at org.linlinjava.litemall.core.storage.config.StorageAutoConfiguration$$EnhancerBySpringCGLIB$$c7f12c87$$FastClassBySpringCGLIB$$b120c8.invoke(<generated>)
	at org.springframework.cglib.proxy.MethodProxy.invokeSuper(MethodProxy.java:244)
	at org.springframework.context.annotation.ConfigurationClassEnhancer$BeanMethodInterceptor.intercept(ConfigurationClassEnhancer.java:363)
	at org.linlinjava.litemall.core.storage.config.StorageAutoConfiguration$$EnhancerBySpringCGLIB$$c7f12c87.storageService(<generated>)
	at java.base/jdk.internal.reflect.NativeMethodAccessorImpl.invoke0(Native Method)
	at java.base/jdk.internal.reflect.NativeMethodAccessorImpl.invoke(NativeMethodAccessorImpl.java:62)
	at java.base/jdk.internal.reflect.DelegatingMethodAccessorImpl.invoke(DelegatingMethodAccessorImpl.java:43)
	at java.base/java.lang.reflect.Method.invoke(Method.java:566)
	at org.springframework.beans.factory.support.SimpleInstantiationStrategy.instantiate(SimpleInstantiationStrategy.java:154)
	... 38 common frames omitted
2020-02-04 17:53:28,448 INFO [restartedMain] org.linlinjava.litemall.Application [StartupInfoLogger.java : 50] Starting Application on DESKTOP-0QNT9TJ with PID 14256 (D:\Deve\jintu\litemall-all\target\classes started by admin in D:\Deve\jintu)
2020-02-04 17:53:28,457 DEBUG [restartedMain] org.linlinjava.litemall.Application [StartupInfoLogger.java : 53] Running with Spring Boot v2.1.5.RELEASE, Spring v5.1.7.RELEASE
2020-02-04 17:53:28,458 INFO [restartedMain] org.linlinjava.litemall.Application [SpringApplication.java : 679] The following profiles are active: db,core,admin,wx
2020-02-04 17:53:39,666 DEBUG [restartedMain] o.l.l.d.d.L.selectByExample [BaseJdbcLogger.java : 159] ==>  Preparing: select id, key_name, key_value, add_time, update_time, deleted from litemall_system WHERE ( deleted = ? ) 
2020-02-04 17:53:39,762 DEBUG [restartedMain] o.l.l.d.d.L.selectByExample [BaseJdbcLogger.java : 159] ==> Parameters: false(Boolean)
2020-02-04 17:53:39,883 DEBUG [restartedMain] o.l.l.d.d.L.selectByExample [BaseJdbcLogger.java : 159] <==      Total: 18
2020-02-04 17:53:39,888 INFO [restartedMain] o.l.l.core.util.SystemInfoPrinter [SystemInfoPrinter.java : 42] ============================================================================================================================================================================================================
2020-02-04 17:53:39,888 INFO [restartedMain] o.l.l.core.util.SystemInfoPrinter [SystemInfoPrinter.java : 43] 
2020-02-04 17:53:39,888 INFO [restartedMain] o.l.l.core.util.SystemInfoPrinter [SystemInfoPrinter.java : 44]               Litemall 初始化信息
2020-02-04 17:53:39,888 INFO [restartedMain] o.l.l.core.util.SystemInfoPrinter [SystemInfoPrinter.java : 45] 
2020-02-04 17:53:39,888 INFO [restartedMain] o.l.l.core.util.SystemInfoPrinter [SystemInfoPrinter.java : 67] 
2020-02-04 17:53:39,888 INFO [restartedMain] o.l.l.core.util.SystemInfoPrinter [SystemInfoPrinter.java : 68]     [[  系统信息  ]]
2020-02-04 17:53:39,889 INFO [restartedMain] o.l.l.core.util.SystemInfoPrinter [SystemInfoPrinter.java : 69] 
2020-02-04 17:53:39,889 INFO [restartedMain] o.l.l.core.util.SystemInfoPrinter [SystemInfoPrinter.java : 71]     服务器端口        ->        8080
2020-02-04 17:53:39,889 INFO [restartedMain] o.l.l.core.util.SystemInfoPrinter [SystemInfoPrinter.java : 71]     数据库USER        ->        root
2020-02-04 17:53:39,889 INFO [restartedMain] o.l.l.core.util.SystemInfoPrinter [SystemInfoPrinter.java : 71]     数据库地址        ->        jdbc:mysql://112.74.58.0:3306/litemall?useUnicode=true&characterEncoding=UTF-8&serverTimezone=UTC&allowPublicKeyRetrieval=true&verifyServerCertificate=false&useSSL=false
2020-02-04 17:53:39,889 INFO [restartedMain] o.l.l.core.util.SystemInfoPrinter [SystemInfoPrinter.java : 67] 
2020-02-04 17:53:39,890 INFO [restartedMain] o.l.l.core.util.SystemInfoPrinter [SystemInfoPrinter.java : 68]     [[  模块状态  ]]
2020-02-04 17:53:39,890 INFO [restartedMain] o.l.l.core.util.SystemInfoPrinter [SystemInfoPrinter.java : 69] 
2020-02-04 17:53:39,890 INFO [restartedMain] o.l.l.core.util.SystemInfoPrinter [SystemInfoPrinter.java : 71]     邮件        ->        false
2020-02-04 17:53:39,890 INFO [restartedMain] o.l.l.core.util.SystemInfoPrinter [SystemInfoPrinter.java : 71]     短信        ->        false
2020-02-04 17:53:39,890 INFO [restartedMain] o.l.l.core.util.SystemInfoPrinter [SystemInfoPrinter.java : 71]     快递信息        ->        false
2020-02-04 17:53:39,890 INFO [restartedMain] o.l.l.core.util.SystemInfoPrinter [SystemInfoPrinter.java : 71]     快递鸟ID        ->        XXXXXXXXX
2020-02-04 17:53:39,891 INFO [restartedMain] o.l.l.core.util.SystemInfoPrinter [SystemInfoPrinter.java : 71]     对象存储        ->        local
2020-02-04 17:53:39,891 INFO [restartedMain] o.l.l.core.util.SystemInfoPrinter [SystemInfoPrinter.java : 71]     本地对象存储路径        ->        storage
2020-02-04 17:53:39,891 INFO [restartedMain] o.l.l.core.util.SystemInfoPrinter [SystemInfoPrinter.java : 71]     本地对象访问地址        ->        http://localhost:8080/wx/storage/fetch/
2020-02-04 17:53:39,891 INFO [restartedMain] o.l.l.core.util.SystemInfoPrinter [SystemInfoPrinter.java : 67] 
2020-02-04 17:53:39,891 INFO [restartedMain] o.l.l.core.util.SystemInfoPrinter [SystemInfoPrinter.java : 68]     [[  微信相关  ]]
2020-02-04 17:53:39,891 INFO [restartedMain] o.l.l.core.util.SystemInfoPrinter [SystemInfoPrinter.java : 69] 
2020-02-04 17:53:39,891 INFO [restartedMain] o.l.l.core.util.SystemInfoPrinter [SystemInfoPrinter.java : 71]     微信APP KEY        ->        wxd00e2c332ba2c699
2020-02-04 17:53:39,892 INFO [restartedMain] o.l.l.core.util.SystemInfoPrinter [SystemInfoPrinter.java : 71]     微信APP-SECRET        ->        d3bbf624a482426639573cb942ac813c
2020-02-04 17:53:39,892 INFO [restartedMain] o.l.l.core.util.SystemInfoPrinter [SystemInfoPrinter.java : 71]     微信支付MCH-ID        ->        1573872631
2020-02-04 17:53:39,892 INFO [restartedMain] o.l.l.core.util.SystemInfoPrinter [SystemInfoPrinter.java : 71]     微信支付MCH-KEY        ->        Cy19790903cyd20121119Cjy19790903
2020-02-04 17:53:39,892 INFO [restartedMain] o.l.l.core.util.SystemInfoPrinter [SystemInfoPrinter.java : 71]     微信支付通知地址        ->        http://www.example.com/wx/order/pay-notify
2020-02-04 17:53:39,892 INFO [restartedMain] o.l.l.core.util.SystemInfoPrinter [SystemInfoPrinter.java : 67] 
2020-02-04 17:53:39,892 INFO [restartedMain] o.l.l.core.util.SystemInfoPrinter [SystemInfoPrinter.java : 68]     [[  系统设置  ]]
2020-02-04 17:53:39,892 INFO [restartedMain] o.l.l.core.util.SystemInfoPrinter [SystemInfoPrinter.java : 69] 
2020-02-04 17:53:39,892 INFO [restartedMain] o.l.l.core.util.SystemInfoPrinter [SystemInfoPrinter.java : 71]     自动创建朋友圈分享图        ->        false
2020-02-04 17:53:39,892 INFO [restartedMain] o.l.l.core.util.SystemInfoPrinter [SystemInfoPrinter.java : 71]     商场名称        ->        litemall
2020-02-04 17:53:39,893 INFO [restartedMain] o.l.l.core.util.SystemInfoPrinter [SystemInfoPrinter.java : 71]     首页显示记录数：NEW,HOT,BRAND,TOPIC,CatlogList,CatlogMore        ->        6,6,4,4,4,4
2020-02-04 17:53:39,893 INFO [restartedMain] o.l.l.core.util.SystemInfoPrinter [SystemInfoPrinter.java : 49]   
2020-02-04 17:53:39,893 INFO [restartedMain] o.l.l.core.util.SystemInfoPrinter [SystemInfoPrinter.java : 50] ============================================================================================================================================================================================================
2020-02-04 17:53:43,566 INFO [scheduling-1] o.l.litemall.admin.job.CouponJob [CouponJob.java : 36] 系统开启任务检查优惠券是否已经过期
2020-02-04 17:53:43,581 DEBUG [scheduling-1] o.l.l.d.d.L.selectByExample [BaseJdbcLogger.java : 159] ==>  Preparing: select id, `name`, `desc`, tag, total, discount, `min`, `limit`, `type`, `status`, goods_type, goods_value, code, time_type, `days`, start_time, end_time, add_time, update_time, deleted from litemall_coupon WHERE ( `status` = ? and time_type = ? and end_time < ? and deleted = ? ) 
2020-02-04 17:53:43,585 DEBUG [scheduling-1] o.l.l.d.d.L.selectByExample [BaseJdbcLogger.java : 159] ==> Parameters: 0(Short), 1(Short), 2020-02-04 17:53:43.5723732(Timestamp), false(Boolean)
2020-02-04 17:53:43,641 DEBUG [scheduling-1] o.l.l.d.d.L.selectByExample [BaseJdbcLogger.java : 159] <==      Total: 0
2020-02-04 17:53:43,650 DEBUG [scheduling-1] o.l.l.d.d.L.selectByExample [BaseJdbcLogger.java : 159] ==>  Preparing: select id, user_id, coupon_id, `status`, used_time, start_time, end_time, order_id, add_time, update_time, deleted from litemall_coupon_user WHERE ( `status` = ? and end_time < ? and deleted = ? ) 
2020-02-04 17:53:43,652 DEBUG [scheduling-1] o.l.l.d.d.L.selectByExample [BaseJdbcLogger.java : 159] ==> Parameters: 0(Short), 2020-02-04 17:53:43.6461716(Timestamp), false(Boolean)
2020-02-04 17:53:43,705 DEBUG [scheduling-1] o.l.l.d.d.L.selectByExample [BaseJdbcLogger.java : 159] <==      Total: 0
2020-02-04 17:53:44,412 INFO [restartedMain] org.linlinjava.litemall.Application [StartupInfoLogger.java : 59] Started Application in 17.495 seconds (JVM running for 19.212)
2020-02-04 17:53:44,426 DEBUG [restartedMain] o.l.l.d.d.L.selectByExample [BaseJdbcLogger.java : 159] ==>  Preparing: select id, user_id, order_sn, order_status, consignee, mobile, address, message, goods_price, freight_price, coupon_price, integral_price, groupon_price, order_price, actual_price, pay_id, pay_time, ship_sn, ship_channel, ship_time, refund_amount, refund_type, refund_content, refund_time, confirm_time, comments, end_time, add_time, update_time, deleted from litemall_order WHERE ( order_status = ? and deleted = ? ) 
2020-02-04 17:53:44,427 DEBUG [restartedMain] o.l.l.d.d.L.selectByExample [BaseJdbcLogger.java : 159] ==> Parameters: 101(Short), false(Boolean)
2020-02-04 17:53:44,476 DEBUG [restartedMain] o.l.l.d.d.L.selectByExample [BaseJdbcLogger.java : 159] <==      Total: 0
2020-02-04 17:53:44,484 DEBUG [restartedMain] o.l.l.d.d.L.selectByExample [BaseJdbcLogger.java : 159] ==>  Preparing: select id, goods_id, goods_name, pic_url, discount, discount_member, expire_time, `status`, add_time, update_time, deleted from litemall_groupon_rules WHERE ( `status` = ? and deleted = ? ) 
2020-02-04 17:53:44,485 DEBUG [restartedMain] o.l.l.d.d.L.selectByExample [BaseJdbcLogger.java : 159] ==> Parameters: 0(Short), false(Boolean)
2020-02-04 17:53:44,545 DEBUG [restartedMain] o.l.l.d.d.L.selectByExample [BaseJdbcLogger.java : 159] <==      Total: 1
2020-02-04 17:54:15,383 DEBUG [http-nio-8080-exec-2] o.l.l.d.d.L.countByExample [BaseJdbcLogger.java : 159] ==>  Preparing: select count(*) from litemall_goods WHERE ( is_on_sale = ? and deleted = ? ) 
2020-02-04 17:54:15,384 DEBUG [http-nio-8080-exec-2] o.l.l.d.d.L.countByExample [BaseJdbcLogger.java : 159] ==> Parameters: true(Boolean), false(Boolean)
2020-02-04 17:54:15,387 DEBUG [http-nio-8080-exec-1] o.l.l.d.d.L.countByExample [BaseJdbcLogger.java : 159] ==>  Preparing: select count(*) from litemall_brand 
2020-02-04 17:54:15,388 DEBUG [http-nio-8080-exec-1] o.l.l.d.d.L.countByExample [BaseJdbcLogger.java : 159] ==> Parameters: 
2020-02-04 17:54:15,443 DEBUG [http-nio-8080-exec-1] o.l.l.d.d.L.countByExample [BaseJdbcLogger.java : 159] <==      Total: 1
2020-02-04 17:54:15,444 DEBUG [http-nio-8080-exec-2] o.l.l.d.d.L.countByExample [BaseJdbcLogger.java : 159] <==      Total: 1
2020-02-04 17:54:15,513 DEBUG [pool-4-thread-2] o.l.l.d.d.L.selectByExampleSelective [BaseJdbcLogger.java : 159] ==>  Preparing: select id , `name` , icon_url from litemall_category WHERE ( `level` = ? and deleted = ? ) 
2020-02-04 17:54:15,516 DEBUG [pool-4-thread-2] o.l.l.d.d.L.selectByExampleSelective [BaseJdbcLogger.java : 159] ==> Parameters: L1(String), false(Boolean)
2020-02-04 17:54:15,518 DEBUG [pool-4-thread-1] o.l.l.d.d.L.selectByExample [BaseJdbcLogger.java : 159] ==>  Preparing: select id, `name`, link, url, `position`, content, start_time, end_time, enabled, add_time, update_time, deleted from litemall_ad WHERE ( `position` = ? and deleted = ? and enabled = ? ) 
2020-02-04 17:54:15,520 DEBUG [pool-4-thread-1] o.l.l.d.d.L.selectByExample [BaseJdbcLogger.java : 159] ==> Parameters: 1(Byte), false(Boolean), true(Boolean)
2020-02-04 17:54:15,535 DEBUG [pool-4-thread-9] o.l.l.d.d.L.selectByExample_COUNT [BaseJdbcLogger.java : 159] ==>  Preparing: SELECT count(0) FROM litemall_category WHERE (`level` = ? AND `name` <> ? AND deleted = ?) 
2020-02-04 17:54:15,535 DEBUG [pool-4-thread-7] o.l.l.d.d.L.selectByExampleSelective_COUNT [BaseJdbcLogger.java : 159] ==>  Preparing: SELECT count(0) FROM litemall_topic WHERE (deleted = ?) 
2020-02-04 17:54:15,536 DEBUG [pool-4-thread-6] o.l.l.d.d.L.selectByExampleSelective_COUNT [BaseJdbcLogger.java : 159] ==>  Preparing: SELECT count(0) FROM litemall_brand WHERE (deleted = ?) 
2020-02-04 17:54:15,536 DEBUG [pool-4-thread-3] o.l.l.d.d.L.selectByExampleSelective_COUNT [BaseJdbcLogger.java : 159] ==>  Preparing: SELECT count(0) FROM litemall_coupon WHERE (`type` = ? AND `status` = ? AND deleted = ?) 
2020-02-04 17:54:15,536 DEBUG [pool-4-thread-4] o.l.l.d.d.L.selectByExampleSelective_COUNT [BaseJdbcLogger.java : 159] ==>  Preparing: SELECT count(0) FROM litemall_goods WHERE (is_new = ? AND is_on_sale = ? AND deleted = ?) 
2020-02-04 17:54:15,536 DEBUG [pool-4-thread-5] o.l.l.d.d.L.selectByExampleSelective_COUNT [BaseJdbcLogger.java : 159] ==>  Preparing: SELECT count(0) FROM litemall_goods WHERE (is_hot = ? AND is_on_sale = ? AND deleted = ?) 
2020-02-04 17:54:15,535 DEBUG [pool-4-thread-8] o.l.l.d.d.L.selectByExample_COUNT [BaseJdbcLogger.java : 159] ==>  Preparing: SELECT count(0) FROM litemall_groupon_rules WHERE (`status` = ? AND deleted = ?) 
2020-02-04 17:54:15,540 DEBUG [pool-4-thread-8] o.l.l.d.d.L.selectByExample_COUNT [BaseJdbcLogger.java : 159] ==> Parameters: 0(Short), false(Boolean)
2020-02-04 17:54:15,540 DEBUG [pool-4-thread-5] o.l.l.d.d.L.selectByExampleSelective_COUNT [BaseJdbcLogger.java : 159] ==> Parameters: true(Boolean), true(Boolean), false(Boolean)
2020-02-04 17:54:15,541 DEBUG [pool-4-thread-7] o.l.l.d.d.L.selectByExampleSelective_COUNT [BaseJdbcLogger.java : 159] ==> Parameters: false(Boolean)
2020-02-04 17:54:15,541 DEBUG [pool-4-thread-4] o.l.l.d.d.L.selectByExampleSelective_COUNT [BaseJdbcLogger.java : 159] ==> Parameters: true(Boolean), true(Boolean), false(Boolean)
2020-02-04 17:54:15,542 DEBUG [pool-4-thread-6] o.l.l.d.d.L.selectByExampleSelective_COUNT [BaseJdbcLogger.java : 159] ==> Parameters: false(Boolean)
2020-02-04 17:54:15,542 DEBUG [pool-4-thread-3] o.l.l.d.d.L.selectByExampleSelective_COUNT [BaseJdbcLogger.java : 159] ==> Parameters: 0(Short), 0(Short), false(Boolean)
2020-02-04 17:54:15,544 DEBUG [pool-4-thread-9] o.l.l.d.d.L.selectByExample_COUNT [BaseJdbcLogger.java : 159] ==> Parameters: L1(String), 推荐(String), false(Boolean)
2020-02-04 17:54:15,567 DEBUG [pool-4-thread-1] o.l.l.d.d.L.selectByExample [BaseJdbcLogger.java : 159] <==      Total: 3
2020-02-04 17:54:15,575 DEBUG [pool-4-thread-2] o.l.l.d.d.L.selectByExampleSelective [BaseJdbcLogger.java : 159] <==      Total: 13
2020-02-04 17:54:15,592 DEBUG [pool-4-thread-3] o.l.l.d.d.L.selectByExampleSelective_COUNT [BaseJdbcLogger.java : 159] <==      Total: 1
2020-02-04 17:54:15,593 DEBUG [pool-4-thread-3] o.l.l.d.d.L.selectByExampleSelective [BaseJdbcLogger.java : 159] ==>  Preparing: select id , `name` , `desc` , tag , `days` , start_time , end_time , discount , `min` from litemall_coupon WHERE ( `type` = ? and `status` = ? and deleted = ? ) order by add_time desc LIMIT ? 
2020-02-04 17:54:15,594 DEBUG [pool-4-thread-5] o.l.l.d.d.L.selectByExampleSelective_COUNT [BaseJdbcLogger.java : 159] <==      Total: 1
2020-02-04 17:54:15,594 DEBUG [pool-4-thread-6] o.l.l.d.d.L.selectByExampleSelective_COUNT [BaseJdbcLogger.java : 159] <==      Total: 1
2020-02-04 17:54:15,594 DEBUG [pool-4-thread-9] o.l.l.d.d.L.selectByExample_COUNT [BaseJdbcLogger.java : 159] <==      Total: 1
2020-02-04 17:54:15,595 DEBUG [pool-4-thread-8] o.l.l.d.d.L.selectByExample_COUNT [BaseJdbcLogger.java : 159] <==      Total: 1
2020-02-04 17:54:15,595 DEBUG [pool-4-thread-5] o.l.l.d.d.L.selectByExampleSelective [BaseJdbcLogger.java : 159] ==>  Preparing: select id , `name` , brief , pic_url , is_hot , is_new , counter_price , retail_price from litemall_goods WHERE ( is_hot = ? and is_on_sale = ? and deleted = ? ) order by add_time desc LIMIT ? 
2020-02-04 17:54:15,595 DEBUG [pool-4-thread-6] o.l.l.d.d.L.selectByExampleSelective [BaseJdbcLogger.java : 159] ==>  Preparing: select id , `name` , `desc` , pic_url , floor_price from litemall_brand WHERE ( deleted = ? ) LIMIT ? 
2020-02-04 17:54:15,595 DEBUG [pool-4-thread-9] o.l.l.d.d.L.selectByExample [BaseJdbcLogger.java : 159] ==>  Preparing: select id, `name`, keywords, `desc`, pid, icon_url, pic_url, `level`, sort_order, add_time, update_time, deleted from litemall_category WHERE ( `level` = ? and `name` <> ? and deleted = ? ) LIMIT ? 
2020-02-04 17:54:15,596 DEBUG [pool-4-thread-8] o.l.l.d.d.L.selectByExample [BaseJdbcLogger.java : 159] ==>  Preparing: select id, goods_id, goods_name, pic_url, discount, discount_member, expire_time, `status`, add_time, update_time, deleted from litemall_groupon_rules WHERE ( `status` = ? and deleted = ? ) order by add_time desc LIMIT ? 
2020-02-04 17:54:15,596 DEBUG [pool-4-thread-7] o.l.l.d.d.L.selectByExampleSelective_COUNT [BaseJdbcLogger.java : 159] <==      Total: 1
2020-02-04 17:54:15,597 DEBUG [pool-4-thread-4] o.l.l.d.d.L.selectByExampleSelective_COUNT [BaseJdbcLogger.java : 159] <==      Total: 1
2020-02-04 17:54:15,597 DEBUG [pool-4-thread-7] o.l.l.d.d.L.selectByExampleSelective [BaseJdbcLogger.java : 159] ==>  Preparing: select id , title , subtitle , price , pic_url , read_count from litemall_topic WHERE ( deleted = ? ) order by add_time desc LIMIT ? 
2020-02-04 17:54:15,598 DEBUG [pool-4-thread-6] o.l.l.d.d.L.selectByExampleSelective [BaseJdbcLogger.java : 159] ==> Parameters: false(Boolean), 6(Integer)
2020-02-04 17:54:15,598 DEBUG [pool-4-thread-3] o.l.l.d.d.L.selectByExampleSelective [BaseJdbcLogger.java : 159] ==> Parameters: 0(Short), 0(Short), false(Boolean), 3(Integer)
2020-02-04 17:54:15,598 DEBUG [pool-4-thread-9] o.l.l.d.d.L.selectByExample [BaseJdbcLogger.java : 159] ==> Parameters: L1(String), 推荐(String), false(Boolean), 4(Integer)
2020-02-04 17:54:15,598 DEBUG [pool-4-thread-5] o.l.l.d.d.L.selectByExampleSelective [BaseJdbcLogger.java : 159] ==> Parameters: true(Boolean), true(Boolean), false(Boolean), 6(Integer)
2020-02-04 17:54:15,598 DEBUG [pool-4-thread-8] o.l.l.d.d.L.selectByExample [BaseJdbcLogger.java : 159] ==> Parameters: 0(Short), false(Boolean), 5(Integer)
2020-02-04 17:54:15,598 DEBUG [pool-4-thread-7] o.l.l.d.d.L.selectByExampleSelective [BaseJdbcLogger.java : 159] ==> Parameters: false(Boolean), 4(Integer)
2020-02-04 17:54:15,599 DEBUG [pool-4-thread-4] o.l.l.d.d.L.selectByExampleSelective [BaseJdbcLogger.java : 159] ==>  Preparing: select id , `name` , brief , pic_url , is_hot , is_new , counter_price , retail_price from litemall_goods WHERE ( is_new = ? and is_on_sale = ? and deleted = ? ) order by add_time desc LIMIT ? 
2020-02-04 17:54:15,601 DEBUG [pool-4-thread-4] o.l.l.d.d.L.selectByExampleSelective [BaseJdbcLogger.java : 159] ==> Parameters: true(Boolean), true(Boolean), false(Boolean), 6(Integer)
2020-02-04 17:54:15,643 DEBUG [pool-4-thread-6] o.l.l.d.d.L.selectByExampleSelective [BaseJdbcLogger.java : 159] <==      Total: 6
2020-02-04 17:54:15,645 DEBUG [pool-4-thread-3] o.l.l.d.d.L.selectByExampleSelective [BaseJdbcLogger.java : 159] <==      Total: 2
2020-02-04 17:54:15,645 DEBUG [pool-4-thread-5] o.l.l.d.d.L.selectByExampleSelective [BaseJdbcLogger.java : 159] <==      Total: 6
2020-02-04 17:54:15,647 DEBUG [pool-4-thread-8] o.l.l.d.d.L.selectByExample [BaseJdbcLogger.java : 159] <==      Total: 1
2020-02-04 17:54:15,647 DEBUG [pool-4-thread-7] o.l.l.d.d.L.selectByExampleSelective [BaseJdbcLogger.java : 159] <==      Total: 4
2020-02-04 17:54:15,648 DEBUG [pool-4-thread-4] o.l.l.d.d.L.selectByExampleSelective [BaseJdbcLogger.java : 159] <==      Total: 6
2020-02-04 17:54:15,649 DEBUG [pool-4-thread-9] o.l.l.d.d.L.selectByExample [BaseJdbcLogger.java : 159] <==      Total: 4
2020-02-04 17:54:15,649 DEBUG [pool-4-thread-8] o.l.l.d.d.L.selectOneByExampleWithBLOBs [BaseJdbcLogger.java : 159] ==>  Preparing: select id, goods_sn, `name`, category_id, brand_id, gallery, keywords, brief, is_on_sale, sort_order, pic_url, share_url, is_new, is_hot, unit, counter_price, retail_price, add_time, update_time, deleted , detail from litemall_goods WHERE ( id = ? and deleted = ? ) limit 1 
2020-02-04 17:54:15,650 DEBUG [pool-4-thread-9] o.l.l.d.d.L.selectByExample [BaseJdbcLogger.java : 159] ==>  Preparing: select id, `name`, keywords, `desc`, pid, icon_url, pic_url, `level`, sort_order, add_time, update_time, deleted from litemall_category WHERE ( pid = ? and deleted = ? ) 
2020-02-04 17:54:15,651 DEBUG [pool-4-thread-8] o.l.l.d.d.L.selectOneByExampleWithBLOBs [BaseJdbcLogger.java : 159] ==> Parameters: 1110016(Integer), false(Boolean)
2020-02-04 17:54:15,652 DEBUG [pool-4-thread-9] o.l.l.d.d.L.selectByExample [BaseJdbcLogger.java : 159] ==> Parameters: 1001(Integer), false(Boolean)
2020-02-04 17:54:15,699 DEBUG [pool-4-thread-8] o.l.l.d.d.L.selectOneByExampleWithBLOBs [BaseJdbcLogger.java : 159] <==      Total: 0
2020-02-04 17:54:15,706 DEBUG [pool-4-thread-9] o.l.l.d.d.L.selectByExample [BaseJdbcLogger.java : 159] <==      Total: 2
2020-02-04 17:54:15,710 DEBUG [pool-4-thread-9] o.l.l.d.d.L.selectByExampleSelective_COUNT [BaseJdbcLogger.java : 159] ==>  Preparing: SELECT count(0) FROM litemall_goods WHERE (category_id IN (?, ?) AND is_on_sale = ? AND deleted = ?) 
2020-02-04 17:54:15,711 DEBUG [pool-4-thread-9] o.l.l.d.d.L.selectByExampleSelective_COUNT [BaseJdbcLogger.java : 159] ==> Parameters: 1005(Integer), 1006(Integer), true(Boolean), false(Boolean)
2020-02-04 17:54:15,757 DEBUG [pool-4-thread-9] o.l.l.d.d.L.selectByExampleSelective_COUNT [BaseJdbcLogger.java : 159] <==      Total: 1
2020-02-04 17:54:15,758 DEBUG [pool-4-thread-9] o.l.l.d.d.L.selectByExampleSelective [BaseJdbcLogger.java : 159] ==>  Preparing: select id , `name` , brief , pic_url , is_hot , is_new , counter_price , retail_price from litemall_goods WHERE ( category_id in ( ? , ? ) and is_on_sale = ? and deleted = ? ) order by add_time desc LIMIT ? 
2020-02-04 17:54:15,760 DEBUG [pool-4-thread-9] o.l.l.d.d.L.selectByExampleSelective [BaseJdbcLogger.java : 159] ==> Parameters: 1005(Integer), 1006(Integer), true(Boolean), false(Boolean), 4(Integer)
2020-02-04 17:54:15,811 DEBUG [pool-4-thread-9] o.l.l.d.d.L.selectByExampleSelective [BaseJdbcLogger.java : 159] <==      Total: 4
2020-02-04 17:54:15,812 DEBUG [pool-4-thread-9] o.l.l.d.d.L.selectByExample [BaseJdbcLogger.java : 159] ==>  Preparing: select id, `name`, keywords, `desc`, pid, icon_url, pic_url, `level`, sort_order, add_time, update_time, deleted from litemall_category WHERE ( pid = ? and deleted = ? ) 
2020-02-04 17:54:15,812 DEBUG [pool-4-thread-9] o.l.l.d.d.L.selectByExample [BaseJdbcLogger.java : 159] ==> Parameters: 1002(Integer), false(Boolean)
2020-02-04 17:54:15,859 DEBUG [pool-4-thread-9] o.l.l.d.d.L.selectByExample [BaseJdbcLogger.java : 159] <==      Total: 3
2020-02-04 17:54:15,862 DEBUG [pool-4-thread-9] o.l.l.d.d.L.selectByExampleSelective_COUNT [BaseJdbcLogger.java : 159] ==>  Preparing: SELECT count(0) FROM litemall_goods WHERE (category_id IN (?, ?, ?) AND is_on_sale = ? AND deleted = ?) 
2020-02-04 17:54:15,863 DEBUG [pool-4-thread-9] o.l.l.d.d.L.selectByExampleSelective_COUNT [BaseJdbcLogger.java : 159] ==> Parameters: 1007(Integer), 1008(Integer), 1009(Integer), true(Boolean), false(Boolean)
2020-02-04 17:54:15,912 DEBUG [pool-4-thread-9] o.l.l.d.d.L.selectByExampleSelective_COUNT [BaseJdbcLogger.java : 159] <==      Total: 1
2020-02-04 17:54:15,914 DEBUG [pool-4-thread-9] o.l.l.d.d.L.selectByExample [BaseJdbcLogger.java : 159] ==>  Preparing: select id, `name`, keywords, `desc`, pid, icon_url, pic_url, `level`, sort_order, add_time, update_time, deleted from litemall_category WHERE ( pid = ? and deleted = ? ) 
2020-02-04 17:54:15,914 DEBUG [pool-4-thread-9] o.l.l.d.d.L.selectByExample [BaseJdbcLogger.java : 159] ==> Parameters: 1003(Integer), false(Boolean)
2020-02-04 17:54:15,967 DEBUG [pool-4-thread-9] o.l.l.d.d.L.selectByExample [BaseJdbcLogger.java : 159] <==      Total: 2
2020-02-04 17:54:15,972 DEBUG [pool-4-thread-9] o.l.l.d.d.L.selectByExampleSelective_COUNT [BaseJdbcLogger.java : 159] ==>  Preparing: SELECT count(0) FROM litemall_goods WHERE (category_id IN (?, ?) AND is_on_sale = ? AND deleted = ?) 
2020-02-04 17:54:15,972 DEBUG [pool-4-thread-9] o.l.l.d.d.L.selectByExampleSelective_COUNT [BaseJdbcLogger.java : 159] ==> Parameters: 1010(Integer), 1011(Integer), true(Boolean), false(Boolean)
2020-02-04 17:54:16,022 DEBUG [pool-4-thread-9] o.l.l.d.d.L.selectByExampleSelective_COUNT [BaseJdbcLogger.java : 159] <==      Total: 1
2020-02-04 17:54:16,024 DEBUG [pool-4-thread-9] o.l.l.d.d.L.selectByExample [BaseJdbcLogger.java : 159] ==>  Preparing: select id, `name`, keywords, `desc`, pid, icon_url, pic_url, `level`, sort_order, add_time, update_time, deleted from litemall_category WHERE ( pid = ? and deleted = ? ) 
2020-02-04 17:54:16,025 DEBUG [pool-4-thread-9] o.l.l.d.d.L.selectByExample [BaseJdbcLogger.java : 159] ==> Parameters: 1004(Integer), false(Boolean)
2020-02-04 17:54:16,084 DEBUG [pool-4-thread-9] o.l.l.d.d.L.selectByExample [BaseJdbcLogger.java : 159] <==      Total: 3
2020-02-04 17:54:16,086 DEBUG [pool-4-thread-9] o.l.l.d.d.L.selectByExampleSelective_COUNT [BaseJdbcLogger.java : 159] ==>  Preparing: SELECT count(0) FROM litemall_goods WHERE (category_id IN (?, ?, ?) AND is_on_sale = ? AND deleted = ?) 
2020-02-04 17:54:16,086 DEBUG [pool-4-thread-9] o.l.l.d.d.L.selectByExampleSelective_COUNT [BaseJdbcLogger.java : 159] ==> Parameters: 1012(Integer), 1013(Integer), 1014(Integer), true(Boolean), false(Boolean)
2020-02-04 17:54:16,136 DEBUG [pool-4-thread-9] o.l.l.d.d.L.selectByExampleSelective_COUNT [BaseJdbcLogger.java : 159] <==      Total: 1
2020-02-04 17:58:18,263 DEBUG [http-nio-8080-exec-9] o.l.l.d.d.L.selectOneByExample [BaseJdbcLogger.java : 159] ==>  Preparing: select id, username, `password`, gender, birthday, last_login_time, last_login_ip, user_level, nickname, mobile, avatar, weixin_openid, session_key, `status`, add_time, update_time, deleted from litemall_user WHERE ( weixin_openid = ? and deleted = ? ) limit 1 
2020-02-04 17:58:18,269 DEBUG [http-nio-8080-exec-9] o.l.l.d.d.L.selectOneByExample [BaseJdbcLogger.java : 159] ==> Parameters: op1eq5WZyz7k4LN0rn9K0BvedHGs(String), false(Boolean)
2020-02-04 17:58:18,322 DEBUG [http-nio-8080-exec-9] o.l.l.d.d.L.selectOneByExample [BaseJdbcLogger.java : 159] <==      Total: 1
2020-02-04 17:58:18,333 DEBUG [http-nio-8080-exec-9] o.l.l.d.d.L.updateByPrimaryKeySelective [BaseJdbcLogger.java : 159] ==>  Preparing: update litemall_user SET username = ?, `password` = ?, gender = ?, last_login_time = ?, last_login_ip = ?, user_level = ?, nickname = ?, mobile = ?, avatar = ?, weixin_openid = ?, session_key = ?, `status` = ?, add_time = ?, update_time = ?, deleted = ? where id = ? 
2020-02-04 17:58:18,341 DEBUG [http-nio-8080-exec-9] o.l.l.d.d.L.updateByPrimaryKeySelective [BaseJdbcLogger.java : 159] ==> Parameters: op1eq5WZyz7k4LN0rn9K0BvedHGs(String), op1eq5WZyz7k4LN0rn9K0BvedHGs(String), 1(Byte), 2020-02-04 17:58:18.3248629(Timestamp), 0:0:0:0:0:0:0:1(String), 0(Byte), 毅(String), (String), https://wx.qlogo.cn/mmopen/vi_32/Q0j4TwGTfTL1Op7dYn4Ez2Oic4FFDNzwDTYANYZcmtDN3MHKtzP2Qo39diaJ5Y2sxajra0tygsjQ9neYE0tVpXiaw/132(String), op1eq5WZyz7k4LN0rn9K0BvedHGs(String), 3tMGRK98uuvH6rQfCgtcAQ==(String), 0(Byte), 2020-01-14 17:41:35.0(Timestamp), 2020-02-04 17:58:18.3268567(Timestamp), false(Boolean), 3(Integer)
2020-02-04 17:58:18,504 DEBUG [http-nio-8080-exec-9] o.l.l.d.d.L.updateByPrimaryKeySelective [BaseJdbcLogger.java : 159] <==    Updates: 1
2020-02-04 17:58:18,690 DEBUG [http-nio-8080-exec-6] o.l.l.d.d.L.selectByExample [BaseJdbcLogger.java : 159] ==>  Preparing: select id, user_id, goods_id, goods_sn, goods_name, product_id, price, `number`, specifications, `checked`, pic_url, add_time, update_time, deleted from litemall_cart WHERE ( user_id = ? and deleted = ? ) 
2020-02-04 17:58:18,691 DEBUG [http-nio-8080-exec-6] o.l.l.d.d.L.selectByExample [BaseJdbcLogger.java : 159] ==> Parameters: 3(Integer), false(Boolean)
2020-02-04 17:58:18,738 DEBUG [http-nio-8080-exec-6] o.l.l.d.d.L.selectByExample [BaseJdbcLogger.java : 159] <==      Total: 0
