2020-03-08 19:44:19,528 INFO [restartedMain] org.linlinjava.litemall.Application [StartupInfoLogger.java : 50] Starting Application on DESKTOP-0QNT9TJ with PID 25892 (D:\Deve\jintu\litemall-all\target\classes started by admin in D:\Deve\jintu)
2020-03-08 19:44:19,532 DEBUG [restartedMain] org.linlinjava.litemall.Application [StartupInfoLogger.java : 53] Running with Spring Boot v2.1.5.RELEASE, Spring v5.1.7.RELEASE
2020-03-08 19:44:19,533 INFO [restartedMain] org.linlinjava.litemall.Application [SpringApplication.java : 679] The following profiles are active: db,core,admin,wx
2020-03-08 19:44:35,076 DEBUG [restartedMain] o.l.l.d.d.L.selectByExample [BaseJdbcLogger.java : 159] ==>  Preparing: select id, key_name, key_value, add_time, update_time, deleted from litemall_system WHERE ( deleted = ? ) 
2020-03-08 19:44:35,395 DEBUG [restartedMain] o.l.l.d.d.L.selectByExample [BaseJdbcLogger.java : 159] ==> Parameters: false(Boolean)
2020-03-08 19:44:35,490 DEBUG [restartedMain] o.l.l.d.d.L.selectByExample [BaseJdbcLogger.java : 159] <==      Total: 18
2020-03-08 19:44:35,503 INFO [restartedMain] o.l.l.core.util.SystemInfoPrinter [SystemInfoPrinter.java : 42] =============================================================================================================================================================================================================
2020-03-08 19:44:35,504 INFO [restartedMain] o.l.l.core.util.SystemInfoPrinter [SystemInfoPrinter.java : 43] 
2020-03-08 19:44:35,504 INFO [restartedMain] o.l.l.core.util.SystemInfoPrinter [SystemInfoPrinter.java : 44]               Litemall 初始化信息
2020-03-08 19:44:35,505 INFO [restartedMain] o.l.l.core.util.SystemInfoPrinter [SystemInfoPrinter.java : 45] 
2020-03-08 19:44:35,506 INFO [restartedMain] o.l.l.core.util.SystemInfoPrinter [SystemInfoPrinter.java : 67] 
2020-03-08 19:44:35,506 INFO [restartedMain] o.l.l.core.util.SystemInfoPrinter [SystemInfoPrinter.java : 68]     [[  系统信息  ]]
2020-03-08 19:44:35,507 INFO [restartedMain] o.l.l.core.util.SystemInfoPrinter [SystemInfoPrinter.java : 69] 
2020-03-08 19:44:35,508 INFO [restartedMain] o.l.l.core.util.SystemInfoPrinter [SystemInfoPrinter.java : 71]     服务器端口        ->        8080
2020-03-08 19:44:35,508 INFO [restartedMain] o.l.l.core.util.SystemInfoPrinter [SystemInfoPrinter.java : 71]     数据库USER        ->        root
2020-03-08 19:44:35,509 INFO [restartedMain] o.l.l.core.util.SystemInfoPrinter [SystemInfoPrinter.java : 71]     数据库地址        ->        jdbc:mysql://39.97.120.86:3306/litemall?useUnicode=true&characterEncoding=UTF-8&serverTimezone=UTC&allowPublicKeyRetrieval=true&verifyServerCertificate=false&useSSL=false
2020-03-08 19:44:35,510 INFO [restartedMain] o.l.l.core.util.SystemInfoPrinter [SystemInfoPrinter.java : 67] 
2020-03-08 19:44:35,510 INFO [restartedMain] o.l.l.core.util.SystemInfoPrinter [SystemInfoPrinter.java : 68]     [[  模块状态  ]]
2020-03-08 19:44:35,511 INFO [restartedMain] o.l.l.core.util.SystemInfoPrinter [SystemInfoPrinter.java : 69] 
2020-03-08 19:44:35,511 INFO [restartedMain] o.l.l.core.util.SystemInfoPrinter [SystemInfoPrinter.java : 71]     邮件        ->        false
2020-03-08 19:44:35,512 INFO [restartedMain] o.l.l.core.util.SystemInfoPrinter [SystemInfoPrinter.java : 71]     短信        ->        false
2020-03-08 19:44:35,513 INFO [restartedMain] o.l.l.core.util.SystemInfoPrinter [SystemInfoPrinter.java : 71]     快递信息        ->        false
2020-03-08 19:44:35,513 INFO [restartedMain] o.l.l.core.util.SystemInfoPrinter [SystemInfoPrinter.java : 71]     快递鸟ID        ->        XXXXXXXXX
2020-03-08 19:44:35,514 INFO [restartedMain] o.l.l.core.util.SystemInfoPrinter [SystemInfoPrinter.java : 71]     对象存储        ->        local
2020-03-08 19:44:35,515 INFO [restartedMain] o.l.l.core.util.SystemInfoPrinter [SystemInfoPrinter.java : 71]     本地对象存储路径        ->        storage
2020-03-08 19:44:35,515 INFO [restartedMain] o.l.l.core.util.SystemInfoPrinter [SystemInfoPrinter.java : 71]     本地对象访问地址        ->        http://localhost:8080/wx/storage/fetch/
2020-03-08 19:44:35,516 INFO [restartedMain] o.l.l.core.util.SystemInfoPrinter [SystemInfoPrinter.java : 67] 
2020-03-08 19:44:35,516 INFO [restartedMain] o.l.l.core.util.SystemInfoPrinter [SystemInfoPrinter.java : 68]     [[  微信相关  ]]
2020-03-08 19:44:35,517 INFO [restartedMain] o.l.l.core.util.SystemInfoPrinter [SystemInfoPrinter.java : 69] 
2020-03-08 19:44:35,517 INFO [restartedMain] o.l.l.core.util.SystemInfoPrinter [SystemInfoPrinter.java : 71]     微信APP KEY        ->        wxd00e2c332ba2c699
2020-03-08 19:44:35,518 INFO [restartedMain] o.l.l.core.util.SystemInfoPrinter [SystemInfoPrinter.java : 71]     微信APP-SECRET        ->        d3bbf624a482426639573cb942ac813c
2020-03-08 19:44:35,518 INFO [restartedMain] o.l.l.core.util.SystemInfoPrinter [SystemInfoPrinter.java : 71]     微信支付MCH-ID        ->        1573872631
2020-03-08 19:44:35,519 INFO [restartedMain] o.l.l.core.util.SystemInfoPrinter [SystemInfoPrinter.java : 71]     微信支付MCH-KEY        ->        Cy19790903cyd20121119Cjy19790903
2020-03-08 19:44:35,520 INFO [restartedMain] o.l.l.core.util.SystemInfoPrinter [SystemInfoPrinter.java : 71]     微信支付通知地址        ->        http://www.example.com/wx/order/pay-notify
2020-03-08 19:44:35,520 INFO [restartedMain] o.l.l.core.util.SystemInfoPrinter [SystemInfoPrinter.java : 67] 
2020-03-08 19:44:35,521 INFO [restartedMain] o.l.l.core.util.SystemInfoPrinter [SystemInfoPrinter.java : 68]     [[  系统设置  ]]
2020-03-08 19:44:35,521 INFO [restartedMain] o.l.l.core.util.SystemInfoPrinter [SystemInfoPrinter.java : 69] 
2020-03-08 19:44:35,522 INFO [restartedMain] o.l.l.core.util.SystemInfoPrinter [SystemInfoPrinter.java : 71]     自动创建朋友圈分享图        ->        false
2020-03-08 19:44:35,522 INFO [restartedMain] o.l.l.core.util.SystemInfoPrinter [SystemInfoPrinter.java : 71]     商场名称        ->        litemall
2020-03-08 19:44:35,523 INFO [restartedMain] o.l.l.core.util.SystemInfoPrinter [SystemInfoPrinter.java : 71]     首页显示记录数：NEW,HOT,BRAND,TOPIC,CatlogList,CatlogMore        ->        6,6,4,4,4,4
2020-03-08 19:44:35,524 INFO [restartedMain] o.l.l.core.util.SystemInfoPrinter [SystemInfoPrinter.java : 49]   
2020-03-08 19:44:35,524 INFO [restartedMain] o.l.l.core.util.SystemInfoPrinter [SystemInfoPrinter.java : 50] =============================================================================================================================================================================================================
2020-03-08 19:44:40,925 INFO [scheduling-1] o.l.litemall.admin.job.CouponJob [CouponJob.java : 36] 系统开启任务检查优惠券是否已经过期
2020-03-08 19:44:40,958 DEBUG [scheduling-1] o.l.l.d.d.L.selectByExample [BaseJdbcLogger.java : 159] ==>  Preparing: select id, `name`, `desc`, tag, total, discount, `min`, `limit`, `type`, `status`, goods_type, goods_value, code, time_type, `days`, start_time, end_time, add_time, update_time, deleted from litemall_coupon WHERE ( `status` = ? and time_type = ? and end_time < ? and deleted = ? ) 
2020-03-08 19:44:40,967 DEBUG [scheduling-1] o.l.l.d.d.L.selectByExample [BaseJdbcLogger.java : 159] ==> Parameters: 0(Short), 1(Short), 2020-03-08 19:44:40.9347355(Timestamp), false(Boolean)
2020-03-08 19:44:40,995 DEBUG [scheduling-1] o.l.l.d.d.L.selectByExample [BaseJdbcLogger.java : 159] <==      Total: 0
2020-03-08 19:44:41,017 DEBUG [scheduling-1] o.l.l.d.d.L.selectByExample [BaseJdbcLogger.java : 159] ==>  Preparing: select id, user_id, coupon_id, `status`, used_time, start_time, end_time, order_id, add_time, update_time, deleted from litemall_coupon_user WHERE ( `status` = ? and end_time < ? and deleted = ? ) 
2020-03-08 19:44:41,022 DEBUG [scheduling-1] o.l.l.d.d.L.selectByExample [BaseJdbcLogger.java : 159] ==> Parameters: 0(Short), 2020-03-08 19:44:41.0074822(Timestamp), false(Boolean)
2020-03-08 19:44:41,050 DEBUG [scheduling-1] o.l.l.d.d.L.selectByExample [BaseJdbcLogger.java : 159] <==      Total: 1
2020-03-08 19:44:41,058 DEBUG [scheduling-1] o.l.l.d.d.L.updateByPrimaryKeySelective [BaseJdbcLogger.java : 159] ==>  Preparing: update litemall_coupon_user SET user_id = ?, coupon_id = ?, `status` = ?, start_time = ?, end_time = ?, add_time = ?, update_time = ?, deleted = ? where id = ? 
2020-03-08 19:44:41,077 DEBUG [scheduling-1] o.l.l.d.d.L.updateByPrimaryKeySelective [BaseJdbcLogger.java : 159] ==> Parameters: 21(Integer), 3(Integer), 2(Short), 2020-02-21 12:41:40.0(Timestamp), 2020-03-02 12:41:40.0(Timestamp), 2020-02-21 12:41:40.0(Timestamp), 2020-03-08 19:44:41.0533568(Timestamp), false(Boolean), 7(Integer)
2020-03-08 19:44:41,128 DEBUG [scheduling-1] o.l.l.d.d.L.updateByPrimaryKeySelective [BaseJdbcLogger.java : 159] <==    Updates: 1
2020-03-08 19:44:42,518 INFO [restartedMain] org.linlinjava.litemall.Application [StartupInfoLogger.java : 59] Started Application in 24.359 seconds (JVM running for 25.92)
2020-03-08 19:44:42,538 DEBUG [restartedMain] o.l.l.d.d.L.selectByExample [BaseJdbcLogger.java : 159] ==>  Preparing: select id, user_id, order_sn, order_status, consignee, mobile, address, message, goods_price, freight_price, coupon_price, integral_price, groupon_price, order_price, actual_price, pay_id, pay_time, ship_sn, ship_channel, ship_time, refund_amount, refund_type, refund_content, refund_time, confirm_time, comments, end_time, add_time, update_time, deleted from litemall_order WHERE ( order_status = ? and deleted = ? ) 
2020-03-08 19:44:42,540 DEBUG [restartedMain] o.l.l.d.d.L.selectByExample [BaseJdbcLogger.java : 159] ==> Parameters: 101(Short), false(Boolean)
2020-03-08 19:44:42,568 DEBUG [restartedMain] o.l.l.d.d.L.selectByExample [BaseJdbcLogger.java : 159] <==      Total: 0
2020-03-08 19:44:42,577 DEBUG [restartedMain] o.l.l.d.d.L.selectByExample [BaseJdbcLogger.java : 159] ==>  Preparing: select id, goods_id, goods_name, pic_url, discount, discount_member, expire_time, `status`, add_time, update_time, deleted from litemall_groupon_rules WHERE ( `status` = ? and deleted = ? ) 
2020-03-08 19:44:42,578 DEBUG [restartedMain] o.l.l.d.d.L.selectByExample [BaseJdbcLogger.java : 159] ==> Parameters: 0(Short), false(Boolean)
2020-03-08 19:44:42,604 DEBUG [restartedMain] o.l.l.d.d.L.selectByExample [BaseJdbcLogger.java : 159] <==      Total: 1
2020-03-08 19:45:03,289 DEBUG [http-nio-8080-exec-5] o.l.l.d.d.L.selectByExampleSelective_COUNT [BaseJdbcLogger.java : 159] ==>  Preparing: SELECT count(0) FROM litemall_goods WHERE (category_id = ? AND is_on_sale = ? AND deleted = ?) OR (category_id = ? AND is_on_sale = ? AND deleted = ?) 
2020-03-08 19:45:03,289 DEBUG [http-nio-8080-exec-8] o.l.l.d.d.L.selectByExampleSelective_COUNT [BaseJdbcLogger.java : 159] ==>  Preparing: SELECT count(0) FROM litemall_goods WHERE (is_hot = ? AND is_on_sale = ? AND deleted = ?) OR (is_hot = ? AND is_on_sale = ? AND deleted = ?) 
2020-03-08 19:45:03,289 DEBUG [http-nio-8080-exec-9] o.l.l.d.d.L.selectByExampleSelective_COUNT [BaseJdbcLogger.java : 159] ==>  Preparing: SELECT count(0) FROM litemall_goods WHERE (is_new = ? AND is_on_sale = ? AND deleted = ?) OR (is_new = ? AND is_on_sale = ? AND deleted = ?) 
2020-03-08 19:45:03,294 DEBUG [http-nio-8080-exec-5] o.l.l.d.d.L.selectByExampleSelective_COUNT [BaseJdbcLogger.java : 159] ==> Parameters: 1005(Integer), true(Boolean), false(Boolean), 1005(Integer), true(Boolean), false(Boolean)
2020-03-08 19:45:03,295 DEBUG [http-nio-8080-exec-8] o.l.l.d.d.L.selectByExampleSelective_COUNT [BaseJdbcLogger.java : 159] ==> Parameters: true(Boolean), true(Boolean), false(Boolean), true(Boolean), true(Boolean), false(Boolean)
2020-03-08 19:45:03,295 DEBUG [http-nio-8080-exec-9] o.l.l.d.d.L.selectByExampleSelective_COUNT [BaseJdbcLogger.java : 159] ==> Parameters: true(Boolean), true(Boolean), false(Boolean), true(Boolean), true(Boolean), false(Boolean)
2020-03-08 19:45:03,323 DEBUG [http-nio-8080-exec-8] o.l.l.d.d.L.selectByExampleSelective_COUNT [BaseJdbcLogger.java : 159] <==      Total: 1
2020-03-08 19:45:03,323 DEBUG [http-nio-8080-exec-9] o.l.l.d.d.L.selectByExampleSelective_COUNT [BaseJdbcLogger.java : 159] <==      Total: 1
2020-03-08 19:45:03,325 DEBUG [http-nio-8080-exec-8] o.l.l.d.d.L.selectByExampleSelective [BaseJdbcLogger.java : 159] ==>  Preparing: select id , `name` , brief , pic_url , is_hot , is_new , counter_price , retail_price from litemall_goods WHERE ( is_hot = ? and is_on_sale = ? and deleted = ? ) or( is_hot = ? and is_on_sale = ? and deleted = ? ) order by add_time desc LIMIT ? 
2020-03-08 19:45:03,325 DEBUG [http-nio-8080-exec-9] o.l.l.d.d.L.selectByExampleSelective [BaseJdbcLogger.java : 159] ==>  Preparing: select id , `name` , brief , pic_url , is_hot , is_new , counter_price , retail_price from litemall_goods WHERE ( is_new = ? and is_on_sale = ? and deleted = ? ) or( is_new = ? and is_on_sale = ? and deleted = ? ) order by add_time desc LIMIT ? 
2020-03-08 19:45:03,329 DEBUG [http-nio-8080-exec-5] o.l.l.d.d.L.selectByExampleSelective_COUNT [BaseJdbcLogger.java : 159] <==      Total: 1
2020-03-08 19:45:03,332 DEBUG [http-nio-8080-exec-8] o.l.l.d.d.L.selectByExampleSelective [BaseJdbcLogger.java : 159] ==> Parameters: true(Boolean), true(Boolean), false(Boolean), true(Boolean), true(Boolean), false(Boolean), 10(Integer)
2020-03-08 19:45:03,333 DEBUG [http-nio-8080-exec-9] o.l.l.d.d.L.selectByExampleSelective [BaseJdbcLogger.java : 159] ==> Parameters: true(Boolean), true(Boolean), false(Boolean), true(Boolean), true(Boolean), false(Boolean), 10(Integer)
2020-03-08 19:45:03,333 DEBUG [http-nio-8080-exec-5] o.l.l.d.d.L.selectByExampleSelective [BaseJdbcLogger.java : 159] ==>  Preparing: select category_id from litemall_goods WHERE ( is_on_sale = ? and deleted = ? ) or( is_on_sale = ? and deleted = ? ) 
2020-03-08 19:45:03,335 DEBUG [http-nio-8080-exec-5] o.l.l.d.d.L.selectByExampleSelective [BaseJdbcLogger.java : 159] ==> Parameters: true(Boolean), false(Boolean), true(Boolean), false(Boolean)
2020-03-08 19:45:03,387 DEBUG [http-nio-8080-exec-9] o.l.l.d.d.L.selectByExampleSelective [BaseJdbcLogger.java : 159] <==      Total: 10
2020-03-08 19:45:03,388 DEBUG [http-nio-8080-exec-8] o.l.l.d.d.L.selectByExampleSelective [BaseJdbcLogger.java : 159] <==      Total: 10
2020-03-08 19:45:03,390 DEBUG [http-nio-8080-exec-9] o.l.l.d.d.L.selectByExampleSelective [BaseJdbcLogger.java : 159] ==>  Preparing: select category_id from litemall_goods WHERE ( is_new = ? and is_on_sale = ? and deleted = ? ) or( is_new = ? and is_on_sale = ? and deleted = ? ) 
2020-03-08 19:45:03,390 DEBUG [http-nio-8080-exec-8] o.l.l.d.d.L.selectByExampleSelective [BaseJdbcLogger.java : 159] ==>  Preparing: select category_id from litemall_goods WHERE ( is_hot = ? and is_on_sale = ? and deleted = ? ) or( is_hot = ? and is_on_sale = ? and deleted = ? ) 
2020-03-08 19:45:03,392 DEBUG [http-nio-8080-exec-9] o.l.l.d.d.L.selectByExampleSelective [BaseJdbcLogger.java : 159] ==> Parameters: true(Boolean), true(Boolean), false(Boolean), true(Boolean), true(Boolean), false(Boolean)
2020-03-08 19:45:03,393 DEBUG [http-nio-8080-exec-8] o.l.l.d.d.L.selectByExampleSelective [BaseJdbcLogger.java : 159] ==> Parameters: true(Boolean), true(Boolean), false(Boolean), true(Boolean), true(Boolean), false(Boolean)
2020-03-08 19:45:03,396 DEBUG [http-nio-8080-exec-5] o.l.l.d.d.L.selectByExampleSelective [BaseJdbcLogger.java : 159] <==      Total: 112
2020-03-08 19:45:03,420 DEBUG [http-nio-8080-exec-5] o.l.l.d.d.L.selectByExample [BaseJdbcLogger.java : 159] ==>  Preparing: select id, `name`, keywords, `desc`, pid, icon_url, pic_url, `level`, sort_order, add_time, update_time, deleted from litemall_category WHERE ( id in ( ? , ? , ? , ? , ? , ? , ? , ? , ? , ? , ? , ? , ? , ? , ? , ? , ? , ? , ? , ? , ? , ? , ? , ? , ? , ? , ? , ? , ? , ? , ? , ? , ? , ? , ? , ? , ? , ? , ? , ? , ? , ? , ? , ? , ? , ? , ? , ? , ? , ? , ? , ? , ? , ? , ? , ? , ? , ? , ? , ? , ? , ? , ? , ? , ? , ? , ? , ? , ? , ? , ? , ? , ? , ? , ? , ? , ? , ? , ? , ? , ? , ? , ? , ? , ? , ? , ? , ? , ? , ? , ? , ? , ? , ? , ? , ? , ? , ? , ? , ? , ? , ? , ? , ? , ? , ? , ? , ? , ? , ? , ? , ? ) and `level` = ? and deleted = ? ) 
2020-03-08 19:45:03,429 DEBUG [http-nio-8080-exec-8] o.l.l.d.d.L.selectByExampleSelective [BaseJdbcLogger.java : 159] <==      Total: 13
2020-03-08 19:45:03,444 DEBUG [http-nio-8080-exec-5] o.l.l.d.d.L.selectByExample [BaseJdbcLogger.java : 159] ==> Parameters: 1100(Integer), 1100(Integer), 1100(Integer), 1100(Integer), 1100(Integer), 1100(Integer), 1100(Integer), 1100(Integer), 1100(Integer), 1100(Integer), 1100(Integer), 1100(Integer), 1100(Integer), 1100(Integer), 1100(Integer), 1100(Integer), 1100(Integer), 1100(Integer), 1100(Integer), 1100(Integer), 1100(Integer), 1100(Integer), 1100(Integer), 1100(Integer), 1100(Integer), 1100(Integer), 1100(Integer), 1100(Integer), 1100(Integer), 1100(Integer), 1100(Integer), 1100(Integer), 1100(Integer), 1100(Integer), 1100(Integer), 1100(Integer), 1100(Integer), 1100(Integer), 1100(Integer), 1100(Integer), 1100(Integer), 1100(Integer), 1100(Integer), 1100(Integer), 1100(Integer), 1100(Integer), 1100(Integer), 1100(Integer), 1100(Integer), 1100(Integer), 1100(Integer), 1100(Integer), 1100(Integer), 1100(Integer), 1100(Integer), 1100(Integer), 1100(Integer), 1100(Integer), 1100(Integer), 1100(Integer), 1100(Integer), 1100(Integer), 1100(Integer), 1100(Integer), 1100(Integer), 1100(Integer), 1100(Integer), 1100(Integer), 1100(Integer), 1100(Integer), 1100(Integer), 1100(Integer), 1100(Integer), 1100(Integer), 1100(Integer), 1100(Integer), 1100(Integer), 1100(Integer), 1100(Integer), 1100(Integer), 1100(Integer), 1100(Integer), 1100(Integer), 1100(Integer), 1100(Integer), 1100(Integer), 1100(Integer), 1100(Integer), 1100(Integer), 1100(Integer), 1100(Integer), 1100(Integer), 1100(Integer), 1100(Integer), 1100(Integer), 1100(Integer), 1100(Integer), 1100(Integer), 1100(Integer), 1100(Integer), 1100(Integer), 1100(Integer), 1100(Integer), 1100(Integer), 1100(Integer), 1100(Integer), 1100(Integer), 1100(Integer), 1100(Integer), 1100(Integer), 1100(Integer), 1100(Integer), L2(String), false(Boolean)
2020-03-08 19:45:03,446 DEBUG [http-nio-8080-exec-8] o.l.l.d.d.L.selectByExample [BaseJdbcLogger.java : 159] ==>  Preparing: select id, `name`, keywords, `desc`, pid, icon_url, pic_url, `level`, sort_order, add_time, update_time, deleted from litemall_category WHERE ( id in ( ? , ? , ? , ? , ? , ? , ? , ? , ? , ? , ? , ? , ? ) and `level` = ? and deleted = ? ) 
2020-03-08 19:45:03,446 DEBUG [http-nio-8080-exec-9] o.l.l.d.d.L.selectByExampleSelective [BaseJdbcLogger.java : 159] <==      Total: 11
2020-03-08 19:45:03,451 DEBUG [http-nio-8080-exec-8] o.l.l.d.d.L.selectByExample [BaseJdbcLogger.java : 159] ==> Parameters: 1100(Integer), 1100(Integer), 1100(Integer), 1100(Integer), 1100(Integer), 1100(Integer), 1100(Integer), 1100(Integer), 1100(Integer), 1100(Integer), 1100(Integer), 1100(Integer), 1100(Integer), L2(String), false(Boolean)
2020-03-08 19:45:03,451 DEBUG [http-nio-8080-exec-9] o.l.l.d.d.L.selectByExample [BaseJdbcLogger.java : 159] ==>  Preparing: select id, `name`, keywords, `desc`, pid, icon_url, pic_url, `level`, sort_order, add_time, update_time, deleted from litemall_category WHERE ( id in ( ? , ? , ? , ? , ? , ? , ? , ? , ? , ? , ? ) and `level` = ? and deleted = ? ) 
2020-03-08 19:45:03,459 DEBUG [http-nio-8080-exec-9] o.l.l.d.d.L.selectByExample [BaseJdbcLogger.java : 159] ==> Parameters: 1100(Integer), 1100(Integer), 1100(Integer), 1100(Integer), 1100(Integer), 1100(Integer), 1100(Integer), 1100(Integer), 1100(Integer), 1100(Integer), 1100(Integer), L2(String), false(Boolean)
2020-03-08 19:45:03,482 DEBUG [http-nio-8080-exec-8] o.l.l.d.d.L.selectByExample [BaseJdbcLogger.java : 159] <==      Total: 0
2020-03-08 19:45:03,484 DEBUG [http-nio-8080-exec-5] o.l.l.d.d.L.selectByExample [BaseJdbcLogger.java : 159] <==      Total: 0
2020-03-08 19:45:03,490 DEBUG [http-nio-8080-exec-9] o.l.l.d.d.L.selectByExample [BaseJdbcLogger.java : 159] <==      Total: 0
